2026-01-13T05:58:08.715054Z  INFO tailwindcss_oxide::scanner: Provided sources:
2026-01-13T05:58:08.715163Z  INFO tailwindcss_oxide::scanner: Source: PublicSourceEntry { base: "D:\\IT SA Zakky\\Projects\\yuri-invent", pattern: "**/*", negated: false }
2026-01-13T05:58:08.715411Z  INFO tailwindcss_oxide::scanner: Optimized sources:
2026-01-13T05:58:08.715444Z  INFO tailwindcss_oxide::scanner: Source: Auto { base: "D:\\IT SA Zakky\\Projects\\yuri-invent" }
2026-01-13T05:58:08.717967Z  INFO scan_sources: tailwindcss_oxide::scanner: enter
2026-01-13T05:58:08.719536Z  INFO scan_sources: tailwindcss_oxide::scanner: Discovering "D:\\IT SA Zakky\\Projects\\yuri-invent\\app"
2026-01-13T05:58:08.719683Z  INFO scan_sources: tailwindcss_oxide::scanner: Discovering "D:\\IT SA Zakky\\Projects\\yuri-invent\\app\\(dashboard)"
2026-01-13T05:58:08.720058Z  INFO scan_sources: tailwindcss_oxide::scanner: Discovering "D:\\IT SA Zakky\\Projects\\yuri-invent\\app\\(dashboard)\\dashboard"
2026-01-13T05:58:08.720172Z  INFO scan_sources: tailwindcss_oxide::scanner: Discovering "D:\\IT SA Zakky\\Projects\\yuri-invent\\app\\(dashboard)\\dashboard\\page.tsx"
2026-01-13T05:58:08.720241Z  INFO scan_sources: tailwindcss_oxide::scanner: Discovering "D:\\IT SA Zakky\\Projects\\yuri-invent\\app\\(dashboard)\\layout.tsx"
2026-01-13T05:58:08.720330Z  INFO scan_sources: tailwindcss_oxide::scanner: Discovering "D:\\IT SA Zakky\\Projects\\yuri-invent\\app\\generated"
2026-01-13T05:58:08.720509Z  INFO scan_sources: tailwindcss_oxide::scanner: Discovering "D:\\IT SA Zakky\\Projects\\yuri-invent\\app\\globals.css"
2026-01-13T05:58:08.720555Z  INFO scan_sources: tailwindcss_oxide::scanner: Discovering "D:\\IT SA Zakky\\Projects\\yuri-invent\\app\\layout.tsx"
2026-01-13T05:58:08.720597Z  INFO scan_sources: tailwindcss_oxide::scanner: Discovering "D:\\IT SA Zakky\\Projects\\yuri-invent\\app\\page.tsx"
2026-01-13T05:58:08.720676Z  INFO scan_sources: tailwindcss_oxide::scanner: Discovering "D:\\IT SA Zakky\\Projects\\yuri-invent\\components"
2026-01-13T05:58:08.720773Z  INFO scan_sources: tailwindcss_oxide::scanner: Discovering "D:\\IT SA Zakky\\Projects\\yuri-invent\\components\\layout"
2026-01-13T05:58:08.720855Z  INFO scan_sources: tailwindcss_oxide::scanner: Discovering "D:\\IT SA Zakky\\Projects\\yuri-invent\\components\\layout\\Sidebar.tsx"
2026-01-13T05:58:08.720932Z  INFO scan_sources: tailwindcss_oxide::scanner: Discovering "D:\\IT SA Zakky\\Projects\\yuri-invent\\eslint.config.mjs"
2026-01-13T05:58:08.721004Z  INFO scan_sources: tailwindcss_oxide::scanner: Discovering "D:\\IT SA Zakky\\Projects\\yuri-invent\\i18n"
2026-01-13T05:58:08.721086Z  INFO scan_sources: tailwindcss_oxide::scanner: Discovering "D:\\IT SA Zakky\\Projects\\yuri-invent\\i18n\\request.ts"
2026-01-13T05:58:08.721203Z  INFO scan_sources: tailwindcss_oxide::scanner: Discovering "D:\\IT SA Zakky\\Projects\\yuri-invent\\lib"
2026-01-13T05:58:08.721310Z  INFO scan_sources: tailwindcss_oxide::scanner: Discovering "D:\\IT SA Zakky\\Projects\\yuri-invent\\lib\\format.ts"
2026-01-13T05:58:08.721366Z  INFO scan_sources: tailwindcss_oxide::scanner: Discovering "D:\\IT SA Zakky\\Projects\\yuri-invent\\lib\\prisma.ts"
2026-01-13T05:58:08.721422Z  INFO scan_sources: tailwindcss_oxide::scanner: Discovering "D:\\IT SA Zakky\\Projects\\yuri-invent\\lib\\utils.ts"
2026-01-13T05:58:08.721530Z  INFO scan_sources: tailwindcss_oxide::scanner: Discovering "D:\\IT SA Zakky\\Projects\\yuri-invent\\messages"
2026-01-13T05:58:08.721653Z  INFO scan_sources: tailwindcss_oxide::scanner: Discovering "D:\\IT SA Zakky\\Projects\\yuri-invent\\messages\\en.json"
2026-01-13T05:58:08.721711Z  INFO scan_sources: tailwindcss_oxide::scanner: Discovering "D:\\IT SA Zakky\\Projects\\yuri-invent\\messages\\id.json"
2026-01-13T05:58:08.721777Z  INFO scan_sources: tailwindcss_oxide::scanner: Discovering "D:\\IT SA Zakky\\Projects\\yuri-invent\\next.config.ts"
2026-01-13T05:58:08.721932Z  INFO scan_sources: tailwindcss_oxide::scanner: Discovering "D:\\IT SA Zakky\\Projects\\yuri-invent\\package.json"
2026-01-13T05:58:08.721984Z  INFO scan_sources: tailwindcss_oxide::scanner: Discovering "D:\\IT SA Zakky\\Projects\\yuri-invent\\postcss.config.mjs"
2026-01-13T05:58:08.722084Z  INFO scan_sources: tailwindcss_oxide::scanner: Discovering "D:\\IT SA Zakky\\Projects\\yuri-invent\\prisma"
2026-01-13T05:58:08.722173Z  INFO scan_sources: tailwindcss_oxide::scanner: Discovering "D:\\IT SA Zakky\\Projects\\yuri-invent\\prisma\\schema.prisma"
2026-01-13T05:58:08.722232Z  INFO scan_sources: tailwindcss_oxide::scanner: Discovering "D:\\IT SA Zakky\\Projects\\yuri-invent\\prisma.config.ts"
2026-01-13T05:58:08.722295Z  INFO scan_sources: tailwindcss_oxide::scanner: Discovering "D:\\IT SA Zakky\\Projects\\yuri-invent\\public"
2026-01-13T05:58:08.722374Z  INFO scan_sources: tailwindcss_oxide::scanner: Discovering "D:\\IT SA Zakky\\Projects\\yuri-invent\\public\\file.svg"
2026-01-13T05:58:08.722416Z  INFO scan_sources: tailwindcss_oxide::scanner: Discovering "D:\\IT SA Zakky\\Projects\\yuri-invent\\public\\globe.svg"
2026-01-13T05:58:08.722463Z  INFO scan_sources: tailwindcss_oxide::scanner: Discovering "D:\\IT SA Zakky\\Projects\\yuri-invent\\public\\next.svg"
2026-01-13T05:58:08.722506Z  INFO scan_sources: tailwindcss_oxide::scanner: Discovering "D:\\IT SA Zakky\\Projects\\yuri-invent\\public\\vercel.svg"
2026-01-13T05:58:08.722548Z  INFO scan_sources: tailwindcss_oxide::scanner: Discovering "D:\\IT SA Zakky\\Projects\\yuri-invent\\public\\window.svg"
2026-01-13T05:58:08.722605Z  INFO scan_sources: tailwindcss_oxide::scanner: Discovering "D:\\IT SA Zakky\\Projects\\yuri-invent\\README.md"
2026-01-13T05:58:08.722663Z  INFO scan_sources: tailwindcss_oxide::scanner: Discovering "D:\\IT SA Zakky\\Projects\\yuri-invent\\tsconfig.json"
2026-01-13T05:58:08.722747Z  INFO scan_sources: tailwindcss_oxide::scanner: exit
2026-01-13T05:58:08.722756Z  INFO extract_candidates: tailwindcss_oxide::scanner: enter
2026-01-13T05:58:08.722763Z  INFO extract_candidates:read_all_files: tailwindcss_oxide::scanner: enter
2026-01-13T05:58:08.722769Z  INFO extract_candidates:read_all_files: tailwindcss_oxide::scanner: Reading 24 file(s)
2026-01-13T05:58:08.723306Z  INFO tailwindcss_oxide::scanner: Reading "D:\\IT SA Zakky\\Projects\\yuri-invent\\next.config.ts"
2026-01-13T05:58:08.723337Z  INFO tailwindcss_oxide::scanner: Reading "D:\\IT SA Zakky\\Projects\\yuri-invent\\app\\(dashboard)\\dashboard\\page.tsx"
2026-01-13T05:58:08.723388Z  INFO tailwindcss_oxide::scanner: Reading "D:\\IT SA Zakky\\Projects\\yuri-invent\\i18n\\request.ts"
2026-01-13T05:58:08.723417Z  INFO tailwindcss_oxide::scanner: Reading "D:\\IT SA Zakky\\Projects\\yuri-invent\\package.json"
2026-01-13T05:58:08.723448Z  INFO tailwindcss_oxide::scanner: Reading "D:\\IT SA Zakky\\Projects\\yuri-invent\\public\\globe.svg"
2026-01-13T05:58:08.723454Z  INFO tailwindcss_oxide::scanner: Reading "D:\\IT SA Zakky\\Projects\\yuri-invent\\lib\\utils.ts"
2026-01-13T05:58:08.723493Z  INFO tailwindcss_oxide::scanner: Reading "D:\\IT SA Zakky\\Projects\\yuri-invent\\postcss.config.mjs"
2026-01-13T05:58:08.723543Z  INFO tailwindcss_oxide::scanner: Reading "D:\\IT SA Zakky\\Projects\\yuri-invent\\messages\\en.json"
2026-01-13T05:58:08.723548Z  INFO tailwindcss_oxide::scanner: Reading "D:\\IT SA Zakky\\Projects\\yuri-invent\\lib\\format.ts"
2026-01-13T05:58:08.723566Z  INFO tailwindcss_oxide::scanner: Reading "D:\\IT SA Zakky\\Projects\\yuri-invent\\prisma\\schema.prisma"
2026-01-13T05:58:08.723578Z  INFO tailwindcss_oxide::scanner: Reading "D:\\IT SA Zakky\\Projects\\yuri-invent\\public\\next.svg"
2026-01-13T05:58:08.723591Z  INFO tailwindcss_oxide::scanner: Reading "D:\\IT SA Zakky\\Projects\\yuri-invent\\lib\\prisma.ts"
2026-01-13T05:58:08.723614Z  INFO tailwindcss_oxide::scanner: Reading "D:\\IT SA Zakky\\Projects\\yuri-invent\\app\\page.tsx"
2026-01-13T05:58:08.723620Z  INFO tailwindcss_oxide::scanner: Reading "D:\\IT SA Zakky\\Projects\\yuri-invent\\messages\\id.json"
2026-01-13T05:58:08.723660Z  INFO tailwindcss_oxide::scanner: Reading "D:\\IT SA Zakky\\Projects\\yuri-invent\\prisma.config.ts"
2026-01-13T05:58:08.723662Z  INFO tailwindcss_oxide::scanner: Reading "D:\\IT SA Zakky\\Projects\\yuri-invent\\public\\vercel.svg"
2026-01-13T05:58:08.723673Z  INFO tailwindcss_oxide::scanner: Reading "D:\\IT SA Zakky\\Projects\\yuri-invent\\app\\layout.tsx"
2026-01-13T05:58:08.723676Z  INFO tailwindcss_oxide::scanner: Reading "D:\\IT SA Zakky\\Projects\\yuri-invent\\components\\layout\\Sidebar.tsx"
2026-01-13T05:58:08.723741Z  INFO tailwindcss_oxide::scanner: Reading "D:\\IT SA Zakky\\Projects\\yuri-invent\\public\\window.svg"
2026-01-13T05:58:08.723708Z  INFO tailwindcss_oxide::scanner: Reading "D:\\IT SA Zakky\\Projects\\yuri-invent\\public\\file.svg"
2026-01-13T05:58:08.723780Z  INFO tailwindcss_oxide::scanner: Reading "D:\\IT SA Zakky\\Projects\\yuri-invent\\app\\(dashboard)\\layout.tsx"
2026-01-13T05:58:08.723787Z  INFO tailwindcss_oxide::scanner: Reading "D:\\IT SA Zakky\\Projects\\yuri-invent\\README.md"
2026-01-13T05:58:08.723791Z  INFO tailwindcss_oxide::scanner: Reading "D:\\IT SA Zakky\\Projects\\yuri-invent\\eslint.config.mjs"
2026-01-13T05:58:08.723806Z  INFO tailwindcss_oxide::scanner: Reading "D:\\IT SA Zakky\\Projects\\yuri-invent\\tsconfig.json"
2026-01-13T05:58:08.723918Z  INFO extract_candidates:read_all_files: tailwindcss_oxide::scanner: exit
2026-01-13T05:58:08.723933Z  INFO extract_candidates:parse_all_blobs: tailwindcss_oxide::scanner: enter
2026-01-13T05:58:08.723940Z  INFO extract_candidates:parse_all_blobs:extract: tailwindcss_oxide::scanner: enter
2026-01-13T05:58:08.724901Z  INFO extract_candidates:parse_all_blobs:extract: tailwindcss_oxide::scanner: exit
2026-01-13T05:58:08.724926Z  INFO extract_candidates:parse_all_blobs: tailwindcss_oxide::scanner: exit
2026-01-13T05:58:08.724935Z  INFO extract_candidates:read_all_files: tailwindcss_oxide::scanner: enter
2026-01-13T05:58:08.724940Z  INFO extract_candidates:read_all_files: tailwindcss_oxide::scanner: Reading 1 file(s)
2026-01-13T05:58:08.725042Z  INFO extract_candidates:read_all_files: tailwindcss_oxide::scanner: Reading "D:\\IT SA Zakky\\Projects\\yuri-invent\\app\\globals.css"
2026-01-13T05:58:08.725054Z  INFO extract_candidates:read_all_files: tailwindcss_oxide::scanner: exit
2026-01-13T05:58:08.725063Z  INFO extract_candidates:extract_css_variables: tailwindcss_oxide::scanner: enter
2026-01-13T05:58:08.725068Z  INFO extract_candidates:extract_css_variables:extract: tailwindcss_oxide::scanner: enter
2026-01-13T05:58:08.725191Z  INFO extract_candidates:extract_css_variables:extract: tailwindcss_oxide::scanner: exit
2026-01-13T05:58:08.725199Z  INFO extract_candidates:extract_css_variables: tailwindcss_oxide::scanner: exit
2026-01-13T05:58:08.725695Z  INFO extract_candidates: tailwindcss_oxide::scanner: exit
2026-01-13T05:58:08.726146Z  INFO get_files: tailwindcss_oxide::scanner: enter
2026-01-13T05:58:08.726155Z  INFO get_files:scan_sources: tailwindcss_oxide::scanner: enter
2026-01-13T05:58:08.727060Z  INFO get_files:scan_sources: tailwindcss_oxide::scanner: Discovering "D:\\IT SA Zakky\\Projects\\yuri-invent\\app"
2026-01-13T05:58:08.727176Z  INFO get_files:scan_sources: tailwindcss_oxide::scanner: Discovering "D:\\IT SA Zakky\\Projects\\yuri-invent\\app\\(dashboard)"
2026-01-13T05:58:08.727306Z  INFO get_files:scan_sources: tailwindcss_oxide::scanner: Discovering "D:\\IT SA Zakky\\Projects\\yuri-invent\\app\\(dashboard)\\dashboard"
2026-01-13T05:58:08.727520Z  INFO get_files:scan_sources: tailwindcss_oxide::scanner: Discovering "D:\\IT SA Zakky\\Projects\\yuri-invent\\app\\generated"
2026-01-13T05:58:08.727802Z  INFO get_files:scan_sources: tailwindcss_oxide::scanner: Discovering "D:\\IT SA Zakky\\Projects\\yuri-invent\\components"
2026-01-13T05:58:08.727900Z  INFO get_files:scan_sources: tailwindcss_oxide::scanner: Discovering "D:\\IT SA Zakky\\Projects\\yuri-invent\\components\\layout"
2026-01-13T05:58:08.728072Z  INFO get_files:scan_sources: tailwindcss_oxide::scanner: Discovering "D:\\IT SA Zakky\\Projects\\yuri-invent\\i18n"
2026-01-13T05:58:08.728212Z  INFO get_files:scan_sources: tailwindcss_oxide::scanner: Discovering "D:\\IT SA Zakky\\Projects\\yuri-invent\\lib"
2026-01-13T05:58:08.728390Z  INFO get_files:scan_sources: tailwindcss_oxide::scanner: Discovering "D:\\IT SA Zakky\\Projects\\yuri-invent\\messages"
2026-01-13T05:58:08.728735Z  INFO get_files:scan_sources: tailwindcss_oxide::scanner: Discovering "D:\\IT SA Zakky\\Projects\\yuri-invent\\prisma"
2026-01-13T05:58:08.728896Z  INFO get_files:scan_sources: tailwindcss_oxide::scanner: Discovering "D:\\IT SA Zakky\\Projects\\yuri-invent\\public"
2026-01-13T05:58:08.729408Z  INFO get_files:scan_sources: tailwindcss_oxide::scanner: exit
2026-01-13T05:58:08.729551Z  INFO get_files: tailwindcss_oxide::scanner: exit
2026-01-13T05:58:08.729841Z  INFO get_globs: tailwindcss_oxide::scanner: enter
2026-01-13T05:58:08.729852Z  INFO get_globs:scan_sources: tailwindcss_oxide::scanner: enter
2026-01-13T05:58:08.731472Z  INFO get_globs:scan_sources: tailwindcss_oxide::scanner: Discovering "D:\\IT SA Zakky\\Projects\\yuri-invent\\app"
2026-01-13T05:58:08.731644Z  INFO get_globs:scan_sources: tailwindcss_oxide::scanner: Discovering "D:\\IT SA Zakky\\Projects\\yuri-invent\\app\\(dashboard)"
2026-01-13T05:58:08.731821Z  INFO get_globs:scan_sources: tailwindcss_oxide::scanner: Discovering "D:\\IT SA Zakky\\Projects\\yuri-invent\\app\\(dashboard)\\dashboard"
2026-01-13T05:58:08.732116Z  INFO get_globs:scan_sources: tailwindcss_oxide::scanner: Discovering "D:\\IT SA Zakky\\Projects\\yuri-invent\\app\\generated"
2026-01-13T05:58:08.732546Z  INFO get_globs:scan_sources: tailwindcss_oxide::scanner: Discovering "D:\\IT SA Zakky\\Projects\\yuri-invent\\components"
2026-01-13T05:58:08.732705Z  INFO get_globs:scan_sources: tailwindcss_oxide::scanner: Discovering "D:\\IT SA Zakky\\Projects\\yuri-invent\\components\\layout"
2026-01-13T05:58:08.733344Z  INFO get_globs:scan_sources: tailwindcss_oxide::scanner: Discovering "D:\\IT SA Zakky\\Projects\\yuri-invent\\i18n"
2026-01-13T05:58:08.733565Z  INFO get_globs:scan_sources: tailwindcss_oxide::scanner: Discovering "D:\\IT SA Zakky\\Projects\\yuri-invent\\lib"
2026-01-13T05:58:08.733847Z  INFO get_globs:scan_sources: tailwindcss_oxide::scanner: Discovering "D:\\IT SA Zakky\\Projects\\yuri-invent\\messages"
2026-01-13T05:58:08.734337Z  INFO get_globs:scan_sources: tailwindcss_oxide::scanner: Discovering "D:\\IT SA Zakky\\Projects\\yuri-invent\\prisma"
2026-01-13T05:58:08.734508Z  INFO get_globs:scan_sources: tailwindcss_oxide::scanner: Discovering "D:\\IT SA Zakky\\Projects\\yuri-invent\\public"
2026-01-13T05:58:08.734826Z  INFO get_globs:scan_sources: tailwindcss_oxide::scanner: exit
2026-01-13T05:58:08.740325Z  INFO get_globs: tailwindcss_oxide::scanner: exit
2026-01-13T05:58:48.676588Z  INFO scan_sources: tailwindcss_oxide::scanner: enter
2026-01-13T05:58:48.678261Z  INFO scan_sources: tailwindcss_oxide::scanner: Discovering "D:\\IT SA Zakky\\Projects\\yuri-invent\\app"
2026-01-13T05:58:48.678460Z  INFO scan_sources: tailwindcss_oxide::scanner: Discovering "D:\\IT SA Zakky\\Projects\\yuri-invent\\app\\(dashboard)"
2026-01-13T05:58:48.678666Z  INFO scan_sources: tailwindcss_oxide::scanner: Discovering "D:\\IT SA Zakky\\Projects\\yuri-invent\\app\\(dashboard)\\dashboard"
2026-01-13T05:58:48.679042Z  INFO scan_sources: tailwindcss_oxide::scanner: Discovering "D:\\IT SA Zakky\\Projects\\yuri-invent\\app\\generated"
2026-01-13T05:58:48.679411Z  INFO scan_sources: tailwindcss_oxide::scanner: Discovering "D:\\IT SA Zakky\\Projects\\yuri-invent\\components"
2026-01-13T05:58:48.679609Z  INFO scan_sources: tailwindcss_oxide::scanner: Discovering "D:\\IT SA Zakky\\Projects\\yuri-invent\\components\\layout"
2026-01-13T05:58:48.679920Z  INFO scan_sources: tailwindcss_oxide::scanner: Discovering "D:\\IT SA Zakky\\Projects\\yuri-invent\\i18n"
2026-01-13T05:58:48.680162Z  INFO scan_sources: tailwindcss_oxide::scanner: Discovering "D:\\IT SA Zakky\\Projects\\yuri-invent\\lib"
2026-01-13T05:58:48.680545Z  INFO scan_sources: tailwindcss_oxide::scanner: Discovering "D:\\IT SA Zakky\\Projects\\yuri-invent\\messages"
2026-01-13T05:58:48.681088Z  INFO scan_sources: tailwindcss_oxide::scanner: Discovering "D:\\IT SA Zakky\\Projects\\yuri-invent\\prisma"
2026-01-13T05:58:48.681440Z  INFO scan_sources: tailwindcss_oxide::scanner: Discovering "D:\\IT SA Zakky\\Projects\\yuri-invent\\public"
2026-01-13T05:58:48.682008Z  INFO scan_sources: tailwindcss_oxide::scanner: exit
2026-01-13T05:58:48.682040Z  INFO extract_candidates: tailwindcss_oxide::scanner: enter
2026-01-13T05:58:48.682049Z  INFO extract_candidates:read_all_files: tailwindcss_oxide::scanner: enter
2026-01-13T05:58:48.682054Z  INFO extract_candidates:read_all_files: tailwindcss_oxide::scanner: Reading 0 file(s)
2026-01-13T05:58:48.682061Z  INFO extract_candidates:read_all_files: tailwindcss_oxide::scanner: exit
2026-01-13T05:58:48.682067Z  INFO extract_candidates:parse_all_blobs: tailwindcss_oxide::scanner: enter
2026-01-13T05:58:48.682073Z  INFO extract_candidates:parse_all_blobs:extract: tailwindcss_oxide::scanner: enter
2026-01-13T05:58:48.682080Z  INFO extract_candidates:parse_all_blobs:extract: tailwindcss_oxide::scanner: exit
2026-01-13T05:58:48.682086Z  INFO extract_candidates:parse_all_blobs: tailwindcss_oxide::scanner: exit
2026-01-13T05:58:48.682093Z  INFO extract_candidates: tailwindcss_oxide::scanner: exit
2026-01-13T05:58:48.682580Z  INFO get_files: tailwindcss_oxide::scanner: enter
2026-01-13T05:58:48.682604Z  INFO get_files:scan_sources: tailwindcss_oxide::scanner: enter
2026-01-13T05:58:48.684111Z  INFO get_files:scan_sources: tailwindcss_oxide::scanner: Discovering "D:\\IT SA Zakky\\Projects\\yuri-invent\\app"
2026-01-13T05:58:48.684335Z  INFO get_files:scan_sources: tailwindcss_oxide::scanner: Discovering "D:\\IT SA Zakky\\Projects\\yuri-invent\\app\\(dashboard)"
2026-01-13T05:58:48.684516Z  INFO get_files:scan_sources: tailwindcss_oxide::scanner: Discovering "D:\\IT SA Zakky\\Projects\\yuri-invent\\app\\(dashboard)\\dashboard"
2026-01-13T05:58:48.684835Z  INFO get_files:scan_sources: tailwindcss_oxide::scanner: Discovering "D:\\IT SA Zakky\\Projects\\yuri-invent\\app\\generated"
2026-01-13T05:58:48.685174Z  INFO get_files:scan_sources: tailwindcss_oxide::scanner: Discovering "D:\\IT SA Zakky\\Projects\\yuri-invent\\components"
2026-01-13T05:58:48.685362Z  INFO get_files:scan_sources: tailwindcss_oxide::scanner: Discovering "D:\\IT SA Zakky\\Projects\\yuri-invent\\components\\layout"
2026-01-13T05:58:48.685697Z  INFO get_files:scan_sources: tailwindcss_oxide::scanner: Discovering "D:\\IT SA Zakky\\Projects\\yuri-invent\\i18n"
2026-01-13T05:58:48.685946Z  INFO get_files:scan_sources: tailwindcss_oxide::scanner: Discovering "D:\\IT SA Zakky\\Projects\\yuri-invent\\lib"
2026-01-13T05:58:48.686290Z  INFO get_files:scan_sources: tailwindcss_oxide::scanner: Discovering "D:\\IT SA Zakky\\Projects\\yuri-invent\\messages"
2026-01-13T05:58:48.686891Z  INFO get_files:scan_sources: tailwindcss_oxide::scanner: Discovering "D:\\IT SA Zakky\\Projects\\yuri-invent\\prisma"
2026-01-13T05:58:48.687195Z  INFO get_files:scan_sources: tailwindcss_oxide::scanner: Discovering "D:\\IT SA Zakky\\Projects\\yuri-invent\\public"
2026-01-13T05:58:48.687701Z  INFO get_files:scan_sources: tailwindcss_oxide::scanner: exit
2026-01-13T05:58:48.687844Z  INFO get_files: tailwindcss_oxide::scanner: exit
2026-01-13T05:58:48.688099Z  INFO get_globs: tailwindcss_oxide::scanner: enter
2026-01-13T05:58:48.688118Z  INFO get_globs: tailwindcss_oxide::scanner: exit
2026-01-13T05:58:51.251929Z  INFO scan_sources: tailwindcss_oxide::scanner: enter
2026-01-13T05:58:51.253435Z  INFO scan_sources: tailwindcss_oxide::scanner: Discovering "D:\\IT SA Zakky\\Projects\\yuri-invent\\app"
2026-01-13T05:58:51.253642Z  INFO scan_sources: tailwindcss_oxide::scanner: Discovering "D:\\IT SA Zakky\\Projects\\yuri-invent\\app\\(dashboard)"
2026-01-13T05:58:51.253837Z  INFO scan_sources: tailwindcss_oxide::scanner: Discovering "D:\\IT SA Zakky\\Projects\\yuri-invent\\app\\(dashboard)\\dashboard"
2026-01-13T05:58:51.254208Z  INFO scan_sources: tailwindcss_oxide::scanner: Discovering "D:\\IT SA Zakky\\Projects\\yuri-invent\\app\\generated"
2026-01-13T05:58:51.254730Z  INFO scan_sources: tailwindcss_oxide::scanner: Discovering "D:\\IT SA Zakky\\Projects\\yuri-invent\\components"
2026-01-13T05:58:51.254928Z  INFO scan_sources: tailwindcss_oxide::scanner: Discovering "D:\\IT SA Zakky\\Projects\\yuri-invent\\components\\layout"
2026-01-13T05:58:51.255261Z  INFO scan_sources: tailwindcss_oxide::scanner: Discovering "D:\\IT SA Zakky\\Projects\\yuri-invent\\i18n"
2026-01-13T05:58:51.255523Z  INFO scan_sources: tailwindcss_oxide::scanner: Discovering "D:\\IT SA Zakky\\Projects\\yuri-invent\\lib"
2026-01-13T05:58:51.255835Z  INFO scan_sources: tailwindcss_oxide::scanner: Discovering "D:\\IT SA Zakky\\Projects\\yuri-invent\\messages"
2026-01-13T05:58:51.256385Z  INFO scan_sources: tailwindcss_oxide::scanner: Discovering "D:\\IT SA Zakky\\Projects\\yuri-invent\\prisma"
2026-01-13T05:58:51.256670Z  INFO scan_sources: tailwindcss_oxide::scanner: Discovering "D:\\IT SA Zakky\\Projects\\yuri-invent\\public"
2026-01-13T05:58:51.257138Z  INFO scan_sources: tailwindcss_oxide::scanner: exit
2026-01-13T05:58:51.257153Z  INFO extract_candidates: tailwindcss_oxide::scanner: enter
2026-01-13T05:58:51.257160Z  INFO extract_candidates:read_all_files: tailwindcss_oxide::scanner: enter
2026-01-13T05:58:51.257164Z  INFO extract_candidates:read_all_files: tailwindcss_oxide::scanner: Reading 0 file(s)
2026-01-13T05:58:51.257170Z  INFO extract_candidates:read_all_files: tailwindcss_oxide::scanner: exit
2026-01-13T05:58:51.257176Z  INFO extract_candidates:parse_all_blobs: tailwindcss_oxide::scanner: enter
2026-01-13T05:58:51.257181Z  INFO extract_candidates:parse_all_blobs:extract: tailwindcss_oxide::scanner: enter
2026-01-13T05:58:51.257187Z  INFO extract_candidates:parse_all_blobs:extract: tailwindcss_oxide::scanner: exit
2026-01-13T05:58:51.257192Z  INFO extract_candidates:parse_all_blobs: tailwindcss_oxide::scanner: exit
2026-01-13T05:58:51.257198Z  INFO extract_candidates: tailwindcss_oxide::scanner: exit
2026-01-13T05:58:51.257643Z  INFO get_files: tailwindcss_oxide::scanner: enter
2026-01-13T05:58:51.257658Z  INFO get_files:scan_sources: tailwindcss_oxide::scanner: enter
2026-01-13T05:58:51.258885Z  INFO get_files:scan_sources: tailwindcss_oxide::scanner: Discovering "D:\\IT SA Zakky\\Projects\\yuri-invent\\app"
2026-01-13T05:58:51.259056Z  INFO get_files:scan_sources: tailwindcss_oxide::scanner: Discovering "D:\\IT SA Zakky\\Projects\\yuri-invent\\app\\(dashboard)"
2026-01-13T05:58:51.259217Z  INFO get_files:scan_sources: tailwindcss_oxide::scanner: Discovering "D:\\IT SA Zakky\\Projects\\yuri-invent\\app\\(dashboard)\\dashboard"
2026-01-13T05:58:51.259565Z  INFO get_files:scan_sources: tailwindcss_oxide::scanner: Discovering "D:\\IT SA Zakky\\Projects\\yuri-invent\\app\\generated"
2026-01-13T05:58:51.259999Z  INFO get_files:scan_sources: tailwindcss_oxide::scanner: Discovering "D:\\IT SA Zakky\\Projects\\yuri-invent\\components"
2026-01-13T05:58:51.260152Z  INFO get_files:scan_sources: tailwindcss_oxide::scanner: Discovering "D:\\IT SA Zakky\\Projects\\yuri-invent\\components\\layout"
2026-01-13T05:58:51.260426Z  INFO get_files:scan_sources: tailwindcss_oxide::scanner: Discovering "D:\\IT SA Zakky\\Projects\\yuri-invent\\i18n"
2026-01-13T05:58:51.260651Z  INFO get_files:scan_sources: tailwindcss_oxide::scanner: Discovering "D:\\IT SA Zakky\\Projects\\yuri-invent\\lib"
2026-01-13T05:58:51.260914Z  INFO get_files:scan_sources: tailwindcss_oxide::scanner: Discovering "D:\\IT SA Zakky\\Projects\\yuri-invent\\messages"
2026-01-13T05:58:51.261412Z  INFO get_files:scan_sources: tailwindcss_oxide::scanner: Discovering "D:\\IT SA Zakky\\Projects\\yuri-invent\\prisma"
2026-01-13T05:58:51.261646Z  INFO get_files:scan_sources: tailwindcss_oxide::scanner: Discovering "D:\\IT SA Zakky\\Projects\\yuri-invent\\public"
2026-01-13T05:58:51.262094Z  INFO get_files:scan_sources: tailwindcss_oxide::scanner: exit
2026-01-13T05:58:51.262943Z  INFO get_files: tailwindcss_oxide::scanner: exit
2026-01-13T05:58:51.263160Z  INFO get_globs: tailwindcss_oxide::scanner: enter
2026-01-13T05:58:51.263177Z  INFO get_globs: tailwindcss_oxide::scanner: exit
2026-01-13T05:58:51.320009Z  INFO scan_sources: tailwindcss_oxide::scanner: enter
2026-01-13T05:58:51.321483Z  INFO scan_sources: tailwindcss_oxide::scanner: Discovering "D:\\IT SA Zakky\\Projects\\yuri-invent\\app"
2026-01-13T05:58:51.321695Z  INFO scan_sources: tailwindcss_oxide::scanner: Discovering "D:\\IT SA Zakky\\Projects\\yuri-invent\\app\\(dashboard)"
2026-01-13T05:58:51.321881Z  INFO scan_sources: tailwindcss_oxide::scanner: Discovering "D:\\IT SA Zakky\\Projects\\yuri-invent\\app\\(dashboard)\\dashboard"
2026-01-13T05:58:51.322283Z  INFO scan_sources: tailwindcss_oxide::scanner: Discovering "D:\\IT SA Zakky\\Projects\\yuri-invent\\app\\generated"
2026-01-13T05:58:51.322801Z  INFO scan_sources: tailwindcss_oxide::scanner: Discovering "D:\\IT SA Zakky\\Projects\\yuri-invent\\components"
2026-01-13T05:58:51.322976Z  INFO scan_sources: tailwindcss_oxide::scanner: Discovering "D:\\IT SA Zakky\\Projects\\yuri-invent\\components\\layout"
2026-01-13T05:58:51.323297Z  INFO scan_sources: tailwindcss_oxide::scanner: Discovering "D:\\IT SA Zakky\\Projects\\yuri-invent\\i18n"
2026-01-13T05:58:51.323533Z  INFO scan_sources: tailwindcss_oxide::scanner: Discovering "D:\\IT SA Zakky\\Projects\\yuri-invent\\lib"
2026-01-13T05:58:51.323803Z  INFO scan_sources: tailwindcss_oxide::scanner: Discovering "D:\\IT SA Zakky\\Projects\\yuri-invent\\messages"
2026-01-13T05:58:51.324398Z  INFO scan_sources: tailwindcss_oxide::scanner: Discovering "D:\\IT SA Zakky\\Projects\\yuri-invent\\prisma"
2026-01-13T05:58:51.324703Z  INFO scan_sources: tailwindcss_oxide::scanner: Discovering "D:\\IT SA Zakky\\Projects\\yuri-invent\\public"
2026-01-13T05:58:51.325207Z  INFO scan_sources: tailwindcss_oxide::scanner: exit
2026-01-13T05:58:51.325227Z  INFO extract_candidates: tailwindcss_oxide::scanner: enter
2026-01-13T05:58:51.325234Z  INFO extract_candidates:read_all_files: tailwindcss_oxide::scanner: enter
2026-01-13T05:58:51.325240Z  INFO extract_candidates:read_all_files: tailwindcss_oxide::scanner: Reading 0 file(s)
2026-01-13T05:58:51.325247Z  INFO extract_candidates:read_all_files: tailwindcss_oxide::scanner: exit
2026-01-13T05:58:51.325253Z  INFO extract_candidates:parse_all_blobs: tailwindcss_oxide::scanner: enter
2026-01-13T05:58:51.325259Z  INFO extract_candidates:parse_all_blobs:extract: tailwindcss_oxide::scanner: enter
2026-01-13T05:58:51.325265Z  INFO extract_candidates:parse_all_blobs:extract: tailwindcss_oxide::scanner: exit
2026-01-13T05:58:51.325270Z  INFO extract_candidates:parse_all_blobs: tailwindcss_oxide::scanner: exit
2026-01-13T05:58:51.325277Z  INFO extract_candidates: tailwindcss_oxide::scanner: exit
2026-01-13T05:58:51.325766Z  INFO get_files: tailwindcss_oxide::scanner: enter
2026-01-13T05:58:51.325781Z  INFO get_files:scan_sources: tailwindcss_oxide::scanner: enter
2026-01-13T05:58:51.327262Z  INFO get_files:scan_sources: tailwindcss_oxide::scanner: Discovering "D:\\IT SA Zakky\\Projects\\yuri-invent\\app"
2026-01-13T05:58:51.327479Z  INFO get_files:scan_sources: tailwindcss_oxide::scanner: Discovering "D:\\IT SA Zakky\\Projects\\yuri-invent\\app\\(dashboard)"
2026-01-13T05:58:51.327663Z  INFO get_files:scan_sources: tailwindcss_oxide::scanner: Discovering "D:\\IT SA Zakky\\Projects\\yuri-invent\\app\\(dashboard)\\dashboard"
2026-01-13T05:58:51.328058Z  INFO get_files:scan_sources: tailwindcss_oxide::scanner: Discovering "D:\\IT SA Zakky\\Projects\\yuri-invent\\app\\generated"
2026-01-13T05:58:51.328631Z  INFO get_files:scan_sources: tailwindcss_oxide::scanner: Discovering "D:\\IT SA Zakky\\Projects\\yuri-invent\\components"
2026-01-13T05:58:51.328817Z  INFO get_files:scan_sources: tailwindcss_oxide::scanner: Discovering "D:\\IT SA Zakky\\Projects\\yuri-invent\\components\\layout"
2026-01-13T05:58:51.329133Z  INFO get_files:scan_sources: tailwindcss_oxide::scanner: Discovering "D:\\IT SA Zakky\\Projects\\yuri-invent\\i18n"
2026-01-13T05:58:51.329363Z  INFO get_files:scan_sources: tailwindcss_oxide::scanner: Discovering "D:\\IT SA Zakky\\Projects\\yuri-invent\\lib"
2026-01-13T05:58:51.329677Z  INFO get_files:scan_sources: tailwindcss_oxide::scanner: Discovering "D:\\IT SA Zakky\\Projects\\yuri-invent\\messages"
2026-01-13T05:58:51.330261Z  INFO get_files:scan_sources: tailwindcss_oxide::scanner: Discovering "D:\\IT SA Zakky\\Projects\\yuri-invent\\prisma"
2026-01-13T05:58:51.330502Z  INFO get_files:scan_sources: tailwindcss_oxide::scanner: Discovering "D:\\IT SA Zakky\\Projects\\yuri-invent\\public"
2026-01-13T05:58:51.330982Z  INFO get_files:scan_sources: tailwindcss_oxide::scanner: exit
2026-01-13T05:58:51.331516Z  INFO get_files: tailwindcss_oxide::scanner: exit
2026-01-13T05:58:51.331675Z  INFO get_globs: tailwindcss_oxide::scanner: enter
2026-01-13T05:58:51.331689Z  INFO get_globs: tailwindcss_oxide::scanner: exit
2026-01-13T05:58:51.611995Z  INFO scan_sources: tailwindcss_oxide::scanner: enter
2026-01-13T05:58:51.613534Z  INFO scan_sources: tailwindcss_oxide::scanner: Discovering "D:\\IT SA Zakky\\Projects\\yuri-invent\\app"
2026-01-13T05:58:51.613807Z  INFO scan_sources: tailwindcss_oxide::scanner: Discovering "D:\\IT SA Zakky\\Projects\\yuri-invent\\app\\(dashboard)"
2026-01-13T05:58:51.613975Z  INFO scan_sources: tailwindcss_oxide::scanner: Discovering "D:\\IT SA Zakky\\Projects\\yuri-invent\\app\\(dashboard)\\dashboard"
2026-01-13T05:58:51.614307Z  INFO scan_sources: tailwindcss_oxide::scanner: Discovering "D:\\IT SA Zakky\\Projects\\yuri-invent\\app\\generated"
2026-01-13T05:58:51.614755Z  INFO scan_sources: tailwindcss_oxide::scanner: Discovering "D:\\IT SA Zakky\\Projects\\yuri-invent\\components"
2026-01-13T05:58:51.614923Z  INFO scan_sources: tailwindcss_oxide::scanner: Discovering "D:\\IT SA Zakky\\Projects\\yuri-invent\\components\\layout"
2026-01-13T05:58:51.615196Z  INFO scan_sources: tailwindcss_oxide::scanner: Discovering "D:\\IT SA Zakky\\Projects\\yuri-invent\\i18n"
2026-01-13T05:58:51.615417Z  INFO scan_sources: tailwindcss_oxide::scanner: Discovering "D:\\IT SA Zakky\\Projects\\yuri-invent\\lib"
2026-01-13T05:58:51.615740Z  INFO scan_sources: tailwindcss_oxide::scanner: Discovering "D:\\IT SA Zakky\\Projects\\yuri-invent\\messages"
2026-01-13T05:58:51.616269Z  INFO scan_sources: tailwindcss_oxide::scanner: Discovering "D:\\IT SA Zakky\\Projects\\yuri-invent\\prisma"
2026-01-13T05:58:51.616476Z  INFO scan_sources: tailwindcss_oxide::scanner: Discovering "D:\\IT SA Zakky\\Projects\\yuri-invent\\public"
2026-01-13T05:58:51.616785Z  INFO scan_sources: tailwindcss_oxide::scanner: exit
2026-01-13T05:58:51.616794Z  INFO extract_candidates: tailwindcss_oxide::scanner: enter
2026-01-13T05:58:51.616798Z  INFO extract_candidates:read_all_files: tailwindcss_oxide::scanner: enter
2026-01-13T05:58:51.616802Z  INFO extract_candidates:read_all_files: tailwindcss_oxide::scanner: Reading 0 file(s)
2026-01-13T05:58:51.616807Z  INFO extract_candidates:read_all_files: tailwindcss_oxide::scanner: exit
2026-01-13T05:58:51.616811Z  INFO extract_candidates:parse_all_blobs: tailwindcss_oxide::scanner: enter
2026-01-13T05:58:51.616816Z  INFO extract_candidates:parse_all_blobs:extract: tailwindcss_oxide::scanner: enter
2026-01-13T05:58:51.616820Z  INFO extract_candidates:parse_all_blobs:extract: tailwindcss_oxide::scanner: exit
2026-01-13T05:58:51.616824Z  INFO extract_candidates:parse_all_blobs: tailwindcss_oxide::scanner: exit
2026-01-13T05:58:51.616829Z  INFO extract_candidates: tailwindcss_oxide::scanner: exit
2026-01-13T05:58:51.617189Z  INFO get_files: tailwindcss_oxide::scanner: enter
2026-01-13T05:58:51.617199Z  INFO get_files:scan_sources: tailwindcss_oxide::scanner: enter
2026-01-13T05:58:51.618114Z  INFO get_files:scan_sources: tailwindcss_oxide::scanner: Discovering "D:\\IT SA Zakky\\Projects\\yuri-invent\\app"
2026-01-13T05:58:51.618226Z  INFO get_files:scan_sources: tailwindcss_oxide::scanner: Discovering "D:\\IT SA Zakky\\Projects\\yuri-invent\\app\\(dashboard)"
2026-01-13T05:58:51.618329Z  INFO get_files:scan_sources: tailwindcss_oxide::scanner: Discovering "D:\\IT SA Zakky\\Projects\\yuri-invent\\app\\(dashboard)\\dashboard"
2026-01-13T05:58:51.618531Z  INFO get_files:scan_sources: tailwindcss_oxide::scanner: Discovering "D:\\IT SA Zakky\\Projects\\yuri-invent\\app\\generated"
2026-01-13T05:58:51.618799Z  INFO get_files:scan_sources: tailwindcss_oxide::scanner: Discovering "D:\\IT SA Zakky\\Projects\\yuri-invent\\components"
2026-01-13T05:58:51.618954Z  INFO get_files:scan_sources: tailwindcss_oxide::scanner: Discovering "D:\\IT SA Zakky\\Projects\\yuri-invent\\components\\layout"
2026-01-13T05:58:51.619142Z  INFO get_files:scan_sources: tailwindcss_oxide::scanner: Discovering "D:\\IT SA Zakky\\Projects\\yuri-invent\\i18n"
2026-01-13T05:58:51.619278Z  INFO get_files:scan_sources: tailwindcss_oxide::scanner: Discovering "D:\\IT SA Zakky\\Projects\\yuri-invent\\lib"
2026-01-13T05:58:51.619470Z  INFO get_files:scan_sources: tailwindcss_oxide::scanner: Discovering "D:\\IT SA Zakky\\Projects\\yuri-invent\\messages"
2026-01-13T05:58:51.619812Z  INFO get_files:scan_sources: tailwindcss_oxide::scanner: Discovering "D:\\IT SA Zakky\\Projects\\yuri-invent\\prisma"
2026-01-13T05:58:51.619965Z  INFO get_files:scan_sources: tailwindcss_oxide::scanner: Discovering "D:\\IT SA Zakky\\Projects\\yuri-invent\\public"
2026-01-13T05:58:51.620245Z  INFO get_files:scan_sources: tailwindcss_oxide::scanner: exit
2026-01-13T05:58:51.620423Z  INFO get_files: tailwindcss_oxide::scanner: exit
2026-01-13T05:58:51.620565Z  INFO get_globs: tailwindcss_oxide::scanner: enter
2026-01-13T05:58:51.620581Z  INFO get_globs: tailwindcss_oxide::scanner: exit
