2026-01-14T04:40:46.579927Z  INFO tailwindcss_oxide::scanner: Provided sources:
2026-01-14T04:40:46.580049Z  INFO tailwindcss_oxide::scanner: Source: PublicSourceEntry { base: "D:\\IT SA Zakky\\Projects\\yuri-invent", pattern: "**/*", negated: false }
2026-01-14T04:40:46.580384Z  INFO tailwindcss_oxide::scanner: Optimized sources:
2026-01-14T04:40:46.580410Z  INFO tailwindcss_oxide::scanner: Source: Auto { base: "D:\\IT SA Zakky\\Projects\\yuri-invent" }
2026-01-14T04:40:46.583420Z  INFO scan_sources: tailwindcss_oxide::scanner: enter
2026-01-14T04:40:46.585855Z  INFO scan_sources: tailwindcss_oxide::scanner: Discovering "D:\\IT SA Zakky\\Projects\\yuri-invent\\app"
2026-01-14T04:40:46.586087Z  INFO scan_sources: tailwindcss_oxide::scanner: Discovering "D:\\IT SA Zakky\\Projects\\yuri-invent\\app\\(auth)"
2026-01-14T04:40:46.586571Z  INFO scan_sources: tailwindcss_oxide::scanner: Discovering "D:\\IT SA Zakky\\Projects\\yuri-invent\\app\\(auth)\\layout.tsx"
2026-01-14T04:40:46.586710Z  INFO scan_sources: tailwindcss_oxide::scanner: Discovering "D:\\IT SA Zakky\\Projects\\yuri-invent\\app\\(auth)\\sign-in"
2026-01-14T04:40:46.586867Z  INFO scan_sources: tailwindcss_oxide::scanner: Discovering "D:\\IT SA Zakky\\Projects\\yuri-invent\\app\\(auth)\\sign-in\\page.tsx"
2026-01-14T04:40:46.587028Z  INFO scan_sources: tailwindcss_oxide::scanner: Discovering "D:\\IT SA Zakky\\Projects\\yuri-invent\\app\\(dashboard)"
2026-01-14T04:40:46.587357Z  INFO scan_sources: tailwindcss_oxide::scanner: Discovering "D:\\IT SA Zakky\\Projects\\yuri-invent\\app\\(dashboard)\\dashboard"
2026-01-14T04:40:46.587725Z  INFO scan_sources: tailwindcss_oxide::scanner: Discovering "D:\\IT SA Zakky\\Projects\\yuri-invent\\app\\(dashboard)\\dashboard\\page.tsx"
2026-01-14T04:40:46.587879Z  INFO scan_sources: tailwindcss_oxide::scanner: Discovering "D:\\IT SA Zakky\\Projects\\yuri-invent\\app\\(dashboard)\\layout.tsx"
2026-01-14T04:40:46.588006Z  INFO scan_sources: tailwindcss_oxide::scanner: Discovering "D:\\IT SA Zakky\\Projects\\yuri-invent\\app\\(dashboard)\\master"
2026-01-14T04:40:46.588212Z  INFO scan_sources: tailwindcss_oxide::scanner: Discovering "D:\\IT SA Zakky\\Projects\\yuri-invent\\app\\(dashboard)\\master\\category"
2026-01-14T04:40:46.588354Z  INFO scan_sources: tailwindcss_oxide::scanner: Discovering "D:\\IT SA Zakky\\Projects\\yuri-invent\\app\\(dashboard)\\master\\category\\page.tsx"
2026-01-14T04:40:46.588479Z  INFO scan_sources: tailwindcss_oxide::scanner: Discovering "D:\\IT SA Zakky\\Projects\\yuri-invent\\app\\(dashboard)\\master\\items"
2026-01-14T04:40:46.588615Z  INFO scan_sources: tailwindcss_oxide::scanner: Discovering "D:\\IT SA Zakky\\Projects\\yuri-invent\\app\\(dashboard)\\master\\items\\page.tsx"
2026-01-14T04:40:46.588732Z  INFO scan_sources: tailwindcss_oxide::scanner: Discovering "D:\\IT SA Zakky\\Projects\\yuri-invent\\app\\(dashboard)\\master\\vendor"
2026-01-14T04:40:46.588873Z  INFO scan_sources: tailwindcss_oxide::scanner: Discovering "D:\\IT SA Zakky\\Projects\\yuri-invent\\app\\(dashboard)\\master\\vendor\\page.tsx"
2026-01-14T04:40:46.588976Z  INFO scan_sources: tailwindcss_oxide::scanner: Discovering "D:\\IT SA Zakky\\Projects\\yuri-invent\\app\\(dashboard)\\master\\vendor\\[id]"
2026-01-14T04:40:46.589099Z  INFO scan_sources: tailwindcss_oxide::scanner: Discovering "D:\\IT SA Zakky\\Projects\\yuri-invent\\app\\(dashboard)\\master\\vendor\\[id]\\page.tsx"
2026-01-14T04:40:46.589235Z  INFO scan_sources: tailwindcss_oxide::scanner: Discovering "D:\\IT SA Zakky\\Projects\\yuri-invent\\app\\api"
2026-01-14T04:40:46.589395Z  INFO scan_sources: tailwindcss_oxide::scanner: Discovering "D:\\IT SA Zakky\\Projects\\yuri-invent\\app\\api\\categories"
2026-01-14T04:40:46.589528Z  INFO scan_sources: tailwindcss_oxide::scanner: Discovering "D:\\IT SA Zakky\\Projects\\yuri-invent\\app\\api\\categories\\route.ts"
2026-01-14T04:40:46.589627Z  INFO scan_sources: tailwindcss_oxide::scanner: Discovering "D:\\IT SA Zakky\\Projects\\yuri-invent\\app\\api\\categories\\[id]"
2026-01-14T04:40:46.589786Z  INFO scan_sources: tailwindcss_oxide::scanner: Discovering "D:\\IT SA Zakky\\Projects\\yuri-invent\\app\\api\\categories\\[id]\\route.ts"
2026-01-14T04:40:46.590035Z  INFO scan_sources: tailwindcss_oxide::scanner: Discovering "D:\\IT SA Zakky\\Projects\\yuri-invent\\app\\api\\items"
2026-01-14T04:40:46.590185Z  INFO scan_sources: tailwindcss_oxide::scanner: Discovering "D:\\IT SA Zakky\\Projects\\yuri-invent\\app\\api\\items\\route.ts"
2026-01-14T04:40:46.590283Z  INFO scan_sources: tailwindcss_oxide::scanner: Discovering "D:\\IT SA Zakky\\Projects\\yuri-invent\\app\\api\\items\\[id]"
2026-01-14T04:40:46.590454Z  INFO scan_sources: tailwindcss_oxide::scanner: Discovering "D:\\IT SA Zakky\\Projects\\yuri-invent\\app\\api\\items\\[id]\\route.ts"
2026-01-14T04:40:46.590608Z  INFO scan_sources: tailwindcss_oxide::scanner: Discovering "D:\\IT SA Zakky\\Projects\\yuri-invent\\app\\api\\uoms"
2026-01-14T04:40:46.590751Z  INFO scan_sources: tailwindcss_oxide::scanner: Discovering "D:\\IT SA Zakky\\Projects\\yuri-invent\\app\\api\\uoms\\route.ts"
2026-01-14T04:40:46.590854Z  INFO scan_sources: tailwindcss_oxide::scanner: Discovering "D:\\IT SA Zakky\\Projects\\yuri-invent\\app\\api\\uoms\\[id]"
2026-01-14T04:40:46.591001Z  INFO scan_sources: tailwindcss_oxide::scanner: Discovering "D:\\IT SA Zakky\\Projects\\yuri-invent\\app\\api\\uoms\\[id]\\route.ts"
2026-01-14T04:40:46.591153Z  INFO scan_sources: tailwindcss_oxide::scanner: Discovering "D:\\IT SA Zakky\\Projects\\yuri-invent\\app\\api\\upload"
2026-01-14T04:40:46.591302Z  INFO scan_sources: tailwindcss_oxide::scanner: Discovering "D:\\IT SA Zakky\\Projects\\yuri-invent\\app\\api\\upload\\route.ts"
2026-01-14T04:40:46.591485Z  INFO scan_sources: tailwindcss_oxide::scanner: Discovering "D:\\IT SA Zakky\\Projects\\yuri-invent\\app\\api\\vendors"
2026-01-14T04:40:46.591621Z  INFO scan_sources: tailwindcss_oxide::scanner: Discovering "D:\\IT SA Zakky\\Projects\\yuri-invent\\app\\api\\vendors\\route.ts"
2026-01-14T04:40:46.591723Z  INFO scan_sources: tailwindcss_oxide::scanner: Discovering "D:\\IT SA Zakky\\Projects\\yuri-invent\\app\\api\\vendors\\[id]"
2026-01-14T04:40:46.591889Z  INFO scan_sources: tailwindcss_oxide::scanner: Discovering "D:\\IT SA Zakky\\Projects\\yuri-invent\\app\\api\\vendors\\[id]\\items"
2026-01-14T04:40:46.592027Z  INFO scan_sources: tailwindcss_oxide::scanner: Discovering "D:\\IT SA Zakky\\Projects\\yuri-invent\\app\\api\\vendors\\[id]\\items\\route.ts"
2026-01-14T04:40:46.592135Z  INFO scan_sources: tailwindcss_oxide::scanner: Discovering "D:\\IT SA Zakky\\Projects\\yuri-invent\\app\\api\\vendors\\[id]\\items\\[itemId]"
2026-01-14T04:40:46.592280Z  INFO scan_sources: tailwindcss_oxide::scanner: Discovering "D:\\IT SA Zakky\\Projects\\yuri-invent\\app\\api\\vendors\\[id]\\items\\[itemId]\\route.ts"
2026-01-14T04:40:46.592411Z  INFO scan_sources: tailwindcss_oxide::scanner: Discovering "D:\\IT SA Zakky\\Projects\\yuri-invent\\app\\api\\vendors\\[id]\\route.ts"
2026-01-14T04:40:46.592609Z  INFO scan_sources: tailwindcss_oxide::scanner: Discovering "D:\\IT SA Zakky\\Projects\\yuri-invent\\app\\generated"
2026-01-14T04:40:46.592904Z  INFO scan_sources: tailwindcss_oxide::scanner: Discovering "D:\\IT SA Zakky\\Projects\\yuri-invent\\app\\globals.css"
2026-01-14T04:40:46.592970Z  INFO scan_sources: tailwindcss_oxide::scanner: Discovering "D:\\IT SA Zakky\\Projects\\yuri-invent\\app\\layout.tsx"
2026-01-14T04:40:46.593035Z  INFO scan_sources: tailwindcss_oxide::scanner: Discovering "D:\\IT SA Zakky\\Projects\\yuri-invent\\app\\page.tsx"
2026-01-14T04:40:46.593158Z  INFO scan_sources: tailwindcss_oxide::scanner: Discovering "D:\\IT SA Zakky\\Projects\\yuri-invent\\components"
2026-01-14T04:40:46.593311Z  INFO scan_sources: tailwindcss_oxide::scanner: Discovering "D:\\IT SA Zakky\\Projects\\yuri-invent\\components\\layout"
2026-01-14T04:40:46.593507Z  INFO scan_sources: tailwindcss_oxide::scanner: Discovering "D:\\IT SA Zakky\\Projects\\yuri-invent\\components\\layout\\Sidebar.tsx"
2026-01-14T04:40:46.593631Z  INFO scan_sources: tailwindcss_oxide::scanner: Discovering "D:\\IT SA Zakky\\Projects\\yuri-invent\\components\\ui"
2026-01-14T04:40:46.593847Z  INFO scan_sources: tailwindcss_oxide::scanner: Discovering "D:\\IT SA Zakky\\Projects\\yuri-invent\\components\\ui\\Badge.tsx"
2026-01-14T04:40:46.593921Z  INFO scan_sources: tailwindcss_oxide::scanner: Discovering "D:\\IT SA Zakky\\Projects\\yuri-invent\\components\\ui\\BudgetProgress.tsx"
2026-01-14T04:40:46.593989Z  INFO scan_sources: tailwindcss_oxide::scanner: Discovering "D:\\IT SA Zakky\\Projects\\yuri-invent\\components\\ui\\Button.tsx"
2026-01-14T04:40:46.594058Z  INFO scan_sources: tailwindcss_oxide::scanner: Discovering "D:\\IT SA Zakky\\Projects\\yuri-invent\\components\\ui\\Dropdown.tsx"
2026-01-14T04:40:46.594136Z  INFO scan_sources: tailwindcss_oxide::scanner: Discovering "D:\\IT SA Zakky\\Projects\\yuri-invent\\components\\ui\\FilterableTableHead.tsx"
2026-01-14T04:40:46.594240Z  INFO scan_sources: tailwindcss_oxide::scanner: Discovering "D:\\IT SA Zakky\\Projects\\yuri-invent\\components\\ui\\filters"
2026-01-14T04:40:46.594392Z  INFO scan_sources: tailwindcss_oxide::scanner: Discovering "D:\\IT SA Zakky\\Projects\\yuri-invent\\components\\ui\\filters\\DateRangeFilter.tsx"
2026-01-14T04:40:46.594457Z  INFO scan_sources: tailwindcss_oxide::scanner: Discovering "D:\\IT SA Zakky\\Projects\\yuri-invent\\components\\ui\\filters\\index.ts"
2026-01-14T04:40:46.594520Z  INFO scan_sources: tailwindcss_oxide::scanner: Discovering "D:\\IT SA Zakky\\Projects\\yuri-invent\\components\\ui\\filters\\MultiSelectFilter.tsx"
2026-01-14T04:40:46.594618Z  INFO scan_sources: tailwindcss_oxide::scanner: Discovering "D:\\IT SA Zakky\\Projects\\yuri-invent\\components\\ui\\filters\\SortButton.tsx"
2026-01-14T04:40:46.594685Z  INFO scan_sources: tailwindcss_oxide::scanner: Discovering "D:\\IT SA Zakky\\Projects\\yuri-invent\\components\\ui\\filters\\TextFilter.tsx"
2026-01-14T04:40:46.594773Z  INFO scan_sources: tailwindcss_oxide::scanner: Discovering "D:\\IT SA Zakky\\Projects\\yuri-invent\\components\\ui\\index.ts"
2026-01-14T04:40:46.594849Z  INFO scan_sources: tailwindcss_oxide::scanner: Discovering "D:\\IT SA Zakky\\Projects\\yuri-invent\\components\\ui\\Input.tsx"
2026-01-14T04:40:46.594913Z  INFO scan_sources: tailwindcss_oxide::scanner: Discovering "D:\\IT SA Zakky\\Projects\\yuri-invent\\components\\ui\\Modal.tsx"
2026-01-14T04:40:46.594978Z  INFO scan_sources: tailwindcss_oxide::scanner: Discovering "D:\\IT SA Zakky\\Projects\\yuri-invent\\components\\ui\\NumberInput.tsx"
2026-01-14T04:40:46.595048Z  INFO scan_sources: tailwindcss_oxide::scanner: Discovering "D:\\IT SA Zakky\\Projects\\yuri-invent\\components\\ui\\Pagination.tsx"
2026-01-14T04:40:46.595112Z  INFO scan_sources: tailwindcss_oxide::scanner: Discovering "D:\\IT SA Zakky\\Projects\\yuri-invent\\components\\ui\\QuickActionCard.tsx"
2026-01-14T04:40:46.595176Z  INFO scan_sources: tailwindcss_oxide::scanner: Discovering "D:\\IT SA Zakky\\Projects\\yuri-invent\\components\\ui\\Select.tsx"
2026-01-14T04:40:46.595243Z  INFO scan_sources: tailwindcss_oxide::scanner: Discovering "D:\\IT SA Zakky\\Projects\\yuri-invent\\components\\ui\\SortableTableHead.tsx"
2026-01-14T04:40:46.595307Z  INFO scan_sources: tailwindcss_oxide::scanner: Discovering "D:\\IT SA Zakky\\Projects\\yuri-invent\\components\\ui\\StatsCard.tsx"
2026-01-14T04:40:46.595369Z  INFO scan_sources: tailwindcss_oxide::scanner: Discovering "D:\\IT SA Zakky\\Projects\\yuri-invent\\components\\ui\\Table.tsx"
2026-01-14T04:40:46.595431Z  INFO scan_sources: tailwindcss_oxide::scanner: Discovering "D:\\IT SA Zakky\\Projects\\yuri-invent\\components\\ui\\TableFilters.tsx"
2026-01-14T04:40:46.595494Z  INFO scan_sources: tailwindcss_oxide::scanner: Discovering "D:\\IT SA Zakky\\Projects\\yuri-invent\\components\\ui\\Tabs.tsx"
2026-01-14T04:40:46.595555Z  INFO scan_sources: tailwindcss_oxide::scanner: Discovering "D:\\IT SA Zakky\\Projects\\yuri-invent\\components\\ui\\Toggle.tsx"
2026-01-14T04:40:46.595738Z  INFO scan_sources: tailwindcss_oxide::scanner: Discovering "D:\\IT SA Zakky\\Projects\\yuri-invent\\contexts"
2026-01-14T04:40:46.595879Z  INFO scan_sources: tailwindcss_oxide::scanner: Discovering "D:\\IT SA Zakky\\Projects\\yuri-invent\\contexts\\AuthContext.tsx"
2026-01-14T04:40:46.595985Z  INFO scan_sources: tailwindcss_oxide::scanner: Discovering "D:\\IT SA Zakky\\Projects\\yuri-invent\\eslint.config.mjs"
2026-01-14T04:40:46.596136Z  INFO scan_sources: tailwindcss_oxide::scanner: Discovering "D:\\IT SA Zakky\\Projects\\yuri-invent\\i18n"
2026-01-14T04:40:46.596273Z  INFO scan_sources: tailwindcss_oxide::scanner: Discovering "D:\\IT SA Zakky\\Projects\\yuri-invent\\i18n\\request.ts"
2026-01-14T04:40:46.596390Z  INFO scan_sources: tailwindcss_oxide::scanner: Discovering "D:\\IT SA Zakky\\Projects\\yuri-invent\\lib"
2026-01-14T04:40:46.596499Z  INFO scan_sources: tailwindcss_oxide::scanner: Discovering "D:\\IT SA Zakky\\Projects\\yuri-invent\\lib\\auth-types.ts"
2026-01-14T04:40:46.596545Z  INFO scan_sources: tailwindcss_oxide::scanner: Discovering "D:\\IT SA Zakky\\Projects\\yuri-invent\\lib\\auth.ts"
2026-01-14T04:40:46.596586Z  INFO scan_sources: tailwindcss_oxide::scanner: Discovering "D:\\IT SA Zakky\\Projects\\yuri-invent\\lib\\format.ts"
2026-01-14T04:40:46.596631Z  INFO scan_sources: tailwindcss_oxide::scanner: Discovering "D:\\IT SA Zakky\\Projects\\yuri-invent\\lib\\permissions.ts"
2026-01-14T04:40:46.596672Z  INFO scan_sources: tailwindcss_oxide::scanner: Discovering "D:\\IT SA Zakky\\Projects\\yuri-invent\\lib\\prisma.ts"
2026-01-14T04:40:46.596725Z  INFO scan_sources: tailwindcss_oxide::scanner: Discovering "D:\\IT SA Zakky\\Projects\\yuri-invent\\lib\\supabase.ts"
2026-01-14T04:40:46.596766Z  INFO scan_sources: tailwindcss_oxide::scanner: Discovering "D:\\IT SA Zakky\\Projects\\yuri-invent\\lib\\utils.ts"
2026-01-14T04:40:46.596845Z  INFO scan_sources: tailwindcss_oxide::scanner: Discovering "D:\\IT SA Zakky\\Projects\\yuri-invent\\messages"
2026-01-14T04:40:46.596950Z  INFO scan_sources: tailwindcss_oxide::scanner: Discovering "D:\\IT SA Zakky\\Projects\\yuri-invent\\messages\\en.json"
2026-01-14T04:40:46.596993Z  INFO scan_sources: tailwindcss_oxide::scanner: Discovering "D:\\IT SA Zakky\\Projects\\yuri-invent\\messages\\id.json"
2026-01-14T04:40:46.597049Z  INFO scan_sources: tailwindcss_oxide::scanner: Discovering "D:\\IT SA Zakky\\Projects\\yuri-invent\\middleware.ts"
2026-01-14T04:40:46.597108Z  INFO scan_sources: tailwindcss_oxide::scanner: Discovering "D:\\IT SA Zakky\\Projects\\yuri-invent\\next.config.ts"
2026-01-14T04:40:46.597301Z  INFO scan_sources: tailwindcss_oxide::scanner: Discovering "D:\\IT SA Zakky\\Projects\\yuri-invent\\package.json"
2026-01-14T04:40:46.597345Z  INFO scan_sources: tailwindcss_oxide::scanner: Discovering "D:\\IT SA Zakky\\Projects\\yuri-invent\\postcss.config.mjs"
2026-01-14T04:40:46.597410Z  INFO scan_sources: tailwindcss_oxide::scanner: Discovering "D:\\IT SA Zakky\\Projects\\yuri-invent\\prisma"
2026-01-14T04:40:46.597519Z  INFO scan_sources: tailwindcss_oxide::scanner: Discovering "D:\\IT SA Zakky\\Projects\\yuri-invent\\prisma\\migrations"
2026-01-14T04:40:46.597628Z  INFO scan_sources: tailwindcss_oxide::scanner: Discovering "D:\\IT SA Zakky\\Projects\\yuri-invent\\prisma\\migrations\\20260114042538_add_rbac_tables"
2026-01-14T04:40:46.597736Z  INFO scan_sources: tailwindcss_oxide::scanner: Discovering "D:\\IT SA Zakky\\Projects\\yuri-invent\\prisma\\migrations\\20260114042538_add_rbac_tables\\migration.sql"
2026-01-14T04:40:46.597825Z  INFO scan_sources: tailwindcss_oxide::scanner: Discovering "D:\\IT SA Zakky\\Projects\\yuri-invent\\prisma\\migrations\\migration_lock.toml"
2026-01-14T04:40:46.597891Z  INFO scan_sources: tailwindcss_oxide::scanner: Discovering "D:\\IT SA Zakky\\Projects\\yuri-invent\\prisma\\schema.prisma"
2026-01-14T04:40:46.597937Z  INFO scan_sources: tailwindcss_oxide::scanner: Discovering "D:\\IT SA Zakky\\Projects\\yuri-invent\\prisma\\seed.js"
2026-01-14T04:40:46.597986Z  INFO scan_sources: tailwindcss_oxide::scanner: Discovering "D:\\IT SA Zakky\\Projects\\yuri-invent\\prisma\\seed.sql"
2026-01-14T04:40:46.598028Z  INFO scan_sources: tailwindcss_oxide::scanner: Discovering "D:\\IT SA Zakky\\Projects\\yuri-invent\\prisma\\seed.ts"
2026-01-14T04:40:46.598145Z  INFO scan_sources: tailwindcss_oxide::scanner: Discovering "D:\\IT SA Zakky\\Projects\\yuri-invent\\prisma.config.ts"
2026-01-14T04:40:46.598219Z  INFO scan_sources: tailwindcss_oxide::scanner: Discovering "D:\\IT SA Zakky\\Projects\\yuri-invent\\public"
2026-01-14T04:40:46.598310Z  INFO scan_sources: tailwindcss_oxide::scanner: Discovering "D:\\IT SA Zakky\\Projects\\yuri-invent\\public\\file.svg"
2026-01-14T04:40:46.598352Z  INFO scan_sources: tailwindcss_oxide::scanner: Discovering "D:\\IT SA Zakky\\Projects\\yuri-invent\\public\\globe.svg"
2026-01-14T04:40:46.598397Z  INFO scan_sources: tailwindcss_oxide::scanner: Discovering "D:\\IT SA Zakky\\Projects\\yuri-invent\\public\\next.svg"
2026-01-14T04:40:46.598471Z  INFO scan_sources: tailwindcss_oxide::scanner: Discovering "D:\\IT SA Zakky\\Projects\\yuri-invent\\public\\uploads"
2026-01-14T04:40:46.598581Z  INFO scan_sources: tailwindcss_oxide::scanner: Discovering "D:\\IT SA Zakky\\Projects\\yuri-invent\\public\\uploads\\spk-documents"
2026-01-14T04:40:46.598722Z  INFO scan_sources: tailwindcss_oxide::scanner: Discovering "D:\\IT SA Zakky\\Projects\\yuri-invent\\public\\vercel.svg"
2026-01-14T04:40:46.598766Z  INFO scan_sources: tailwindcss_oxide::scanner: Discovering "D:\\IT SA Zakky\\Projects\\yuri-invent\\public\\window.svg"
2026-01-14T04:40:46.598825Z  INFO scan_sources: tailwindcss_oxide::scanner: Discovering "D:\\IT SA Zakky\\Projects\\yuri-invent\\README.md"
2026-01-14T04:40:46.598888Z  INFO scan_sources: tailwindcss_oxide::scanner: Discovering "D:\\IT SA Zakky\\Projects\\yuri-invent\\scripts"
2026-01-14T04:40:46.598985Z  INFO scan_sources: tailwindcss_oxide::scanner: Discovering "D:\\IT SA Zakky\\Projects\\yuri-invent\\scripts\\seed-categories.ts"
2026-01-14T04:40:46.599062Z  INFO scan_sources: tailwindcss_oxide::scanner: Discovering "D:\\IT SA Zakky\\Projects\\yuri-invent\\scripts\\seed-items.ts"
2026-01-14T04:40:46.599114Z  INFO scan_sources: tailwindcss_oxide::scanner: Discovering "D:\\IT SA Zakky\\Projects\\yuri-invent\\scripts\\seed-uoms.ts"
2026-01-14T04:40:46.599224Z  INFO scan_sources: tailwindcss_oxide::scanner: Discovering "D:\\IT SA Zakky\\Projects\\yuri-invent\\tsconfig.json"
2026-01-14T04:40:46.599315Z  INFO scan_sources: tailwindcss_oxide::scanner: exit
2026-01-14T04:40:46.599326Z  INFO extract_candidates: tailwindcss_oxide::scanner: enter
2026-01-14T04:40:46.599333Z  INFO extract_candidates:read_all_files: tailwindcss_oxide::scanner: enter
2026-01-14T04:40:46.599338Z  INFO extract_candidates:read_all_files: tailwindcss_oxide::scanner: Reading 78 file(s)
2026-01-14T04:40:46.600107Z  INFO tailwindcss_oxide::scanner: Reading "D:\\IT SA Zakky\\Projects\\yuri-invent\\app\\(auth)\\layout.tsx"
2026-01-14T04:40:46.600110Z  INFO tailwindcss_oxide::scanner: Reading "D:\\IT SA Zakky\\Projects\\yuri-invent\\components\\ui\\SortableTableHead.tsx"
2026-01-14T04:40:46.600220Z  INFO tailwindcss_oxide::scanner: Reading "D:\\IT SA Zakky\\Projects\\yuri-invent\\components\\ui\\StatsCard.tsx"
2026-01-14T04:40:46.600236Z  INFO tailwindcss_oxide::scanner: Reading "D:\\IT SA Zakky\\Projects\\yuri-invent\\app\\(auth)\\sign-in\\page.tsx"
2026-01-14T04:40:46.600296Z  INFO tailwindcss_oxide::scanner: Reading "D:\\IT SA Zakky\\Projects\\yuri-invent\\components\\ui\\Table.tsx"
2026-01-14T04:40:46.600371Z  INFO tailwindcss_oxide::scanner: Reading "D:\\IT SA Zakky\\Projects\\yuri-invent\\components\\ui\\TableFilters.tsx"
2026-01-14T04:40:46.600439Z  INFO tailwindcss_oxide::scanner: Reading "D:\\IT SA Zakky\\Projects\\yuri-invent\\components\\ui\\Tabs.tsx"
2026-01-14T04:40:46.600505Z  INFO tailwindcss_oxide::scanner: Reading "D:\\IT SA Zakky\\Projects\\yuri-invent\\components\\ui\\Toggle.tsx"
2026-01-14T04:40:46.600701Z  INFO tailwindcss_oxide::scanner: Reading "D:\\IT SA Zakky\\Projects\\yuri-invent\\contexts\\AuthContext.tsx"
2026-01-14T04:40:46.600920Z  INFO tailwindcss_oxide::scanner: Reading "D:\\IT SA Zakky\\Projects\\yuri-invent\\app\\(dashboard)\\dashboard\\page.tsx"
2026-01-14T04:40:46.601001Z  INFO tailwindcss_oxide::scanner: Reading "D:\\IT SA Zakky\\Projects\\yuri-invent\\eslint.config.mjs"
2026-01-14T04:40:46.601050Z  INFO tailwindcss_oxide::scanner: Reading "D:\\IT SA Zakky\\Projects\\yuri-invent\\app\\(dashboard)\\layout.tsx"
2026-01-14T04:40:46.602497Z  INFO tailwindcss_oxide::scanner: Reading "D:\\IT SA Zakky\\Projects\\yuri-invent\\i18n\\request.ts"
2026-01-14T04:40:46.602564Z  INFO tailwindcss_oxide::scanner: Reading "D:\\IT SA Zakky\\Projects\\yuri-invent\\app\\(dashboard)\\master\\category\\page.tsx"
2026-01-14T04:40:46.602694Z  INFO tailwindcss_oxide::scanner: Reading "D:\\IT SA Zakky\\Projects\\yuri-invent\\lib\\auth-types.ts"
2026-01-14T04:40:46.602783Z  INFO tailwindcss_oxide::scanner: Reading "D:\\IT SA Zakky\\Projects\\yuri-invent\\lib\\auth.ts"
2026-01-14T04:40:46.602791Z  INFO tailwindcss_oxide::scanner: Reading "D:\\IT SA Zakky\\Projects\\yuri-invent\\app\\(dashboard)\\master\\items\\page.tsx"
2026-01-14T04:40:46.602861Z  INFO tailwindcss_oxide::scanner: Reading "D:\\IT SA Zakky\\Projects\\yuri-invent\\lib\\format.ts"
2026-01-14T04:40:46.602906Z  INFO tailwindcss_oxide::scanner: Reading "D:\\IT SA Zakky\\Projects\\yuri-invent\\app\\layout.tsx"
2026-01-14T04:40:46.602933Z  INFO tailwindcss_oxide::scanner: Reading "D:\\IT SA Zakky\\Projects\\yuri-invent\\lib\\permissions.ts"
2026-01-14T04:40:46.602976Z  INFO tailwindcss_oxide::scanner: Reading "D:\\IT SA Zakky\\Projects\\yuri-invent\\app\\(dashboard)\\master\\vendor\\page.tsx"
2026-01-14T04:40:46.602990Z  INFO tailwindcss_oxide::scanner: Reading "D:\\IT SA Zakky\\Projects\\yuri-invent\\app\\page.tsx"
2026-01-14T04:40:46.603021Z  INFO tailwindcss_oxide::scanner: Reading "D:\\IT SA Zakky\\Projects\\yuri-invent\\lib\\prisma.ts"
2026-01-14T04:40:46.603077Z  INFO tailwindcss_oxide::scanner: Reading "D:\\IT SA Zakky\\Projects\\yuri-invent\\components\\layout\\Sidebar.tsx"
2026-01-14T04:40:46.603097Z  INFO tailwindcss_oxide::scanner: Reading "D:\\IT SA Zakky\\Projects\\yuri-invent\\lib\\supabase.ts"
2026-01-14T04:40:46.603116Z  INFO tailwindcss_oxide::scanner: Reading "D:\\IT SA Zakky\\Projects\\yuri-invent\\app\\(dashboard)\\master\\vendor\\[id]\\page.tsx"
2026-01-14T04:40:46.603152Z  INFO tailwindcss_oxide::scanner: Reading "D:\\IT SA Zakky\\Projects\\yuri-invent\\components\\ui\\Badge.tsx"
2026-01-14T04:40:46.603163Z  INFO tailwindcss_oxide::scanner: Reading "D:\\IT SA Zakky\\Projects\\yuri-invent\\lib\\utils.ts"
2026-01-14T04:40:46.603217Z  INFO tailwindcss_oxide::scanner: Reading "D:\\IT SA Zakky\\Projects\\yuri-invent\\app\\api\\categories\\route.ts"
2026-01-14T04:40:46.603224Z  INFO tailwindcss_oxide::scanner: Reading "D:\\IT SA Zakky\\Projects\\yuri-invent\\components\\ui\\BudgetProgress.tsx"
2026-01-14T04:40:46.603236Z  INFO tailwindcss_oxide::scanner: Reading "D:\\IT SA Zakky\\Projects\\yuri-invent\\messages\\en.json"
2026-01-14T04:40:46.603295Z  INFO tailwindcss_oxide::scanner: Reading "D:\\IT SA Zakky\\Projects\\yuri-invent\\components\\ui\\Button.tsx"
2026-01-14T04:40:46.603307Z  INFO tailwindcss_oxide::scanner: Reading "D:\\IT SA Zakky\\Projects\\yuri-invent\\app\\api\\categories\\[id]\\route.ts"
2026-01-14T04:40:46.603327Z  INFO tailwindcss_oxide::scanner: Reading "D:\\IT SA Zakky\\Projects\\yuri-invent\\messages\\id.json"
2026-01-14T04:40:46.603363Z  INFO tailwindcss_oxide::scanner: Reading "D:\\IT SA Zakky\\Projects\\yuri-invent\\components\\ui\\Dropdown.tsx"
2026-01-14T04:40:46.603394Z  INFO tailwindcss_oxide::scanner: Reading "D:\\IT SA Zakky\\Projects\\yuri-invent\\app\\api\\items\\route.ts"
2026-01-14T04:40:46.603414Z  INFO tailwindcss_oxide::scanner: Reading "D:\\IT SA Zakky\\Projects\\yuri-invent\\middleware.ts"
2026-01-14T04:40:46.603431Z  INFO tailwindcss_oxide::scanner: Reading "D:\\IT SA Zakky\\Projects\\yuri-invent\\components\\ui\\FilterableTableHead.tsx"
2026-01-14T04:40:46.603469Z  INFO tailwindcss_oxide::scanner: Reading "D:\\IT SA Zakky\\Projects\\yuri-invent\\app\\api\\items\\[id]\\route.ts"
2026-01-14T04:40:46.603486Z  INFO tailwindcss_oxide::scanner: Reading "D:\\IT SA Zakky\\Projects\\yuri-invent\\next.config.ts"
2026-01-14T04:40:46.603506Z  INFO tailwindcss_oxide::scanner: Reading "D:\\IT SA Zakky\\Projects\\yuri-invent\\components\\ui\\filters\\DateRangeFilter.tsx"
2026-01-14T04:40:46.603536Z  INFO tailwindcss_oxide::scanner: Reading "D:\\IT SA Zakky\\Projects\\yuri-invent\\app\\api\\uoms\\route.ts"
2026-01-14T04:40:46.603553Z  INFO tailwindcss_oxide::scanner: Reading "D:\\IT SA Zakky\\Projects\\yuri-invent\\package.json"
2026-01-14T04:40:46.603577Z  INFO tailwindcss_oxide::scanner: Reading "D:\\IT SA Zakky\\Projects\\yuri-invent\\components\\ui\\filters\\index.ts"
2026-01-14T04:40:46.603604Z  INFO tailwindcss_oxide::scanner: Reading "D:\\IT SA Zakky\\Projects\\yuri-invent\\app\\api\\uoms\\[id]\\route.ts"
2026-01-14T04:40:46.603644Z  INFO tailwindcss_oxide::scanner: Reading "D:\\IT SA Zakky\\Projects\\yuri-invent\\components\\ui\\filters\\MultiSelectFilter.tsx"
2026-01-14T04:40:46.603674Z  INFO tailwindcss_oxide::scanner: Reading "D:\\IT SA Zakky\\Projects\\yuri-invent\\app\\api\\upload\\route.ts"
2026-01-14T04:40:46.603717Z  INFO tailwindcss_oxide::scanner: Reading "D:\\IT SA Zakky\\Projects\\yuri-invent\\components\\ui\\filters\\SortButton.tsx"
2026-01-14T04:40:46.603746Z  INFO tailwindcss_oxide::scanner: Reading "D:\\IT SA Zakky\\Projects\\yuri-invent\\app\\api\\vendors\\route.ts"
2026-01-14T04:40:46.603780Z  INFO tailwindcss_oxide::scanner: Reading "D:\\IT SA Zakky\\Projects\\yuri-invent\\components\\ui\\filters\\TextFilter.tsx"
2026-01-14T04:40:46.603780Z  INFO tailwindcss_oxide::scanner: Reading "D:\\IT SA Zakky\\Projects\\yuri-invent\\components\\ui\\Modal.tsx"
2026-01-14T04:40:46.603820Z  INFO tailwindcss_oxide::scanner: Reading "D:\\IT SA Zakky\\Projects\\yuri-invent\\app\\api\\vendors\\[id]\\items\\route.ts"
2026-01-14T04:40:46.603854Z  INFO tailwindcss_oxide::scanner: Reading "D:\\IT SA Zakky\\Projects\\yuri-invent\\components\\ui\\index.ts"
2026-01-14T04:40:46.603854Z  INFO tailwindcss_oxide::scanner: Reading "D:\\IT SA Zakky\\Projects\\yuri-invent\\components\\ui\\NumberInput.tsx"
2026-01-14T04:40:46.603893Z  INFO tailwindcss_oxide::scanner: Reading "D:\\IT SA Zakky\\Projects\\yuri-invent\\app\\api\\vendors\\[id]\\items\\[itemId]\\route.ts"
2026-01-14T04:40:46.603918Z  INFO tailwindcss_oxide::scanner: Reading "D:\\IT SA Zakky\\Projects\\yuri-invent\\components\\ui\\Pagination.tsx"
2026-01-14T04:40:46.603918Z  INFO tailwindcss_oxide::scanner: Reading "D:\\IT SA Zakky\\Projects\\yuri-invent\\components\\ui\\Input.tsx"
2026-01-14T04:40:46.603966Z  INFO tailwindcss_oxide::scanner: Reading "D:\\IT SA Zakky\\Projects\\yuri-invent\\app\\api\\vendors\\[id]\\route.ts"
2026-01-14T04:40:46.603996Z  INFO tailwindcss_oxide::scanner: Reading "D:\\IT SA Zakky\\Projects\\yuri-invent\\components\\ui\\QuickActionCard.tsx"
2026-01-14T04:40:46.604019Z  INFO tailwindcss_oxide::scanner: Reading "D:\\IT SA Zakky\\Projects\\yuri-invent\\components\\ui\\Select.tsx"
2026-01-14T04:40:46.604050Z  INFO tailwindcss_oxide::scanner: Reading "D:\\IT SA Zakky\\Projects\\yuri-invent\\public\\file.svg"
2026-01-14T04:40:46.604073Z  INFO tailwindcss_oxide::scanner: Reading "D:\\IT SA Zakky\\Projects\\yuri-invent\\README.md"
2026-01-14T04:40:46.604098Z  INFO tailwindcss_oxide::scanner: Reading "D:\\IT SA Zakky\\Projects\\yuri-invent\\public\\next.svg"
2026-01-14T04:40:46.604175Z  INFO tailwindcss_oxide::scanner: Reading "D:\\IT SA Zakky\\Projects\\yuri-invent\\public\\globe.svg"
2026-01-14T04:40:46.604223Z  INFO tailwindcss_oxide::scanner: Reading "D:\\IT SA Zakky\\Projects\\yuri-invent\\scripts\\seed-categories.ts"
2026-01-14T04:40:46.604234Z  INFO tailwindcss_oxide::scanner: Reading "D:\\IT SA Zakky\\Projects\\yuri-invent\\public\\vercel.svg"
2026-01-14T04:40:46.604246Z  INFO tailwindcss_oxide::scanner: Reading "D:\\IT SA Zakky\\Projects\\yuri-invent\\public\\window.svg"
2026-01-14T04:40:46.604319Z  INFO tailwindcss_oxide::scanner: Reading "D:\\IT SA Zakky\\Projects\\yuri-invent\\tsconfig.json"
2026-01-14T04:40:46.604315Z  INFO tailwindcss_oxide::scanner: Reading "D:\\IT SA Zakky\\Projects\\yuri-invent\\scripts\\seed-uoms.ts"
2026-01-14T04:40:46.604327Z  INFO tailwindcss_oxide::scanner: Reading "D:\\IT SA Zakky\\Projects\\yuri-invent\\scripts\\seed-items.ts"
2026-01-14T04:40:46.604394Z  INFO tailwindcss_oxide::scanner: Reading "D:\\IT SA Zakky\\Projects\\yuri-invent\\prisma\\seed.sql"
2026-01-14T04:40:46.604392Z  INFO tailwindcss_oxide::scanner: Reading "D:\\IT SA Zakky\\Projects\\yuri-invent\\prisma\\schema.prisma"
2026-01-14T04:40:46.604406Z  INFO tailwindcss_oxide::scanner: Reading "D:\\IT SA Zakky\\Projects\\yuri-invent\\prisma\\seed.ts"
2026-01-14T04:40:46.604471Z  INFO tailwindcss_oxide::scanner: Reading "D:\\IT SA Zakky\\Projects\\yuri-invent\\prisma.config.ts"
2026-01-14T04:40:46.604479Z  INFO tailwindcss_oxide::scanner: Reading "D:\\IT SA Zakky\\Projects\\yuri-invent\\prisma\\seed.js"
2026-01-14T04:40:46.604505Z  INFO tailwindcss_oxide::scanner: Reading "D:\\IT SA Zakky\\Projects\\yuri-invent\\prisma\\migrations\\20260114042538_add_rbac_tables\\migration.sql"
2026-01-14T04:40:46.604540Z  INFO tailwindcss_oxide::scanner: Reading "D:\\IT SA Zakky\\Projects\\yuri-invent\\prisma\\migrations\\migration_lock.toml"
2026-01-14T04:40:46.604646Z  INFO tailwindcss_oxide::scanner: Reading "D:\\IT SA Zakky\\Projects\\yuri-invent\\postcss.config.mjs"
2026-01-14T04:40:46.605042Z  INFO extract_candidates:read_all_files: tailwindcss_oxide::scanner: exit
2026-01-14T04:40:46.605060Z  INFO extract_candidates:parse_all_blobs: tailwindcss_oxide::scanner: enter
2026-01-14T04:40:46.605067Z  INFO extract_candidates:parse_all_blobs:extract: tailwindcss_oxide::scanner: enter
2026-01-14T04:40:46.611309Z  INFO extract_candidates:parse_all_blobs:extract: tailwindcss_oxide::scanner: exit
2026-01-14T04:40:46.611354Z  INFO extract_candidates:parse_all_blobs: tailwindcss_oxide::scanner: exit
2026-01-14T04:40:46.611362Z  INFO extract_candidates:read_all_files: tailwindcss_oxide::scanner: enter
2026-01-14T04:40:46.611365Z  INFO extract_candidates:read_all_files: tailwindcss_oxide::scanner: Reading 1 file(s)
2026-01-14T04:40:46.611494Z  INFO extract_candidates:read_all_files: tailwindcss_oxide::scanner: Reading "D:\\IT SA Zakky\\Projects\\yuri-invent\\app\\globals.css"
2026-01-14T04:40:46.611510Z  INFO extract_candidates:read_all_files: tailwindcss_oxide::scanner: exit
2026-01-14T04:40:46.611522Z  INFO extract_candidates:extract_css_variables: tailwindcss_oxide::scanner: enter
2026-01-14T04:40:46.611526Z  INFO extract_candidates:extract_css_variables:extract: tailwindcss_oxide::scanner: enter
2026-01-14T04:40:46.611654Z  INFO extract_candidates:extract_css_variables:extract: tailwindcss_oxide::scanner: exit
2026-01-14T04:40:46.611664Z  INFO extract_candidates:extract_css_variables: tailwindcss_oxide::scanner: exit
2026-01-14T04:40:46.612507Z  INFO extract_candidates: tailwindcss_oxide::scanner: exit
2026-01-14T04:40:46.613348Z  INFO get_files: tailwindcss_oxide::scanner: enter
2026-01-14T04:40:46.613360Z  INFO get_files:scan_sources: tailwindcss_oxide::scanner: enter
2026-01-14T04:40:46.614526Z  INFO get_files:scan_sources: tailwindcss_oxide::scanner: Discovering "D:\\IT SA Zakky\\Projects\\yuri-invent\\app"
2026-01-14T04:40:46.614652Z  INFO get_files:scan_sources: tailwindcss_oxide::scanner: Discovering "D:\\IT SA Zakky\\Projects\\yuri-invent\\app\\(auth)"
2026-01-14T04:40:46.614797Z  INFO get_files:scan_sources: tailwindcss_oxide::scanner: Discovering "D:\\IT SA Zakky\\Projects\\yuri-invent\\app\\(auth)\\sign-in"
2026-01-14T04:40:46.614963Z  INFO get_files:scan_sources: tailwindcss_oxide::scanner: Discovering "D:\\IT SA Zakky\\Projects\\yuri-invent\\app\\(dashboard)"
2026-01-14T04:40:46.615071Z  INFO get_files:scan_sources: tailwindcss_oxide::scanner: Discovering "D:\\IT SA Zakky\\Projects\\yuri-invent\\app\\(dashboard)\\dashboard"
2026-01-14T04:40:46.615235Z  INFO get_files:scan_sources: tailwindcss_oxide::scanner: Discovering "D:\\IT SA Zakky\\Projects\\yuri-invent\\app\\(dashboard)\\master"
2026-01-14T04:40:46.615341Z  INFO get_files:scan_sources: tailwindcss_oxide::scanner: Discovering "D:\\IT SA Zakky\\Projects\\yuri-invent\\app\\(dashboard)\\master\\category"
2026-01-14T04:40:46.615483Z  INFO get_files:scan_sources: tailwindcss_oxide::scanner: Discovering "D:\\IT SA Zakky\\Projects\\yuri-invent\\app\\(dashboard)\\master\\items"
2026-01-14T04:40:46.615716Z  INFO get_files:scan_sources: tailwindcss_oxide::scanner: Discovering "D:\\IT SA Zakky\\Projects\\yuri-invent\\app\\(dashboard)\\master\\vendor"
2026-01-14T04:40:46.615857Z  INFO get_files:scan_sources: tailwindcss_oxide::scanner: Discovering "D:\\IT SA Zakky\\Projects\\yuri-invent\\app\\(dashboard)\\master\\vendor\\[id]"
2026-01-14T04:40:46.616042Z  INFO get_files:scan_sources: tailwindcss_oxide::scanner: Discovering "D:\\IT SA Zakky\\Projects\\yuri-invent\\app\\api"
2026-01-14T04:40:46.616162Z  INFO get_files:scan_sources: tailwindcss_oxide::scanner: Discovering "D:\\IT SA Zakky\\Projects\\yuri-invent\\app\\api\\categories"
2026-01-14T04:40:46.616566Z  INFO get_files:scan_sources: tailwindcss_oxide::scanner: Discovering "D:\\IT SA Zakky\\Projects\\yuri-invent\\app\\api\\categories\\[id]"
2026-01-14T04:40:46.616787Z  INFO get_files:scan_sources: tailwindcss_oxide::scanner: Discovering "D:\\IT SA Zakky\\Projects\\yuri-invent\\app\\api\\items"
2026-01-14T04:40:46.616940Z  INFO get_files:scan_sources: tailwindcss_oxide::scanner: Discovering "D:\\IT SA Zakky\\Projects\\yuri-invent\\app\\api\\items\\[id]"
2026-01-14T04:40:46.617106Z  INFO get_files:scan_sources: tailwindcss_oxide::scanner: Discovering "D:\\IT SA Zakky\\Projects\\yuri-invent\\app\\api\\uoms"
2026-01-14T04:40:46.617251Z  INFO get_files:scan_sources: tailwindcss_oxide::scanner: Discovering "D:\\IT SA Zakky\\Projects\\yuri-invent\\app\\api\\uoms\\[id]"
2026-01-14T04:40:46.617475Z  INFO get_files:scan_sources: tailwindcss_oxide::scanner: Discovering "D:\\IT SA Zakky\\Projects\\yuri-invent\\app\\api\\upload"
2026-01-14T04:40:46.617723Z  INFO get_files:scan_sources: tailwindcss_oxide::scanner: Discovering "D:\\IT SA Zakky\\Projects\\yuri-invent\\app\\api\\vendors"
2026-01-14T04:40:46.617864Z  INFO get_files:scan_sources: tailwindcss_oxide::scanner: Discovering "D:\\IT SA Zakky\\Projects\\yuri-invent\\app\\api\\vendors\\[id]"
2026-01-14T04:40:46.617987Z  INFO get_files:scan_sources: tailwindcss_oxide::scanner: Discovering "D:\\IT SA Zakky\\Projects\\yuri-invent\\app\\api\\vendors\\[id]\\items"
2026-01-14T04:40:46.618126Z  INFO get_files:scan_sources: tailwindcss_oxide::scanner: Discovering "D:\\IT SA Zakky\\Projects\\yuri-invent\\app\\api\\vendors\\[id]\\items\\[itemId]"
2026-01-14T04:40:46.618364Z  INFO get_files:scan_sources: tailwindcss_oxide::scanner: Discovering "D:\\IT SA Zakky\\Projects\\yuri-invent\\app\\generated"
2026-01-14T04:40:46.618662Z  INFO get_files:scan_sources: tailwindcss_oxide::scanner: Discovering "D:\\IT SA Zakky\\Projects\\yuri-invent\\components"
2026-01-14T04:40:46.618774Z  INFO get_files:scan_sources: tailwindcss_oxide::scanner: Discovering "D:\\IT SA Zakky\\Projects\\yuri-invent\\components\\layout"
2026-01-14T04:40:46.618916Z  INFO get_files:scan_sources: tailwindcss_oxide::scanner: Discovering "D:\\IT SA Zakky\\Projects\\yuri-invent\\components\\ui"
2026-01-14T04:40:46.619164Z  INFO get_files:scan_sources: tailwindcss_oxide::scanner: Discovering "D:\\IT SA Zakky\\Projects\\yuri-invent\\components\\ui\\filters"
2026-01-14T04:40:46.619728Z  INFO get_files:scan_sources: tailwindcss_oxide::scanner: Discovering "D:\\IT SA Zakky\\Projects\\yuri-invent\\contexts"
2026-01-14T04:40:46.619963Z  INFO get_files:scan_sources: tailwindcss_oxide::scanner: Discovering "D:\\IT SA Zakky\\Projects\\yuri-invent\\i18n"
2026-01-14T04:40:46.620208Z  INFO get_files:scan_sources: tailwindcss_oxide::scanner: Discovering "D:\\IT SA Zakky\\Projects\\yuri-invent\\lib"
2026-01-14T04:40:46.620721Z  INFO get_files:scan_sources: tailwindcss_oxide::scanner: Discovering "D:\\IT SA Zakky\\Projects\\yuri-invent\\messages"
2026-01-14T04:40:46.621483Z  INFO get_files:scan_sources: tailwindcss_oxide::scanner: Discovering "D:\\IT SA Zakky\\Projects\\yuri-invent\\prisma"
2026-01-14T04:40:46.621664Z  INFO get_files:scan_sources: tailwindcss_oxide::scanner: Discovering "D:\\IT SA Zakky\\Projects\\yuri-invent\\prisma\\migrations"
2026-01-14T04:40:46.621837Z  INFO get_files:scan_sources: tailwindcss_oxide::scanner: Discovering "D:\\IT SA Zakky\\Projects\\yuri-invent\\prisma\\migrations\\20260114042538_add_rbac_tables"
2026-01-14T04:40:46.622332Z  INFO get_files:scan_sources: tailwindcss_oxide::scanner: Discovering "D:\\IT SA Zakky\\Projects\\yuri-invent\\public"
2026-01-14T04:40:46.622688Z  INFO get_files:scan_sources: tailwindcss_oxide::scanner: Discovering "D:\\IT SA Zakky\\Projects\\yuri-invent\\public\\uploads"
2026-01-14T04:40:46.622892Z  INFO get_files:scan_sources: tailwindcss_oxide::scanner: Discovering "D:\\IT SA Zakky\\Projects\\yuri-invent\\public\\uploads\\spk-documents"
2026-01-14T04:40:46.623383Z  INFO get_files:scan_sources: tailwindcss_oxide::scanner: Discovering "D:\\IT SA Zakky\\Projects\\yuri-invent\\scripts"
2026-01-14T04:40:46.623976Z  INFO get_files:scan_sources: tailwindcss_oxide::scanner: exit
2026-01-14T04:40:46.624141Z  INFO get_files: tailwindcss_oxide::scanner: exit
2026-01-14T04:40:46.624969Z  INFO get_globs: tailwindcss_oxide::scanner: enter
2026-01-14T04:40:46.624994Z  INFO get_globs:scan_sources: tailwindcss_oxide::scanner: enter
2026-01-14T04:40:46.626732Z  INFO get_globs:scan_sources: tailwindcss_oxide::scanner: Discovering "D:\\IT SA Zakky\\Projects\\yuri-invent\\app"
2026-01-14T04:40:46.626945Z  INFO get_globs:scan_sources: tailwindcss_oxide::scanner: Discovering "D:\\IT SA Zakky\\Projects\\yuri-invent\\app\\(auth)"
2026-01-14T04:40:46.627441Z  INFO get_globs:scan_sources: tailwindcss_oxide::scanner: Discovering "D:\\IT SA Zakky\\Projects\\yuri-invent\\app\\(auth)\\sign-in"
2026-01-14T04:40:46.627801Z  INFO get_globs:scan_sources: tailwindcss_oxide::scanner: Discovering "D:\\IT SA Zakky\\Projects\\yuri-invent\\app\\(dashboard)"
2026-01-14T04:40:46.627993Z  INFO get_globs:scan_sources: tailwindcss_oxide::scanner: Discovering "D:\\IT SA Zakky\\Projects\\yuri-invent\\app\\(dashboard)\\dashboard"
2026-01-14T04:40:46.628279Z  INFO get_globs:scan_sources: tailwindcss_oxide::scanner: Discovering "D:\\IT SA Zakky\\Projects\\yuri-invent\\app\\(dashboard)\\master"
2026-01-14T04:40:46.628464Z  INFO get_globs:scan_sources: tailwindcss_oxide::scanner: Discovering "D:\\IT SA Zakky\\Projects\\yuri-invent\\app\\(dashboard)\\master\\category"
2026-01-14T04:40:46.628728Z  INFO get_globs:scan_sources: tailwindcss_oxide::scanner: Discovering "D:\\IT SA Zakky\\Projects\\yuri-invent\\app\\(dashboard)\\master\\items"
2026-01-14T04:40:46.628969Z  INFO get_globs:scan_sources: tailwindcss_oxide::scanner: Discovering "D:\\IT SA Zakky\\Projects\\yuri-invent\\app\\(dashboard)\\master\\vendor"
2026-01-14T04:40:46.629167Z  INFO get_globs:scan_sources: tailwindcss_oxide::scanner: Discovering "D:\\IT SA Zakky\\Projects\\yuri-invent\\app\\(dashboard)\\master\\vendor\\[id]"
2026-01-14T04:40:46.629479Z  INFO get_globs:scan_sources: tailwindcss_oxide::scanner: Discovering "D:\\IT SA Zakky\\Projects\\yuri-invent\\app\\api"
2026-01-14T04:40:46.629646Z  INFO get_globs:scan_sources: tailwindcss_oxide::scanner: Discovering "D:\\IT SA Zakky\\Projects\\yuri-invent\\app\\api\\categories"
2026-01-14T04:40:46.629861Z  INFO get_globs:scan_sources: tailwindcss_oxide::scanner: Discovering "D:\\IT SA Zakky\\Projects\\yuri-invent\\app\\api\\categories\\[id]"
2026-01-14T04:40:46.630121Z  INFO get_globs:scan_sources: tailwindcss_oxide::scanner: Discovering "D:\\IT SA Zakky\\Projects\\yuri-invent\\app\\api\\items"
2026-01-14T04:40:46.630556Z  INFO get_globs:scan_sources: tailwindcss_oxide::scanner: Discovering "D:\\IT SA Zakky\\Projects\\yuri-invent\\app\\api\\items\\[id]"
2026-01-14T04:40:46.630831Z  INFO get_globs:scan_sources: tailwindcss_oxide::scanner: Discovering "D:\\IT SA Zakky\\Projects\\yuri-invent\\app\\api\\uoms"
2026-01-14T04:40:46.631052Z  INFO get_globs:scan_sources: tailwindcss_oxide::scanner: Discovering "D:\\IT SA Zakky\\Projects\\yuri-invent\\app\\api\\uoms\\[id]"
2026-01-14T04:40:46.631332Z  INFO get_globs:scan_sources: tailwindcss_oxide::scanner: Discovering "D:\\IT SA Zakky\\Projects\\yuri-invent\\app\\api\\upload"
2026-01-14T04:40:46.631564Z  INFO get_globs:scan_sources: tailwindcss_oxide::scanner: Discovering "D:\\IT SA Zakky\\Projects\\yuri-invent\\app\\api\\vendors"
2026-01-14T04:40:46.631778Z  INFO get_globs:scan_sources: tailwindcss_oxide::scanner: Discovering "D:\\IT SA Zakky\\Projects\\yuri-invent\\app\\api\\vendors\\[id]"
2026-01-14T04:40:46.631970Z  INFO get_globs:scan_sources: tailwindcss_oxide::scanner: Discovering "D:\\IT SA Zakky\\Projects\\yuri-invent\\app\\api\\vendors\\[id]\\items"
2026-01-14T04:40:46.632335Z  INFO get_globs:scan_sources: tailwindcss_oxide::scanner: Discovering "D:\\IT SA Zakky\\Projects\\yuri-invent\\app\\api\\vendors\\[id]\\items\\[itemId]"
2026-01-14T04:40:46.632719Z  INFO get_globs:scan_sources: tailwindcss_oxide::scanner: Discovering "D:\\IT SA Zakky\\Projects\\yuri-invent\\app\\generated"
2026-01-14T04:40:46.633369Z  INFO get_globs:scan_sources: tailwindcss_oxide::scanner: Discovering "D:\\IT SA Zakky\\Projects\\yuri-invent\\components"
2026-01-14T04:40:46.633504Z  INFO get_globs:scan_sources: tailwindcss_oxide::scanner: Discovering "D:\\IT SA Zakky\\Projects\\yuri-invent\\components\\layout"
2026-01-14T04:40:46.633676Z  INFO get_globs:scan_sources: tailwindcss_oxide::scanner: Discovering "D:\\IT SA Zakky\\Projects\\yuri-invent\\components\\ui"
2026-01-14T04:40:46.633980Z  INFO get_globs:scan_sources: tailwindcss_oxide::scanner: Discovering "D:\\IT SA Zakky\\Projects\\yuri-invent\\components\\ui\\filters"
2026-01-14T04:40:46.634605Z  INFO get_globs:scan_sources: tailwindcss_oxide::scanner: Discovering "D:\\IT SA Zakky\\Projects\\yuri-invent\\contexts"
2026-01-14T04:40:46.634812Z  INFO get_globs:scan_sources: tailwindcss_oxide::scanner: Discovering "D:\\IT SA Zakky\\Projects\\yuri-invent\\i18n"
2026-01-14T04:40:46.634965Z  INFO get_globs:scan_sources: tailwindcss_oxide::scanner: Discovering "D:\\IT SA Zakky\\Projects\\yuri-invent\\lib"
2026-01-14T04:40:46.635246Z  INFO get_globs:scan_sources: tailwindcss_oxide::scanner: Discovering "D:\\IT SA Zakky\\Projects\\yuri-invent\\messages"
2026-01-14T04:40:46.635640Z  INFO get_globs:scan_sources: tailwindcss_oxide::scanner: Discovering "D:\\IT SA Zakky\\Projects\\yuri-invent\\prisma"
2026-01-14T04:40:46.635750Z  INFO get_globs:scan_sources: tailwindcss_oxide::scanner: Discovering "D:\\IT SA Zakky\\Projects\\yuri-invent\\prisma\\migrations"
2026-01-14T04:40:46.635860Z  INFO get_globs:scan_sources: tailwindcss_oxide::scanner: Discovering "D:\\IT SA Zakky\\Projects\\yuri-invent\\prisma\\migrations\\20260114042538_add_rbac_tables"
2026-01-14T04:40:46.636177Z  INFO get_globs:scan_sources: tailwindcss_oxide::scanner: Discovering "D:\\IT SA Zakky\\Projects\\yuri-invent\\public"
2026-01-14T04:40:46.636391Z  INFO get_globs:scan_sources: tailwindcss_oxide::scanner: Discovering "D:\\IT SA Zakky\\Projects\\yuri-invent\\public\\uploads"
2026-01-14T04:40:46.636556Z  INFO get_globs:scan_sources: tailwindcss_oxide::scanner: Discovering "D:\\IT SA Zakky\\Projects\\yuri-invent\\public\\uploads\\spk-documents"
2026-01-14T04:40:46.636976Z  INFO get_globs:scan_sources: tailwindcss_oxide::scanner: Discovering "D:\\IT SA Zakky\\Projects\\yuri-invent\\scripts"
2026-01-14T04:40:46.637362Z  INFO get_globs:scan_sources: tailwindcss_oxide::scanner: exit
2026-01-14T04:40:46.646286Z  INFO get_globs: tailwindcss_oxide::scanner: exit
2026-01-14T04:40:59.243578Z  INFO scan_sources: tailwindcss_oxide::scanner: enter
2026-01-14T04:40:59.245493Z  INFO scan_sources: tailwindcss_oxide::scanner: Discovering "D:\\IT SA Zakky\\Projects\\yuri-invent\\app"
2026-01-14T04:40:59.245696Z  INFO scan_sources: tailwindcss_oxide::scanner: Discovering "D:\\IT SA Zakky\\Projects\\yuri-invent\\app\\(auth)"
2026-01-14T04:40:59.245956Z  INFO scan_sources: tailwindcss_oxide::scanner: Discovering "D:\\IT SA Zakky\\Projects\\yuri-invent\\app\\(auth)\\sign-in"
2026-01-14T04:40:59.246230Z  INFO scan_sources: tailwindcss_oxide::scanner: Discovering "D:\\IT SA Zakky\\Projects\\yuri-invent\\app\\(dashboard)"
2026-01-14T04:40:59.246405Z  INFO scan_sources: tailwindcss_oxide::scanner: Discovering "D:\\IT SA Zakky\\Projects\\yuri-invent\\app\\(dashboard)\\dashboard"
2026-01-14T04:40:59.246753Z  INFO scan_sources: tailwindcss_oxide::scanner: Discovering "D:\\IT SA Zakky\\Projects\\yuri-invent\\app\\(dashboard)\\master"
2026-01-14T04:40:59.246969Z  INFO scan_sources: tailwindcss_oxide::scanner: Discovering "D:\\IT SA Zakky\\Projects\\yuri-invent\\app\\(dashboard)\\master\\category"
2026-01-14T04:40:59.247305Z  INFO scan_sources: tailwindcss_oxide::scanner: Discovering "D:\\IT SA Zakky\\Projects\\yuri-invent\\app\\(dashboard)\\master\\items"
2026-01-14T04:40:59.247561Z  INFO scan_sources: tailwindcss_oxide::scanner: Discovering "D:\\IT SA Zakky\\Projects\\yuri-invent\\app\\(dashboard)\\master\\vendor"
2026-01-14T04:40:59.247794Z  INFO scan_sources: tailwindcss_oxide::scanner: Discovering "D:\\IT SA Zakky\\Projects\\yuri-invent\\app\\(dashboard)\\master\\vendor\\[id]"
2026-01-14T04:40:59.248128Z  INFO scan_sources: tailwindcss_oxide::scanner: Discovering "D:\\IT SA Zakky\\Projects\\yuri-invent\\app\\actions"
2026-01-14T04:40:59.248267Z  INFO scan_sources: tailwindcss_oxide::scanner: Discovering "D:\\IT SA Zakky\\Projects\\yuri-invent\\app\\actions\\auth.ts"
2026-01-14T04:40:59.248402Z  INFO scan_sources: tailwindcss_oxide::scanner: Discovering "D:\\IT SA Zakky\\Projects\\yuri-invent\\app\\api"
2026-01-14T04:40:59.248568Z  INFO scan_sources: tailwindcss_oxide::scanner: Discovering "D:\\IT SA Zakky\\Projects\\yuri-invent\\app\\api\\categories"
2026-01-14T04:40:59.248768Z  INFO scan_sources: tailwindcss_oxide::scanner: Discovering "D:\\IT SA Zakky\\Projects\\yuri-invent\\app\\api\\categories\\[id]"
2026-01-14T04:40:59.249015Z  INFO scan_sources: tailwindcss_oxide::scanner: Discovering "D:\\IT SA Zakky\\Projects\\yuri-invent\\app\\api\\items"
2026-01-14T04:40:59.249219Z  INFO scan_sources: tailwindcss_oxide::scanner: Discovering "D:\\IT SA Zakky\\Projects\\yuri-invent\\app\\api\\items\\[id]"
2026-01-14T04:40:59.249469Z  INFO scan_sources: tailwindcss_oxide::scanner: Discovering "D:\\IT SA Zakky\\Projects\\yuri-invent\\app\\api\\uoms"
2026-01-14T04:40:59.249664Z  INFO scan_sources: tailwindcss_oxide::scanner: Discovering "D:\\IT SA Zakky\\Projects\\yuri-invent\\app\\api\\uoms\\[id]"
2026-01-14T04:40:59.249945Z  INFO scan_sources: tailwindcss_oxide::scanner: Discovering "D:\\IT SA Zakky\\Projects\\yuri-invent\\app\\api\\upload"
2026-01-14T04:40:59.250284Z  INFO scan_sources: tailwindcss_oxide::scanner: Discovering "D:\\IT SA Zakky\\Projects\\yuri-invent\\app\\api\\vendors"
2026-01-14T04:40:59.250489Z  INFO scan_sources: tailwindcss_oxide::scanner: Discovering "D:\\IT SA Zakky\\Projects\\yuri-invent\\app\\api\\vendors\\[id]"
2026-01-14T04:40:59.250707Z  INFO scan_sources: tailwindcss_oxide::scanner: Discovering "D:\\IT SA Zakky\\Projects\\yuri-invent\\app\\api\\vendors\\[id]\\items"
2026-01-14T04:40:59.250992Z  INFO scan_sources: tailwindcss_oxide::scanner: Discovering "D:\\IT SA Zakky\\Projects\\yuri-invent\\app\\api\\vendors\\[id]\\items\\[itemId]"
2026-01-14T04:40:59.251472Z  INFO scan_sources: tailwindcss_oxide::scanner: Discovering "D:\\IT SA Zakky\\Projects\\yuri-invent\\app\\generated"
2026-01-14T04:40:59.251978Z  INFO scan_sources: tailwindcss_oxide::scanner: Discovering "D:\\IT SA Zakky\\Projects\\yuri-invent\\components"
2026-01-14T04:40:59.252255Z  INFO scan_sources: tailwindcss_oxide::scanner: Discovering "D:\\IT SA Zakky\\Projects\\yuri-invent\\components\\layout"
2026-01-14T04:40:59.252512Z  INFO scan_sources: tailwindcss_oxide::scanner: Discovering "D:\\IT SA Zakky\\Projects\\yuri-invent\\components\\ui"
2026-01-14T04:40:59.252897Z  INFO scan_sources: tailwindcss_oxide::scanner: Discovering "D:\\IT SA Zakky\\Projects\\yuri-invent\\components\\ui\\filters"
2026-01-14T04:40:59.253743Z  INFO scan_sources: tailwindcss_oxide::scanner: Discovering "D:\\IT SA Zakky\\Projects\\yuri-invent\\contexts"
2026-01-14T04:40:59.254072Z  INFO scan_sources: tailwindcss_oxide::scanner: Discovering "D:\\IT SA Zakky\\Projects\\yuri-invent\\i18n"
2026-01-14T04:40:59.254313Z  INFO scan_sources: tailwindcss_oxide::scanner: Discovering "D:\\IT SA Zakky\\Projects\\yuri-invent\\lib"
2026-01-14T04:40:59.254757Z  INFO scan_sources: tailwindcss_oxide::scanner: Discovering "D:\\IT SA Zakky\\Projects\\yuri-invent\\messages"
2026-01-14T04:40:59.255341Z  INFO scan_sources: tailwindcss_oxide::scanner: Discovering "D:\\IT SA Zakky\\Projects\\yuri-invent\\prisma"
2026-01-14T04:40:59.255507Z  INFO scan_sources: tailwindcss_oxide::scanner: Discovering "D:\\IT SA Zakky\\Projects\\yuri-invent\\prisma\\migrations"
2026-01-14T04:40:59.255660Z  INFO scan_sources: tailwindcss_oxide::scanner: Discovering "D:\\IT SA Zakky\\Projects\\yuri-invent\\prisma\\migrations\\20260114042538_add_rbac_tables"
2026-01-14T04:40:59.256116Z  INFO scan_sources: tailwindcss_oxide::scanner: Discovering "D:\\IT SA Zakky\\Projects\\yuri-invent\\public"
2026-01-14T04:40:59.256365Z  INFO scan_sources: tailwindcss_oxide::scanner: Discovering "D:\\IT SA Zakky\\Projects\\yuri-invent\\public\\uploads"
2026-01-14T04:40:59.256519Z  INFO scan_sources: tailwindcss_oxide::scanner: Discovering "D:\\IT SA Zakky\\Projects\\yuri-invent\\public\\uploads\\spk-documents"
2026-01-14T04:40:59.256863Z  INFO scan_sources: tailwindcss_oxide::scanner: Discovering "D:\\IT SA Zakky\\Projects\\yuri-invent\\scripts"
2026-01-14T04:40:59.257366Z  INFO scan_sources: tailwindcss_oxide::scanner: exit
2026-01-14T04:40:59.257381Z  INFO extract_candidates: tailwindcss_oxide::scanner: enter
2026-01-14T04:40:59.257388Z  INFO extract_candidates:read_all_files: tailwindcss_oxide::scanner: enter
2026-01-14T04:40:59.257394Z  INFO extract_candidates:read_all_files: tailwindcss_oxide::scanner: Reading 1 file(s)
2026-01-14T04:40:59.257488Z  INFO extract_candidates:read_all_files: tailwindcss_oxide::scanner: Reading "D:\\IT SA Zakky\\Projects\\yuri-invent\\app\\actions\\auth.ts"
2026-01-14T04:40:59.257499Z  INFO extract_candidates:read_all_files: tailwindcss_oxide::scanner: exit
2026-01-14T04:40:59.257506Z  INFO extract_candidates:parse_all_blobs: tailwindcss_oxide::scanner: enter
2026-01-14T04:40:59.257511Z  INFO extract_candidates:parse_all_blobs:extract: tailwindcss_oxide::scanner: enter
2026-01-14T04:40:59.257815Z  INFO extract_candidates:parse_all_blobs:extract: tailwindcss_oxide::scanner: exit
2026-01-14T04:40:59.257841Z  INFO extract_candidates:parse_all_blobs: tailwindcss_oxide::scanner: exit
2026-01-14T04:40:59.257899Z  INFO extract_candidates: tailwindcss_oxide::scanner: exit
2026-01-14T04:40:59.258726Z  INFO get_files: tailwindcss_oxide::scanner: enter
2026-01-14T04:40:59.258738Z  INFO get_files:scan_sources: tailwindcss_oxide::scanner: enter
2026-01-14T04:40:59.260020Z  INFO get_files:scan_sources: tailwindcss_oxide::scanner: Discovering "D:\\IT SA Zakky\\Projects\\yuri-invent\\app"
2026-01-14T04:40:59.260174Z  INFO get_files:scan_sources: tailwindcss_oxide::scanner: Discovering "D:\\IT SA Zakky\\Projects\\yuri-invent\\app\\(auth)"
2026-01-14T04:40:59.260337Z  INFO get_files:scan_sources: tailwindcss_oxide::scanner: Discovering "D:\\IT SA Zakky\\Projects\\yuri-invent\\app\\(auth)\\sign-in"
2026-01-14T04:40:59.260522Z  INFO get_files:scan_sources: tailwindcss_oxide::scanner: Discovering "D:\\IT SA Zakky\\Projects\\yuri-invent\\app\\(dashboard)"
2026-01-14T04:40:59.260639Z  INFO get_files:scan_sources: tailwindcss_oxide::scanner: Discovering "D:\\IT SA Zakky\\Projects\\yuri-invent\\app\\(dashboard)\\dashboard"
2026-01-14T04:40:59.260831Z  INFO get_files:scan_sources: tailwindcss_oxide::scanner: Discovering "D:\\IT SA Zakky\\Projects\\yuri-invent\\app\\(dashboard)\\master"
2026-01-14T04:40:59.260951Z  INFO get_files:scan_sources: tailwindcss_oxide::scanner: Discovering "D:\\IT SA Zakky\\Projects\\yuri-invent\\app\\(dashboard)\\master\\category"
2026-01-14T04:40:59.261114Z  INFO get_files:scan_sources: tailwindcss_oxide::scanner: Discovering "D:\\IT SA Zakky\\Projects\\yuri-invent\\app\\(dashboard)\\master\\items"
2026-01-14T04:40:59.261271Z  INFO get_files:scan_sources: tailwindcss_oxide::scanner: Discovering "D:\\IT SA Zakky\\Projects\\yuri-invent\\app\\(dashboard)\\master\\vendor"
2026-01-14T04:40:59.261410Z  INFO get_files:scan_sources: tailwindcss_oxide::scanner: Discovering "D:\\IT SA Zakky\\Projects\\yuri-invent\\app\\(dashboard)\\master\\vendor\\[id]"
2026-01-14T04:40:59.261619Z  INFO get_files:scan_sources: tailwindcss_oxide::scanner: Discovering "D:\\IT SA Zakky\\Projects\\yuri-invent\\app\\actions"
2026-01-14T04:40:59.261777Z  INFO get_files:scan_sources: tailwindcss_oxide::scanner: Discovering "D:\\IT SA Zakky\\Projects\\yuri-invent\\app\\api"
2026-01-14T04:40:59.261887Z  INFO get_files:scan_sources: tailwindcss_oxide::scanner: Discovering "D:\\IT SA Zakky\\Projects\\yuri-invent\\app\\api\\categories"
2026-01-14T04:40:59.262033Z  INFO get_files:scan_sources: tailwindcss_oxide::scanner: Discovering "D:\\IT SA Zakky\\Projects\\yuri-invent\\app\\api\\categories\\[id]"
2026-01-14T04:40:59.262219Z  INFO get_files:scan_sources: tailwindcss_oxide::scanner: Discovering "D:\\IT SA Zakky\\Projects\\yuri-invent\\app\\api\\items"
2026-01-14T04:40:59.262365Z  INFO get_files:scan_sources: tailwindcss_oxide::scanner: Discovering "D:\\IT SA Zakky\\Projects\\yuri-invent\\app\\api\\items\\[id]"
2026-01-14T04:40:59.262537Z  INFO get_files:scan_sources: tailwindcss_oxide::scanner: Discovering "D:\\IT SA Zakky\\Projects\\yuri-invent\\app\\api\\uoms"
2026-01-14T04:40:59.262669Z  INFO get_files:scan_sources: tailwindcss_oxide::scanner: Discovering "D:\\IT SA Zakky\\Projects\\yuri-invent\\app\\api\\uoms\\[id]"
2026-01-14T04:40:59.262830Z  INFO get_files:scan_sources: tailwindcss_oxide::scanner: Discovering "D:\\IT SA Zakky\\Projects\\yuri-invent\\app\\api\\upload"
2026-01-14T04:40:59.262979Z  INFO get_files:scan_sources: tailwindcss_oxide::scanner: Discovering "D:\\IT SA Zakky\\Projects\\yuri-invent\\app\\api\\vendors"
2026-01-14T04:40:59.263111Z  INFO get_files:scan_sources: tailwindcss_oxide::scanner: Discovering "D:\\IT SA Zakky\\Projects\\yuri-invent\\app\\api\\vendors\\[id]"
2026-01-14T04:40:59.263219Z  INFO get_files:scan_sources: tailwindcss_oxide::scanner: Discovering "D:\\IT SA Zakky\\Projects\\yuri-invent\\app\\api\\vendors\\[id]\\items"
2026-01-14T04:40:59.263368Z  INFO get_files:scan_sources: tailwindcss_oxide::scanner: Discovering "D:\\IT SA Zakky\\Projects\\yuri-invent\\app\\api\\vendors\\[id]\\items\\[itemId]"
2026-01-14T04:40:59.263704Z  INFO get_files:scan_sources: tailwindcss_oxide::scanner: Discovering "D:\\IT SA Zakky\\Projects\\yuri-invent\\app\\generated"
2026-01-14T04:40:59.264195Z  INFO get_files:scan_sources: tailwindcss_oxide::scanner: Discovering "D:\\IT SA Zakky\\Projects\\yuri-invent\\components"
2026-01-14T04:40:59.264364Z  INFO get_files:scan_sources: tailwindcss_oxide::scanner: Discovering "D:\\IT SA Zakky\\Projects\\yuri-invent\\components\\layout"
2026-01-14T04:40:59.264601Z  INFO get_files:scan_sources: tailwindcss_oxide::scanner: Discovering "D:\\IT SA Zakky\\Projects\\yuri-invent\\components\\ui"
2026-01-14T04:40:59.264948Z  INFO get_files:scan_sources: tailwindcss_oxide::scanner: Discovering "D:\\IT SA Zakky\\Projects\\yuri-invent\\components\\ui\\filters"
2026-01-14T04:40:59.266051Z  INFO get_files:scan_sources: tailwindcss_oxide::scanner: Discovering "D:\\IT SA Zakky\\Projects\\yuri-invent\\contexts"
2026-01-14T04:40:59.266381Z  INFO get_files:scan_sources: tailwindcss_oxide::scanner: Discovering "D:\\IT SA Zakky\\Projects\\yuri-invent\\i18n"
2026-01-14T04:40:59.266693Z  INFO get_files:scan_sources: tailwindcss_oxide::scanner: Discovering "D:\\IT SA Zakky\\Projects\\yuri-invent\\lib"
2026-01-14T04:40:59.267408Z  INFO get_files:scan_sources: tailwindcss_oxide::scanner: Discovering "D:\\IT SA Zakky\\Projects\\yuri-invent\\messages"
2026-01-14T04:40:59.268108Z  INFO get_files:scan_sources: tailwindcss_oxide::scanner: Discovering "D:\\IT SA Zakky\\Projects\\yuri-invent\\prisma"
2026-01-14T04:40:59.268310Z  INFO get_files:scan_sources: tailwindcss_oxide::scanner: Discovering "D:\\IT SA Zakky\\Projects\\yuri-invent\\prisma\\migrations"
2026-01-14T04:40:59.268509Z  INFO get_files:scan_sources: tailwindcss_oxide::scanner: Discovering "D:\\IT SA Zakky\\Projects\\yuri-invent\\prisma\\migrations\\20260114042538_add_rbac_tables"
2026-01-14T04:40:59.269055Z  INFO get_files:scan_sources: tailwindcss_oxide::scanner: Discovering "D:\\IT SA Zakky\\Projects\\yuri-invent\\public"
2026-01-14T04:40:59.269369Z  INFO get_files:scan_sources: tailwindcss_oxide::scanner: Discovering "D:\\IT SA Zakky\\Projects\\yuri-invent\\public\\uploads"
2026-01-14T04:40:59.269576Z  INFO get_files:scan_sources: tailwindcss_oxide::scanner: Discovering "D:\\IT SA Zakky\\Projects\\yuri-invent\\public\\uploads\\spk-documents"
2026-01-14T04:40:59.270027Z  INFO get_files:scan_sources: tailwindcss_oxide::scanner: Discovering "D:\\IT SA Zakky\\Projects\\yuri-invent\\scripts"
2026-01-14T04:40:59.270660Z  INFO get_files:scan_sources: tailwindcss_oxide::scanner: exit
2026-01-14T04:40:59.270891Z  INFO get_files: tailwindcss_oxide::scanner: exit
2026-01-14T04:40:59.271622Z  INFO get_globs: tailwindcss_oxide::scanner: enter
2026-01-14T04:40:59.271656Z  INFO get_globs: tailwindcss_oxide::scanner: exit
2026-01-14T04:41:34.957271Z  INFO scan_sources: tailwindcss_oxide::scanner: enter
2026-01-14T04:41:34.958627Z  INFO scan_sources: tailwindcss_oxide::scanner: Discovering "D:\\IT SA Zakky\\Projects\\yuri-invent\\app"
2026-01-14T04:41:34.958765Z  INFO scan_sources: tailwindcss_oxide::scanner: Discovering "D:\\IT SA Zakky\\Projects\\yuri-invent\\app\\(auth)"
2026-01-14T04:41:34.958927Z  INFO scan_sources: tailwindcss_oxide::scanner: Discovering "D:\\IT SA Zakky\\Projects\\yuri-invent\\app\\(auth)\\sign-in"
2026-01-14T04:41:34.959127Z  INFO scan_sources: tailwindcss_oxide::scanner: Discovering "D:\\IT SA Zakky\\Projects\\yuri-invent\\app\\(dashboard)"
2026-01-14T04:41:34.959244Z  INFO scan_sources: tailwindcss_oxide::scanner: Discovering "D:\\IT SA Zakky\\Projects\\yuri-invent\\app\\(dashboard)\\dashboard"
2026-01-14T04:41:34.959446Z  INFO scan_sources: tailwindcss_oxide::scanner: Discovering "D:\\IT SA Zakky\\Projects\\yuri-invent\\app\\(dashboard)\\master"
2026-01-14T04:41:34.959565Z  INFO scan_sources: tailwindcss_oxide::scanner: Discovering "D:\\IT SA Zakky\\Projects\\yuri-invent\\app\\(dashboard)\\master\\category"
2026-01-14T04:41:34.959719Z  INFO scan_sources: tailwindcss_oxide::scanner: Discovering "D:\\IT SA Zakky\\Projects\\yuri-invent\\app\\(dashboard)\\master\\items"
2026-01-14T04:41:34.959867Z  INFO scan_sources: tailwindcss_oxide::scanner: Discovering "D:\\IT SA Zakky\\Projects\\yuri-invent\\app\\(dashboard)\\master\\vendor"
2026-01-14T04:41:34.960004Z  INFO scan_sources: tailwindcss_oxide::scanner: Discovering "D:\\IT SA Zakky\\Projects\\yuri-invent\\app\\(dashboard)\\master\\vendor\\[id]"
2026-01-14T04:41:34.960196Z  INFO scan_sources: tailwindcss_oxide::scanner: Discovering "D:\\IT SA Zakky\\Projects\\yuri-invent\\app\\actions"
2026-01-14T04:41:34.960348Z  INFO scan_sources: tailwindcss_oxide::scanner: Discovering "D:\\IT SA Zakky\\Projects\\yuri-invent\\app\\api"
2026-01-14T04:41:34.960457Z  INFO scan_sources: tailwindcss_oxide::scanner: Discovering "D:\\IT SA Zakky\\Projects\\yuri-invent\\app\\api\\categories"
2026-01-14T04:41:34.960589Z  INFO scan_sources: tailwindcss_oxide::scanner: Discovering "D:\\IT SA Zakky\\Projects\\yuri-invent\\app\\api\\categories\\[id]"
2026-01-14T04:41:34.960754Z  INFO scan_sources: tailwindcss_oxide::scanner: Discovering "D:\\IT SA Zakky\\Projects\\yuri-invent\\app\\api\\items"
2026-01-14T04:41:34.960888Z  INFO scan_sources: tailwindcss_oxide::scanner: Discovering "D:\\IT SA Zakky\\Projects\\yuri-invent\\app\\api\\items\\[id]"
2026-01-14T04:41:34.961048Z  INFO scan_sources: tailwindcss_oxide::scanner: Discovering "D:\\IT SA Zakky\\Projects\\yuri-invent\\app\\api\\uoms"
2026-01-14T04:41:34.961178Z  INFO scan_sources: tailwindcss_oxide::scanner: Discovering "D:\\IT SA Zakky\\Projects\\yuri-invent\\app\\api\\uoms\\[id]"
2026-01-14T04:41:34.961339Z  INFO scan_sources: tailwindcss_oxide::scanner: Discovering "D:\\IT SA Zakky\\Projects\\yuri-invent\\app\\api\\upload"
2026-01-14T04:41:34.961502Z  INFO scan_sources: tailwindcss_oxide::scanner: Discovering "D:\\IT SA Zakky\\Projects\\yuri-invent\\app\\api\\vendors"
2026-01-14T04:41:34.961633Z  INFO scan_sources: tailwindcss_oxide::scanner: Discovering "D:\\IT SA Zakky\\Projects\\yuri-invent\\app\\api\\vendors\\[id]"
2026-01-14T04:41:34.961747Z  INFO scan_sources: tailwindcss_oxide::scanner: Discovering "D:\\IT SA Zakky\\Projects\\yuri-invent\\app\\api\\vendors\\[id]\\items"
2026-01-14T04:41:34.961889Z  INFO scan_sources: tailwindcss_oxide::scanner: Discovering "D:\\IT SA Zakky\\Projects\\yuri-invent\\app\\api\\vendors\\[id]\\items\\[itemId]"
2026-01-14T04:41:34.962216Z  INFO scan_sources: tailwindcss_oxide::scanner: Discovering "D:\\IT SA Zakky\\Projects\\yuri-invent\\app\\generated"
2026-01-14T04:41:34.962520Z  INFO scan_sources: tailwindcss_oxide::scanner: Discovering "D:\\IT SA Zakky\\Projects\\yuri-invent\\components"
2026-01-14T04:41:34.962626Z  INFO scan_sources: tailwindcss_oxide::scanner: Discovering "D:\\IT SA Zakky\\Projects\\yuri-invent\\components\\layout"
2026-01-14T04:41:34.962771Z  INFO scan_sources: tailwindcss_oxide::scanner: Discovering "D:\\IT SA Zakky\\Projects\\yuri-invent\\components\\ui"
2026-01-14T04:41:34.963024Z  INFO scan_sources: tailwindcss_oxide::scanner: Discovering "D:\\IT SA Zakky\\Projects\\yuri-invent\\components\\ui\\filters"
2026-01-14T04:41:34.963968Z  INFO scan_sources: tailwindcss_oxide::scanner: Discovering "D:\\IT SA Zakky\\Projects\\yuri-invent\\contexts"
2026-01-14T04:41:34.964424Z  INFO scan_sources: tailwindcss_oxide::scanner: Discovering "D:\\IT SA Zakky\\Projects\\yuri-invent\\i18n"
2026-01-14T04:41:34.964719Z  INFO scan_sources: tailwindcss_oxide::scanner: Discovering "D:\\IT SA Zakky\\Projects\\yuri-invent\\lib"
2026-01-14T04:41:34.964919Z  INFO scan_sources: tailwindcss_oxide::scanner: Discovering "D:\\IT SA Zakky\\Projects\\yuri-invent\\lib\\auth.ts"
2026-01-14T04:41:34.965234Z  INFO scan_sources: tailwindcss_oxide::scanner: Discovering "D:\\IT SA Zakky\\Projects\\yuri-invent\\messages"
2026-01-14T04:41:34.965869Z  INFO scan_sources: tailwindcss_oxide::scanner: Discovering "D:\\IT SA Zakky\\Projects\\yuri-invent\\prisma"
2026-01-14T04:41:34.966065Z  INFO scan_sources: tailwindcss_oxide::scanner: Discovering "D:\\IT SA Zakky\\Projects\\yuri-invent\\prisma\\migrations"
2026-01-14T04:41:34.966332Z  INFO scan_sources: tailwindcss_oxide::scanner: Discovering "D:\\IT SA Zakky\\Projects\\yuri-invent\\prisma\\migrations\\20260114042538_add_rbac_tables"
2026-01-14T04:41:34.966851Z  INFO scan_sources: tailwindcss_oxide::scanner: Discovering "D:\\IT SA Zakky\\Projects\\yuri-invent\\public"
2026-01-14T04:41:34.967300Z  INFO scan_sources: tailwindcss_oxide::scanner: Discovering "D:\\IT SA Zakky\\Projects\\yuri-invent\\public\\uploads"
2026-01-14T04:41:34.967502Z  INFO scan_sources: tailwindcss_oxide::scanner: Discovering "D:\\IT SA Zakky\\Projects\\yuri-invent\\public\\uploads\\spk-documents"
2026-01-14T04:41:34.967982Z  INFO scan_sources: tailwindcss_oxide::scanner: Discovering "D:\\IT SA Zakky\\Projects\\yuri-invent\\scripts"
2026-01-14T04:41:34.968445Z  INFO scan_sources: tailwindcss_oxide::scanner: exit
2026-01-14T04:41:34.968464Z  INFO extract_candidates: tailwindcss_oxide::scanner: enter
2026-01-14T04:41:34.968471Z  INFO extract_candidates:read_all_files: tailwindcss_oxide::scanner: enter
2026-01-14T04:41:34.968477Z  INFO extract_candidates:read_all_files: tailwindcss_oxide::scanner: Reading 1 file(s)
2026-01-14T04:41:34.968569Z  INFO extract_candidates:read_all_files: tailwindcss_oxide::scanner: Reading "D:\\IT SA Zakky\\Projects\\yuri-invent\\lib\\auth.ts"
2026-01-14T04:41:34.968582Z  INFO extract_candidates:read_all_files: tailwindcss_oxide::scanner: exit
2026-01-14T04:41:34.968588Z  INFO extract_candidates:parse_all_blobs: tailwindcss_oxide::scanner: enter
2026-01-14T04:41:34.968593Z  INFO extract_candidates:parse_all_blobs:extract: tailwindcss_oxide::scanner: enter
2026-01-14T04:41:34.968907Z  INFO extract_candidates:parse_all_blobs:extract: tailwindcss_oxide::scanner: exit
2026-01-14T04:41:34.968933Z  INFO extract_candidates:parse_all_blobs: tailwindcss_oxide::scanner: exit
2026-01-14T04:41:34.969035Z  INFO extract_candidates: tailwindcss_oxide::scanner: exit
2026-01-14T04:41:34.970154Z  INFO get_files: tailwindcss_oxide::scanner: enter
2026-01-14T04:41:34.970243Z  INFO get_files:scan_sources: tailwindcss_oxide::scanner: enter
2026-01-14T04:41:34.971930Z  INFO get_files:scan_sources: tailwindcss_oxide::scanner: Discovering "D:\\IT SA Zakky\\Projects\\yuri-invent\\app"
2026-01-14T04:41:34.972171Z  INFO get_files:scan_sources: tailwindcss_oxide::scanner: Discovering "D:\\IT SA Zakky\\Projects\\yuri-invent\\app\\(auth)"
2026-01-14T04:41:34.972788Z  INFO get_files:scan_sources: tailwindcss_oxide::scanner: Discovering "D:\\IT SA Zakky\\Projects\\yuri-invent\\app\\(auth)\\sign-in"
2026-01-14T04:41:34.973090Z  INFO get_files:scan_sources: tailwindcss_oxide::scanner: Discovering "D:\\IT SA Zakky\\Projects\\yuri-invent\\app\\(dashboard)"
2026-01-14T04:41:34.973280Z  INFO get_files:scan_sources: tailwindcss_oxide::scanner: Discovering "D:\\IT SA Zakky\\Projects\\yuri-invent\\app\\(dashboard)\\dashboard"
2026-01-14T04:41:34.973565Z  INFO get_files:scan_sources: tailwindcss_oxide::scanner: Discovering "D:\\IT SA Zakky\\Projects\\yuri-invent\\app\\(dashboard)\\master"
2026-01-14T04:41:34.973757Z  INFO get_files:scan_sources: tailwindcss_oxide::scanner: Discovering "D:\\IT SA Zakky\\Projects\\yuri-invent\\app\\(dashboard)\\master\\category"
2026-01-14T04:41:34.974012Z  INFO get_files:scan_sources: tailwindcss_oxide::scanner: Discovering "D:\\IT SA Zakky\\Projects\\yuri-invent\\app\\(dashboard)\\master\\items"
2026-01-14T04:41:34.974340Z  INFO get_files:scan_sources: tailwindcss_oxide::scanner: Discovering "D:\\IT SA Zakky\\Projects\\yuri-invent\\app\\(dashboard)\\master\\vendor"
2026-01-14T04:41:34.974558Z  INFO get_files:scan_sources: tailwindcss_oxide::scanner: Discovering "D:\\IT SA Zakky\\Projects\\yuri-invent\\app\\(dashboard)\\master\\vendor\\[id]"
2026-01-14T04:41:34.974865Z  INFO get_files:scan_sources: tailwindcss_oxide::scanner: Discovering "D:\\IT SA Zakky\\Projects\\yuri-invent\\app\\actions"
2026-01-14T04:41:34.975115Z  INFO get_files:scan_sources: tailwindcss_oxide::scanner: Discovering "D:\\IT SA Zakky\\Projects\\yuri-invent\\app\\api"
2026-01-14T04:41:34.975292Z  INFO get_files:scan_sources: tailwindcss_oxide::scanner: Discovering "D:\\IT SA Zakky\\Projects\\yuri-invent\\app\\api\\categories"
2026-01-14T04:41:34.975503Z  INFO get_files:scan_sources: tailwindcss_oxide::scanner: Discovering "D:\\IT SA Zakky\\Projects\\yuri-invent\\app\\api\\categories\\[id]"
2026-01-14T04:41:34.975804Z  INFO get_files:scan_sources: tailwindcss_oxide::scanner: Discovering "D:\\IT SA Zakky\\Projects\\yuri-invent\\app\\api\\items"
2026-01-14T04:41:34.976007Z  INFO get_files:scan_sources: tailwindcss_oxide::scanner: Discovering "D:\\IT SA Zakky\\Projects\\yuri-invent\\app\\api\\items\\[id]"
2026-01-14T04:41:34.976265Z  INFO get_files:scan_sources: tailwindcss_oxide::scanner: Discovering "D:\\IT SA Zakky\\Projects\\yuri-invent\\app\\api\\uoms"
2026-01-14T04:41:34.976464Z  INFO get_files:scan_sources: tailwindcss_oxide::scanner: Discovering "D:\\IT SA Zakky\\Projects\\yuri-invent\\app\\api\\uoms\\[id]"
2026-01-14T04:41:34.976717Z  INFO get_files:scan_sources: tailwindcss_oxide::scanner: Discovering "D:\\IT SA Zakky\\Projects\\yuri-invent\\app\\api\\upload"
2026-01-14T04:41:34.977101Z  INFO get_files:scan_sources: tailwindcss_oxide::scanner: Discovering "D:\\IT SA Zakky\\Projects\\yuri-invent\\app\\api\\vendors"
2026-01-14T04:41:34.977365Z  INFO get_files:scan_sources: tailwindcss_oxide::scanner: Discovering "D:\\IT SA Zakky\\Projects\\yuri-invent\\app\\api\\vendors\\[id]"
2026-01-14T04:41:34.977544Z  INFO get_files:scan_sources: tailwindcss_oxide::scanner: Discovering "D:\\IT SA Zakky\\Projects\\yuri-invent\\app\\api\\vendors\\[id]\\items"
2026-01-14T04:41:34.977815Z  INFO get_files:scan_sources: tailwindcss_oxide::scanner: Discovering "D:\\IT SA Zakky\\Projects\\yuri-invent\\app\\api\\vendors\\[id]\\items\\[itemId]"
2026-01-14T04:41:34.978204Z  INFO get_files:scan_sources: tailwindcss_oxide::scanner: Discovering "D:\\IT SA Zakky\\Projects\\yuri-invent\\app\\generated"
2026-01-14T04:41:34.978677Z  INFO get_files:scan_sources: tailwindcss_oxide::scanner: Discovering "D:\\IT SA Zakky\\Projects\\yuri-invent\\components"
2026-01-14T04:41:34.978945Z  INFO get_files:scan_sources: tailwindcss_oxide::scanner: Discovering "D:\\IT SA Zakky\\Projects\\yuri-invent\\components\\layout"
2026-01-14T04:41:34.979205Z  INFO get_files:scan_sources: tailwindcss_oxide::scanner: Discovering "D:\\IT SA Zakky\\Projects\\yuri-invent\\components\\ui"
2026-01-14T04:41:34.979580Z  INFO get_files:scan_sources: tailwindcss_oxide::scanner: Discovering "D:\\IT SA Zakky\\Projects\\yuri-invent\\components\\ui\\filters"
2026-01-14T04:41:34.980584Z  INFO get_files:scan_sources: tailwindcss_oxide::scanner: Discovering "D:\\IT SA Zakky\\Projects\\yuri-invent\\contexts"
2026-01-14T04:41:34.981003Z  INFO get_files:scan_sources: tailwindcss_oxide::scanner: Discovering "D:\\IT SA Zakky\\Projects\\yuri-invent\\i18n"
2026-01-14T04:41:34.981275Z  INFO get_files:scan_sources: tailwindcss_oxide::scanner: Discovering "D:\\IT SA Zakky\\Projects\\yuri-invent\\lib"
2026-01-14T04:41:34.981738Z  INFO get_files:scan_sources: tailwindcss_oxide::scanner: Discovering "D:\\IT SA Zakky\\Projects\\yuri-invent\\messages"
2026-01-14T04:41:34.982418Z  INFO get_files:scan_sources: tailwindcss_oxide::scanner: Discovering "D:\\IT SA Zakky\\Projects\\yuri-invent\\prisma"
2026-01-14T04:41:34.982604Z  INFO get_files:scan_sources: tailwindcss_oxide::scanner: Discovering "D:\\IT SA Zakky\\Projects\\yuri-invent\\prisma\\migrations"
2026-01-14T04:41:34.982790Z  INFO get_files:scan_sources: tailwindcss_oxide::scanner: Discovering "D:\\IT SA Zakky\\Projects\\yuri-invent\\prisma\\migrations\\20260114042538_add_rbac_tables"
2026-01-14T04:41:34.983282Z  INFO get_files:scan_sources: tailwindcss_oxide::scanner: Discovering "D:\\IT SA Zakky\\Projects\\yuri-invent\\public"
2026-01-14T04:41:34.983605Z  INFO get_files:scan_sources: tailwindcss_oxide::scanner: Discovering "D:\\IT SA Zakky\\Projects\\yuri-invent\\public\\uploads"
2026-01-14T04:41:34.983791Z  INFO get_files:scan_sources: tailwindcss_oxide::scanner: Discovering "D:\\IT SA Zakky\\Projects\\yuri-invent\\public\\uploads\\spk-documents"
2026-01-14T04:41:34.984189Z  INFO get_files:scan_sources: tailwindcss_oxide::scanner: Discovering "D:\\IT SA Zakky\\Projects\\yuri-invent\\scripts"
2026-01-14T04:41:34.984656Z  INFO get_files:scan_sources: tailwindcss_oxide::scanner: exit
2026-01-14T04:41:34.984881Z  INFO get_files: tailwindcss_oxide::scanner: exit
2026-01-14T04:41:34.985238Z  INFO get_globs: tailwindcss_oxide::scanner: enter
2026-01-14T04:41:34.985260Z  INFO get_globs: tailwindcss_oxide::scanner: exit
