2026-01-14T04:37:09.666882Z  INFO tailwindcss_oxide::scanner: Provided sources:
2026-01-14T04:37:09.667458Z  INFO tailwindcss_oxide::scanner: Source: PublicSourceEntry { base: "D:\\IT SA Zakky\\Projects\\yuri-invent", pattern: "**/*", negated: false }
2026-01-14T04:37:09.668608Z  INFO tailwindcss_oxide::scanner: Optimized sources:
2026-01-14T04:37:09.668637Z  INFO tailwindcss_oxide::scanner: Source: Auto { base: "D:\\IT SA Zakky\\Projects\\yuri-invent" }
2026-01-14T04:37:09.675074Z  INFO scan_sources: tailwindcss_oxide::scanner: enter
2026-01-14T04:37:09.678963Z  INFO scan_sources: tailwindcss_oxide::scanner: Discovering "D:\\IT SA Zakky\\Projects\\yuri-invent\\app"
2026-01-14T04:37:09.679239Z  INFO scan_sources: tailwindcss_oxide::scanner: Discovering "D:\\IT SA Zakky\\Projects\\yuri-invent\\app\\(auth)"
2026-01-14T04:37:09.679574Z  INFO scan_sources: tailwindcss_oxide::scanner: Discovering "D:\\IT SA Zakky\\Projects\\yuri-invent\\app\\(auth)\\layout.tsx"
2026-01-14T04:37:09.679661Z  INFO scan_sources: tailwindcss_oxide::scanner: Discovering "D:\\IT SA Zakky\\Projects\\yuri-invent\\app\\(auth)\\sign-in"
2026-01-14T04:37:09.679758Z  INFO scan_sources: tailwindcss_oxide::scanner: Discovering "D:\\IT SA Zakky\\Projects\\yuri-invent\\app\\(auth)\\sign-in\\page.tsx"
2026-01-14T04:37:09.679857Z  INFO scan_sources: tailwindcss_oxide::scanner: Discovering "D:\\IT SA Zakky\\Projects\\yuri-invent\\app\\(dashboard)"
2026-01-14T04:37:09.679966Z  INFO scan_sources: tailwindcss_oxide::scanner: Discovering "D:\\IT SA Zakky\\Projects\\yuri-invent\\app\\(dashboard)\\dashboard"
2026-01-14T04:37:09.680054Z  INFO scan_sources: tailwindcss_oxide::scanner: Discovering "D:\\IT SA Zakky\\Projects\\yuri-invent\\app\\(dashboard)\\dashboard\\page.tsx"
2026-01-14T04:37:09.680111Z  INFO scan_sources: tailwindcss_oxide::scanner: Discovering "D:\\IT SA Zakky\\Projects\\yuri-invent\\app\\(dashboard)\\layout.tsx"
2026-01-14T04:37:09.680176Z  INFO scan_sources: tailwindcss_oxide::scanner: Discovering "D:\\IT SA Zakky\\Projects\\yuri-invent\\app\\(dashboard)\\master"
2026-01-14T04:37:09.680290Z  INFO scan_sources: tailwindcss_oxide::scanner: Discovering "D:\\IT SA Zakky\\Projects\\yuri-invent\\app\\(dashboard)\\master\\category"
2026-01-14T04:37:09.680377Z  INFO scan_sources: tailwindcss_oxide::scanner: Discovering "D:\\IT SA Zakky\\Projects\\yuri-invent\\app\\(dashboard)\\master\\category\\page.tsx"
2026-01-14T04:37:09.680459Z  INFO scan_sources: tailwindcss_oxide::scanner: Discovering "D:\\IT SA Zakky\\Projects\\yuri-invent\\app\\(dashboard)\\master\\items"
2026-01-14T04:37:09.680544Z  INFO scan_sources: tailwindcss_oxide::scanner: Discovering "D:\\IT SA Zakky\\Projects\\yuri-invent\\app\\(dashboard)\\master\\items\\page.tsx"
2026-01-14T04:37:09.680622Z  INFO scan_sources: tailwindcss_oxide::scanner: Discovering "D:\\IT SA Zakky\\Projects\\yuri-invent\\app\\(dashboard)\\master\\vendor"
2026-01-14T04:37:09.680708Z  INFO scan_sources: tailwindcss_oxide::scanner: Discovering "D:\\IT SA Zakky\\Projects\\yuri-invent\\app\\(dashboard)\\master\\vendor\\page.tsx"
2026-01-14T04:37:09.680776Z  INFO scan_sources: tailwindcss_oxide::scanner: Discovering "D:\\IT SA Zakky\\Projects\\yuri-invent\\app\\(dashboard)\\master\\vendor\\[id]"
2026-01-14T04:37:09.680863Z  INFO scan_sources: tailwindcss_oxide::scanner: Discovering "D:\\IT SA Zakky\\Projects\\yuri-invent\\app\\(dashboard)\\master\\vendor\\[id]\\page.tsx"
2026-01-14T04:37:09.680995Z  INFO scan_sources: tailwindcss_oxide::scanner: Discovering "D:\\IT SA Zakky\\Projects\\yuri-invent\\app\\api"
2026-01-14T04:37:09.681111Z  INFO scan_sources: tailwindcss_oxide::scanner: Discovering "D:\\IT SA Zakky\\Projects\\yuri-invent\\app\\api\\categories"
2026-01-14T04:37:09.681211Z  INFO scan_sources: tailwindcss_oxide::scanner: Discovering "D:\\IT SA Zakky\\Projects\\yuri-invent\\app\\api\\categories\\route.ts"
2026-01-14T04:37:09.681277Z  INFO scan_sources: tailwindcss_oxide::scanner: Discovering "D:\\IT SA Zakky\\Projects\\yuri-invent\\app\\api\\categories\\[id]"
2026-01-14T04:37:09.681363Z  INFO scan_sources: tailwindcss_oxide::scanner: Discovering "D:\\IT SA Zakky\\Projects\\yuri-invent\\app\\api\\categories\\[id]\\route.ts"
2026-01-14T04:37:09.681497Z  INFO scan_sources: tailwindcss_oxide::scanner: Discovering "D:\\IT SA Zakky\\Projects\\yuri-invent\\app\\api\\items"
2026-01-14T04:37:09.681589Z  INFO scan_sources: tailwindcss_oxide::scanner: Discovering "D:\\IT SA Zakky\\Projects\\yuri-invent\\app\\api\\items\\route.ts"
2026-01-14T04:37:09.681655Z  INFO scan_sources: tailwindcss_oxide::scanner: Discovering "D:\\IT SA Zakky\\Projects\\yuri-invent\\app\\api\\items\\[id]"
2026-01-14T04:37:09.681738Z  INFO scan_sources: tailwindcss_oxide::scanner: Discovering "D:\\IT SA Zakky\\Projects\\yuri-invent\\app\\api\\items\\[id]\\route.ts"
2026-01-14T04:37:09.681830Z  INFO scan_sources: tailwindcss_oxide::scanner: Discovering "D:\\IT SA Zakky\\Projects\\yuri-invent\\app\\api\\uoms"
2026-01-14T04:37:09.681941Z  INFO scan_sources: tailwindcss_oxide::scanner: Discovering "D:\\IT SA Zakky\\Projects\\yuri-invent\\app\\api\\uoms\\route.ts"
2026-01-14T04:37:09.682005Z  INFO scan_sources: tailwindcss_oxide::scanner: Discovering "D:\\IT SA Zakky\\Projects\\yuri-invent\\app\\api\\uoms\\[id]"
2026-01-14T04:37:09.682093Z  INFO scan_sources: tailwindcss_oxide::scanner: Discovering "D:\\IT SA Zakky\\Projects\\yuri-invent\\app\\api\\uoms\\[id]\\route.ts"
2026-01-14T04:37:09.682184Z  INFO scan_sources: tailwindcss_oxide::scanner: Discovering "D:\\IT SA Zakky\\Projects\\yuri-invent\\app\\api\\upload"
2026-01-14T04:37:09.682276Z  INFO scan_sources: tailwindcss_oxide::scanner: Discovering "D:\\IT SA Zakky\\Projects\\yuri-invent\\app\\api\\upload\\route.ts"
2026-01-14T04:37:09.682354Z  INFO scan_sources: tailwindcss_oxide::scanner: Discovering "D:\\IT SA Zakky\\Projects\\yuri-invent\\app\\api\\vendors"
2026-01-14T04:37:09.682442Z  INFO scan_sources: tailwindcss_oxide::scanner: Discovering "D:\\IT SA Zakky\\Projects\\yuri-invent\\app\\api\\vendors\\route.ts"
2026-01-14T04:37:09.682506Z  INFO scan_sources: tailwindcss_oxide::scanner: Discovering "D:\\IT SA Zakky\\Projects\\yuri-invent\\app\\api\\vendors\\[id]"
2026-01-14T04:37:09.682628Z  INFO scan_sources: tailwindcss_oxide::scanner: Discovering "D:\\IT SA Zakky\\Projects\\yuri-invent\\app\\api\\vendors\\[id]\\items"
2026-01-14T04:37:09.682780Z  INFO scan_sources: tailwindcss_oxide::scanner: Discovering "D:\\IT SA Zakky\\Projects\\yuri-invent\\app\\api\\vendors\\[id]\\items\\route.ts"
2026-01-14T04:37:09.682901Z  INFO scan_sources: tailwindcss_oxide::scanner: Discovering "D:\\IT SA Zakky\\Projects\\yuri-invent\\app\\api\\vendors\\[id]\\items\\[itemId]"
2026-01-14T04:37:09.683227Z  INFO scan_sources: tailwindcss_oxide::scanner: Discovering "D:\\IT SA Zakky\\Projects\\yuri-invent\\app\\api\\vendors\\[id]\\items\\[itemId]\\route.ts"
2026-01-14T04:37:09.683329Z  INFO scan_sources: tailwindcss_oxide::scanner: Discovering "D:\\IT SA Zakky\\Projects\\yuri-invent\\app\\api\\vendors\\[id]\\route.ts"
2026-01-14T04:37:09.683513Z  INFO scan_sources: tailwindcss_oxide::scanner: Discovering "D:\\IT SA Zakky\\Projects\\yuri-invent\\app\\generated"
2026-01-14T04:37:09.683727Z  INFO scan_sources: tailwindcss_oxide::scanner: Discovering "D:\\IT SA Zakky\\Projects\\yuri-invent\\app\\globals.css"
2026-01-14T04:37:09.683772Z  INFO scan_sources: tailwindcss_oxide::scanner: Discovering "D:\\IT SA Zakky\\Projects\\yuri-invent\\app\\layout.tsx"
2026-01-14T04:37:09.683817Z  INFO scan_sources: tailwindcss_oxide::scanner: Discovering "D:\\IT SA Zakky\\Projects\\yuri-invent\\app\\page.tsx"
2026-01-14T04:37:09.683903Z  INFO scan_sources: tailwindcss_oxide::scanner: Discovering "D:\\IT SA Zakky\\Projects\\yuri-invent\\components"
2026-01-14T04:37:09.684012Z  INFO scan_sources: tailwindcss_oxide::scanner: Discovering "D:\\IT SA Zakky\\Projects\\yuri-invent\\components\\layout"
2026-01-14T04:37:09.684098Z  INFO scan_sources: tailwindcss_oxide::scanner: Discovering "D:\\IT SA Zakky\\Projects\\yuri-invent\\components\\layout\\Sidebar.tsx"
2026-01-14T04:37:09.684195Z  INFO scan_sources: tailwindcss_oxide::scanner: Discovering "D:\\IT SA Zakky\\Projects\\yuri-invent\\components\\ui"
2026-01-14T04:37:09.684378Z  INFO scan_sources: tailwindcss_oxide::scanner: Discovering "D:\\IT SA Zakky\\Projects\\yuri-invent\\components\\ui\\Badge.tsx"
2026-01-14T04:37:09.684429Z  INFO scan_sources: tailwindcss_oxide::scanner: Discovering "D:\\IT SA Zakky\\Projects\\yuri-invent\\components\\ui\\BudgetProgress.tsx"
2026-01-14T04:37:09.684473Z  INFO scan_sources: tailwindcss_oxide::scanner: Discovering "D:\\IT SA Zakky\\Projects\\yuri-invent\\components\\ui\\Button.tsx"
2026-01-14T04:37:09.684518Z  INFO scan_sources: tailwindcss_oxide::scanner: Discovering "D:\\IT SA Zakky\\Projects\\yuri-invent\\components\\ui\\Dropdown.tsx"
2026-01-14T04:37:09.684563Z  INFO scan_sources: tailwindcss_oxide::scanner: Discovering "D:\\IT SA Zakky\\Projects\\yuri-invent\\components\\ui\\FilterableTableHead.tsx"
2026-01-14T04:37:09.684634Z  INFO scan_sources: tailwindcss_oxide::scanner: Discovering "D:\\IT SA Zakky\\Projects\\yuri-invent\\components\\ui\\filters"
2026-01-14T04:37:09.684735Z  INFO scan_sources: tailwindcss_oxide::scanner: Discovering "D:\\IT SA Zakky\\Projects\\yuri-invent\\components\\ui\\filters\\DateRangeFilter.tsx"
2026-01-14T04:37:09.684804Z  INFO scan_sources: tailwindcss_oxide::scanner: Discovering "D:\\IT SA Zakky\\Projects\\yuri-invent\\components\\ui\\filters\\index.ts"
2026-01-14T04:37:09.684851Z  INFO scan_sources: tailwindcss_oxide::scanner: Discovering "D:\\IT SA Zakky\\Projects\\yuri-invent\\components\\ui\\filters\\MultiSelectFilter.tsx"
2026-01-14T04:37:09.684895Z  INFO scan_sources: tailwindcss_oxide::scanner: Discovering "D:\\IT SA Zakky\\Projects\\yuri-invent\\components\\ui\\filters\\SortButton.tsx"
2026-01-14T04:37:09.684937Z  INFO scan_sources: tailwindcss_oxide::scanner: Discovering "D:\\IT SA Zakky\\Projects\\yuri-invent\\components\\ui\\filters\\TextFilter.tsx"
2026-01-14T04:37:09.684997Z  INFO scan_sources: tailwindcss_oxide::scanner: Discovering "D:\\IT SA Zakky\\Projects\\yuri-invent\\components\\ui\\index.ts"
2026-01-14T04:37:09.685054Z  INFO scan_sources: tailwindcss_oxide::scanner: Discovering "D:\\IT SA Zakky\\Projects\\yuri-invent\\components\\ui\\Input.tsx"
2026-01-14T04:37:09.685096Z  INFO scan_sources: tailwindcss_oxide::scanner: Discovering "D:\\IT SA Zakky\\Projects\\yuri-invent\\components\\ui\\Modal.tsx"
2026-01-14T04:37:09.685138Z  INFO scan_sources: tailwindcss_oxide::scanner: Discovering "D:\\IT SA Zakky\\Projects\\yuri-invent\\components\\ui\\NumberInput.tsx"
2026-01-14T04:37:09.685181Z  INFO scan_sources: tailwindcss_oxide::scanner: Discovering "D:\\IT SA Zakky\\Projects\\yuri-invent\\components\\ui\\Pagination.tsx"
2026-01-14T04:37:09.685232Z  INFO scan_sources: tailwindcss_oxide::scanner: Discovering "D:\\IT SA Zakky\\Projects\\yuri-invent\\components\\ui\\QuickActionCard.tsx"
2026-01-14T04:37:09.685296Z  INFO scan_sources: tailwindcss_oxide::scanner: Discovering "D:\\IT SA Zakky\\Projects\\yuri-invent\\components\\ui\\Select.tsx"
2026-01-14T04:37:09.685359Z  INFO scan_sources: tailwindcss_oxide::scanner: Discovering "D:\\IT SA Zakky\\Projects\\yuri-invent\\components\\ui\\SortableTableHead.tsx"
2026-01-14T04:37:09.685404Z  INFO scan_sources: tailwindcss_oxide::scanner: Discovering "D:\\IT SA Zakky\\Projects\\yuri-invent\\components\\ui\\StatsCard.tsx"
2026-01-14T04:37:09.685447Z  INFO scan_sources: tailwindcss_oxide::scanner: Discovering "D:\\IT SA Zakky\\Projects\\yuri-invent\\components\\ui\\Table.tsx"
2026-01-14T04:37:09.685490Z  INFO scan_sources: tailwindcss_oxide::scanner: Discovering "D:\\IT SA Zakky\\Projects\\yuri-invent\\components\\ui\\TableFilters.tsx"
2026-01-14T04:37:09.685532Z  INFO scan_sources: tailwindcss_oxide::scanner: Discovering "D:\\IT SA Zakky\\Projects\\yuri-invent\\components\\ui\\Tabs.tsx"
2026-01-14T04:37:09.685585Z  INFO scan_sources: tailwindcss_oxide::scanner: Discovering "D:\\IT SA Zakky\\Projects\\yuri-invent\\components\\ui\\Toggle.tsx"
2026-01-14T04:37:09.685728Z  INFO scan_sources: tailwindcss_oxide::scanner: Discovering "D:\\IT SA Zakky\\Projects\\yuri-invent\\contexts"
2026-01-14T04:37:09.685821Z  INFO scan_sources: tailwindcss_oxide::scanner: Discovering "D:\\IT SA Zakky\\Projects\\yuri-invent\\contexts\\AuthContext.tsx"
2026-01-14T04:37:09.685894Z  INFO scan_sources: tailwindcss_oxide::scanner: Discovering "D:\\IT SA Zakky\\Projects\\yuri-invent\\eslint.config.mjs"
2026-01-14T04:37:09.685971Z  INFO scan_sources: tailwindcss_oxide::scanner: Discovering "D:\\IT SA Zakky\\Projects\\yuri-invent\\i18n"
2026-01-14T04:37:09.686060Z  INFO scan_sources: tailwindcss_oxide::scanner: Discovering "D:\\IT SA Zakky\\Projects\\yuri-invent\\i18n\\request.ts"
2026-01-14T04:37:09.686135Z  INFO scan_sources: tailwindcss_oxide::scanner: Discovering "D:\\IT SA Zakky\\Projects\\yuri-invent\\lib"
2026-01-14T04:37:09.686221Z  INFO scan_sources: tailwindcss_oxide::scanner: Discovering "D:\\IT SA Zakky\\Projects\\yuri-invent\\lib\\auth.ts"
2026-01-14T04:37:09.686262Z  INFO scan_sources: tailwindcss_oxide::scanner: Discovering "D:\\IT SA Zakky\\Projects\\yuri-invent\\lib\\format.ts"
2026-01-14T04:37:09.686305Z  INFO scan_sources: tailwindcss_oxide::scanner: Discovering "D:\\IT SA Zakky\\Projects\\yuri-invent\\lib\\permissions.ts"
2026-01-14T04:37:09.686346Z  INFO scan_sources: tailwindcss_oxide::scanner: Discovering "D:\\IT SA Zakky\\Projects\\yuri-invent\\lib\\prisma.ts"
2026-01-14T04:37:09.686390Z  INFO scan_sources: tailwindcss_oxide::scanner: Discovering "D:\\IT SA Zakky\\Projects\\yuri-invent\\lib\\supabase.ts"
2026-01-14T04:37:09.686432Z  INFO scan_sources: tailwindcss_oxide::scanner: Discovering "D:\\IT SA Zakky\\Projects\\yuri-invent\\lib\\utils.ts"
2026-01-14T04:37:09.686510Z  INFO scan_sources: tailwindcss_oxide::scanner: Discovering "D:\\IT SA Zakky\\Projects\\yuri-invent\\messages"
2026-01-14T04:37:09.686595Z  INFO scan_sources: tailwindcss_oxide::scanner: Discovering "D:\\IT SA Zakky\\Projects\\yuri-invent\\messages\\en.json"
2026-01-14T04:37:09.686649Z  INFO scan_sources: tailwindcss_oxide::scanner: Discovering "D:\\IT SA Zakky\\Projects\\yuri-invent\\messages\\id.json"
2026-01-14T04:37:09.686704Z  INFO scan_sources: tailwindcss_oxide::scanner: Discovering "D:\\IT SA Zakky\\Projects\\yuri-invent\\middleware.ts"
2026-01-14T04:37:09.686753Z  INFO scan_sources: tailwindcss_oxide::scanner: Discovering "D:\\IT SA Zakky\\Projects\\yuri-invent\\next.config.ts"
2026-01-14T04:37:09.686933Z  INFO scan_sources: tailwindcss_oxide::scanner: Discovering "D:\\IT SA Zakky\\Projects\\yuri-invent\\package.json"
2026-01-14T04:37:09.686997Z  INFO scan_sources: tailwindcss_oxide::scanner: Discovering "D:\\IT SA Zakky\\Projects\\yuri-invent\\postcss.config.mjs"
2026-01-14T04:37:09.687087Z  INFO scan_sources: tailwindcss_oxide::scanner: Discovering "D:\\IT SA Zakky\\Projects\\yuri-invent\\prisma"
2026-01-14T04:37:09.687216Z  INFO scan_sources: tailwindcss_oxide::scanner: Discovering "D:\\IT SA Zakky\\Projects\\yuri-invent\\prisma\\migrations"
2026-01-14T04:37:09.687325Z  INFO scan_sources: tailwindcss_oxide::scanner: Discovering "D:\\IT SA Zakky\\Projects\\yuri-invent\\prisma\\migrations\\20260114042538_add_rbac_tables"
2026-01-14T04:37:09.687421Z  INFO scan_sources: tailwindcss_oxide::scanner: Discovering "D:\\IT SA Zakky\\Projects\\yuri-invent\\prisma\\migrations\\20260114042538_add_rbac_tables\\migration.sql"
2026-01-14T04:37:09.687480Z  INFO scan_sources: tailwindcss_oxide::scanner: Discovering "D:\\IT SA Zakky\\Projects\\yuri-invent\\prisma\\migrations\\migration_lock.toml"
2026-01-14T04:37:09.687537Z  INFO scan_sources: tailwindcss_oxide::scanner: Discovering "D:\\IT SA Zakky\\Projects\\yuri-invent\\prisma\\schema.prisma"
2026-01-14T04:37:09.687580Z  INFO scan_sources: tailwindcss_oxide::scanner: Discovering "D:\\IT SA Zakky\\Projects\\yuri-invent\\prisma\\seed.js"
2026-01-14T04:37:09.687628Z  INFO scan_sources: tailwindcss_oxide::scanner: Discovering "D:\\IT SA Zakky\\Projects\\yuri-invent\\prisma\\seed.sql"
2026-01-14T04:37:09.687687Z  INFO scan_sources: tailwindcss_oxide::scanner: Discovering "D:\\IT SA Zakky\\Projects\\yuri-invent\\prisma\\seed.ts"
2026-01-14T04:37:09.687746Z  INFO scan_sources: tailwindcss_oxide::scanner: Discovering "D:\\IT SA Zakky\\Projects\\yuri-invent\\prisma.config.ts"
2026-01-14T04:37:09.687866Z  INFO scan_sources: tailwindcss_oxide::scanner: Discovering "D:\\IT SA Zakky\\Projects\\yuri-invent\\public"
2026-01-14T04:37:09.687964Z  INFO scan_sources: tailwindcss_oxide::scanner: Discovering "D:\\IT SA Zakky\\Projects\\yuri-invent\\public\\file.svg"
2026-01-14T04:37:09.688007Z  INFO scan_sources: tailwindcss_oxide::scanner: Discovering "D:\\IT SA Zakky\\Projects\\yuri-invent\\public\\globe.svg"
2026-01-14T04:37:09.688055Z  INFO scan_sources: tailwindcss_oxide::scanner: Discovering "D:\\IT SA Zakky\\Projects\\yuri-invent\\public\\next.svg"
2026-01-14T04:37:09.688118Z  INFO scan_sources: tailwindcss_oxide::scanner: Discovering "D:\\IT SA Zakky\\Projects\\yuri-invent\\public\\uploads"
2026-01-14T04:37:09.688228Z  INFO scan_sources: tailwindcss_oxide::scanner: Discovering "D:\\IT SA Zakky\\Projects\\yuri-invent\\public\\uploads\\spk-documents"
2026-01-14T04:37:09.688369Z  INFO scan_sources: tailwindcss_oxide::scanner: Discovering "D:\\IT SA Zakky\\Projects\\yuri-invent\\public\\vercel.svg"
2026-01-14T04:37:09.688413Z  INFO scan_sources: tailwindcss_oxide::scanner: Discovering "D:\\IT SA Zakky\\Projects\\yuri-invent\\public\\window.svg"
2026-01-14T04:37:09.688471Z  INFO scan_sources: tailwindcss_oxide::scanner: Discovering "D:\\IT SA Zakky\\Projects\\yuri-invent\\README.md"
2026-01-14T04:37:09.688537Z  INFO scan_sources: tailwindcss_oxide::scanner: Discovering "D:\\IT SA Zakky\\Projects\\yuri-invent\\scripts"
2026-01-14T04:37:09.688625Z  INFO scan_sources: tailwindcss_oxide::scanner: Discovering "D:\\IT SA Zakky\\Projects\\yuri-invent\\scripts\\seed-categories.ts"
2026-01-14T04:37:09.688670Z  INFO scan_sources: tailwindcss_oxide::scanner: Discovering "D:\\IT SA Zakky\\Projects\\yuri-invent\\scripts\\seed-items.ts"
2026-01-14T04:37:09.688713Z  INFO scan_sources: tailwindcss_oxide::scanner: Discovering "D:\\IT SA Zakky\\Projects\\yuri-invent\\scripts\\seed-uoms.ts"
2026-01-14T04:37:09.688833Z  INFO scan_sources: tailwindcss_oxide::scanner: Discovering "D:\\IT SA Zakky\\Projects\\yuri-invent\\tsconfig.json"
2026-01-14T04:37:09.688925Z  INFO scan_sources: tailwindcss_oxide::scanner: exit
2026-01-14T04:37:09.688934Z  INFO extract_candidates: tailwindcss_oxide::scanner: enter
2026-01-14T04:37:09.688941Z  INFO extract_candidates:read_all_files: tailwindcss_oxide::scanner: enter
2026-01-14T04:37:09.688946Z  INFO extract_candidates:read_all_files: tailwindcss_oxide::scanner: Reading 77 file(s)
2026-01-14T04:37:09.690260Z  INFO tailwindcss_oxide::scanner: Reading "D:\\IT SA Zakky\\Projects\\yuri-invent\\public\\file.svg"
2026-01-14T04:37:09.690265Z  INFO tailwindcss_oxide::scanner: Reading "D:\\IT SA Zakky\\Projects\\yuri-invent\\app\\api\\categories\\[id]\\route.ts"
2026-01-14T04:37:09.690264Z  INFO tailwindcss_oxide::scanner: Reading "D:\\IT SA Zakky\\Projects\\yuri-invent\\app\\api\\vendors\\[id]\\items\\route.ts"
2026-01-14T04:37:09.690261Z  INFO tailwindcss_oxide::scanner: Reading "D:\\IT SA Zakky\\Projects\\yuri-invent\\app\\api\\upload\\route.ts"
2026-01-14T04:37:09.690360Z  INFO tailwindcss_oxide::scanner: Reading "D:\\IT SA Zakky\\Projects\\yuri-invent\\app\\api\\vendors\\[id]\\items\\[itemId]\\route.ts"
2026-01-14T04:37:09.690400Z  INFO tailwindcss_oxide::scanner: Reading "D:\\IT SA Zakky\\Projects\\yuri-invent\\app\\(dashboard)\\master\\vendor\\[id]\\page.tsx"
2026-01-14T04:37:09.690420Z  INFO tailwindcss_oxide::scanner: Reading "D:\\IT SA Zakky\\Projects\\yuri-invent\\app\\api\\items\\route.ts"
2026-01-14T04:37:09.690414Z  INFO tailwindcss_oxide::scanner: Reading "D:\\IT SA Zakky\\Projects\\yuri-invent\\app\\(auth)\\layout.tsx"
2026-01-14T04:37:09.690452Z  INFO tailwindcss_oxide::scanner: Reading "D:\\IT SA Zakky\\Projects\\yuri-invent\\app\\api\\vendors\\[id]\\route.ts"
2026-01-14T04:37:09.690455Z  INFO tailwindcss_oxide::scanner: Reading "D:\\IT SA Zakky\\Projects\\yuri-invent\\app\\api\\vendors\\route.ts"
2026-01-14T04:37:09.690452Z  INFO tailwindcss_oxide::scanner: Reading "D:\\IT SA Zakky\\Projects\\yuri-invent\\app\\(dashboard)\\master\\vendor\\page.tsx"
2026-01-14T04:37:09.690490Z  INFO tailwindcss_oxide::scanner: Reading "D:\\IT SA Zakky\\Projects\\yuri-invent\\app\\api\\items\\[id]\\route.ts"
2026-01-14T04:37:09.690260Z  INFO tailwindcss_oxide::scanner: Reading "D:\\IT SA Zakky\\Projects\\yuri-invent\\components\\ui\\Select.tsx"
2026-01-14T04:37:09.690505Z  INFO tailwindcss_oxide::scanner: Reading "D:\\IT SA Zakky\\Projects\\yuri-invent\\app\\api\\categories\\route.ts"
2026-01-14T04:37:09.690509Z  INFO tailwindcss_oxide::scanner: Reading "D:\\IT SA Zakky\\Projects\\yuri-invent\\app\\(auth)\\sign-in\\page.tsx"
2026-01-14T04:37:09.690524Z  INFO tailwindcss_oxide::scanner: Reading "D:\\IT SA Zakky\\Projects\\yuri-invent\\prisma\\schema.prisma"
2026-01-14T04:37:09.690532Z  INFO tailwindcss_oxide::scanner: Reading "D:\\IT SA Zakky\\Projects\\yuri-invent\\components\\ui\\filters\\index.ts"
2026-01-14T04:37:09.690549Z  INFO tailwindcss_oxide::scanner: Reading "D:\\IT SA Zakky\\Projects\\yuri-invent\\app\\api\\uoms\\route.ts"
2026-01-14T04:37:09.690267Z  INFO tailwindcss_oxide::scanner: Reading "D:\\IT SA Zakky\\Projects\\yuri-invent\\app\\(dashboard)\\master\\category\\page.tsx"
2026-01-14T04:37:09.690577Z  INFO tailwindcss_oxide::scanner: Reading "D:\\IT SA Zakky\\Projects\\yuri-invent\\components\\ui\\Input.tsx"
2026-01-14T04:37:09.690597Z  INFO tailwindcss_oxide::scanner: Reading "D:\\IT SA Zakky\\Projects\\yuri-invent\\prisma\\seed.js"
2026-01-14T04:37:09.690599Z  INFO tailwindcss_oxide::scanner: Reading "D:\\IT SA Zakky\\Projects\\yuri-invent\\components\\ui\\filters\\MultiSelectFilter.tsx"
2026-01-14T04:37:09.690267Z  INFO tailwindcss_oxide::scanner: Reading "D:\\IT SA Zakky\\Projects\\yuri-invent\\app\\(dashboard)\\dashboard\\page.tsx"
2026-01-14T04:37:09.690360Z  INFO tailwindcss_oxide::scanner: Reading "D:\\IT SA Zakky\\Projects\\yuri-invent\\public\\globe.svg"
2026-01-14T04:37:09.690641Z  INFO tailwindcss_oxide::scanner: Reading "D:\\IT SA Zakky\\Projects\\yuri-invent\\components\\ui\\Modal.tsx"
2026-01-14T04:37:09.690489Z  INFO tailwindcss_oxide::scanner: Reading "D:\\IT SA Zakky\\Projects\\yuri-invent\\next.config.ts"
2026-01-14T04:37:09.690655Z  INFO tailwindcss_oxide::scanner: Reading "D:\\IT SA Zakky\\Projects\\yuri-invent\\app\\(dashboard)\\master\\items\\page.tsx"
2026-01-14T04:37:09.690658Z  INFO tailwindcss_oxide::scanner: Reading "D:\\IT SA Zakky\\Projects\\yuri-invent\\prisma\\seed.sql"
2026-01-14T04:37:09.690569Z  INFO tailwindcss_oxide::scanner: Reading "D:\\IT SA Zakky\\Projects\\yuri-invent\\README.md"
2026-01-14T04:37:09.690593Z  INFO tailwindcss_oxide::scanner: Reading "D:\\IT SA Zakky\\Projects\\yuri-invent\\postcss.config.mjs"
2026-01-14T04:37:09.690722Z  INFO tailwindcss_oxide::scanner: Reading "D:\\IT SA Zakky\\Projects\\yuri-invent\\package.json"
2026-01-14T04:37:09.690786Z  INFO tailwindcss_oxide::scanner: Reading "D:\\IT SA Zakky\\Projects\\yuri-invent\\public\\next.svg"
2026-01-14T04:37:09.690827Z  INFO tailwindcss_oxide::scanner: Reading "D:\\IT SA Zakky\\Projects\\yuri-invent\\scripts\\seed-categories.ts"
2026-01-14T04:37:09.690845Z  INFO tailwindcss_oxide::scanner: Reading "D:\\IT SA Zakky\\Projects\\yuri-invent\\components\\ui\\QuickActionCard.tsx"
2026-01-14T04:37:09.690859Z  INFO tailwindcss_oxide::scanner: Reading "D:\\IT SA Zakky\\Projects\\yuri-invent\\components\\ui\\Pagination.tsx"
2026-01-14T04:37:09.690882Z  INFO tailwindcss_oxide::scanner: Reading "D:\\IT SA Zakky\\Projects\\yuri-invent\\scripts\\seed-items.ts"
2026-01-14T04:37:09.690894Z  INFO tailwindcss_oxide::scanner: Reading "D:\\IT SA Zakky\\Projects\\yuri-invent\\prisma\\seed.ts"
2026-01-14T04:37:09.690909Z  INFO tailwindcss_oxide::scanner: Reading "D:\\IT SA Zakky\\Projects\\yuri-invent\\prisma.config.ts"
2026-01-14T04:37:09.690918Z  INFO tailwindcss_oxide::scanner: Reading "D:\\IT SA Zakky\\Projects\\yuri-invent\\scripts\\seed-uoms.ts"
2026-01-14T04:37:09.690941Z  INFO tailwindcss_oxide::scanner: Reading "D:\\IT SA Zakky\\Projects\\yuri-invent\\components\\ui\\filters\\TextFilter.tsx"
2026-01-14T04:37:09.690951Z  INFO tailwindcss_oxide::scanner: Reading "D:\\IT SA Zakky\\Projects\\yuri-invent\\prisma\\migrations\\20260114042538_add_rbac_tables\\migration.sql"
2026-01-14T04:37:09.690960Z  INFO tailwindcss_oxide::scanner: Reading "D:\\IT SA Zakky\\Projects\\yuri-invent\\tsconfig.json"
2026-01-14T04:37:09.690605Z  INFO tailwindcss_oxide::scanner: Reading "D:\\IT SA Zakky\\Projects\\yuri-invent\\app\\api\\uoms\\[id]\\route.ts"
2026-01-14T04:37:09.690980Z  INFO tailwindcss_oxide::scanner: Reading "D:\\IT SA Zakky\\Projects\\yuri-invent\\components\\ui\\BudgetProgress.tsx"
2026-01-14T04:37:09.691007Z  INFO tailwindcss_oxide::scanner: Reading "D:\\IT SA Zakky\\Projects\\yuri-invent\\components\\ui\\NumberInput.tsx"
2026-01-14T04:37:09.691005Z  INFO tailwindcss_oxide::scanner: Reading "D:\\IT SA Zakky\\Projects\\yuri-invent\\components\\ui\\Dropdown.tsx"
2026-01-14T04:37:09.691026Z  INFO tailwindcss_oxide::scanner: Reading "D:\\IT SA Zakky\\Projects\\yuri-invent\\components\\ui\\FilterableTableHead.tsx"
2026-01-14T04:37:09.691034Z  INFO tailwindcss_oxide::scanner: Reading "D:\\IT SA Zakky\\Projects\\yuri-invent\\prisma\\migrations\\migration_lock.toml"
2026-01-14T04:37:09.690348Z  INFO tailwindcss_oxide::scanner: Reading "D:\\IT SA Zakky\\Projects\\yuri-invent\\app\\layout.tsx"
2026-01-14T04:37:09.691043Z  INFO tailwindcss_oxide::scanner: Reading "D:\\IT SA Zakky\\Projects\\yuri-invent\\i18n\\request.ts"
2026-01-14T04:37:09.691054Z  INFO tailwindcss_oxide::scanner: Reading "D:\\IT SA Zakky\\Projects\\yuri-invent\\components\\ui\\Button.tsx"
2026-01-14T04:37:09.691056Z  INFO tailwindcss_oxide::scanner: Reading "D:\\IT SA Zakky\\Projects\\yuri-invent\\public\\vercel.svg"
2026-01-14T04:37:09.690615Z  INFO tailwindcss_oxide::scanner: Reading "D:\\IT SA Zakky\\Projects\\yuri-invent\\components\\ui\\SortableTableHead.tsx"
2026-01-14T04:37:09.691094Z  INFO tailwindcss_oxide::scanner: Reading "D:\\IT SA Zakky\\Projects\\yuri-invent\\components\\ui\\TableFilters.tsx"
2026-01-14T04:37:09.691104Z  INFO tailwindcss_oxide::scanner: Reading "D:\\IT SA Zakky\\Projects\\yuri-invent\\components\\ui\\filters\\DateRangeFilter.tsx"
2026-01-14T04:37:09.691105Z  INFO tailwindcss_oxide::scanner: Reading "D:\\IT SA Zakky\\Projects\\yuri-invent\\app\\page.tsx"
2026-01-14T04:37:09.691114Z  INFO tailwindcss_oxide::scanner: Reading "D:\\IT SA Zakky\\Projects\\yuri-invent\\lib\\auth.ts"
2026-01-14T04:37:09.691117Z  INFO tailwindcss_oxide::scanner: Reading "D:\\IT SA Zakky\\Projects\\yuri-invent\\public\\window.svg"
2026-01-14T04:37:09.691127Z  INFO tailwindcss_oxide::scanner: Reading "D:\\IT SA Zakky\\Projects\\yuri-invent\\lib\\format.ts"
2026-01-14T04:37:09.691146Z  INFO tailwindcss_oxide::scanner: Reading "D:\\IT SA Zakky\\Projects\\yuri-invent\\components\\ui\\StatsCard.tsx"
2026-01-14T04:37:09.691169Z  INFO tailwindcss_oxide::scanner: Reading "D:\\IT SA Zakky\\Projects\\yuri-invent\\components\\ui\\Badge.tsx"
2026-01-14T04:37:09.691175Z  INFO tailwindcss_oxide::scanner: Reading "D:\\IT SA Zakky\\Projects\\yuri-invent\\components\\ui\\Toggle.tsx"
2026-01-14T04:37:09.691180Z  INFO tailwindcss_oxide::scanner: Reading "D:\\IT SA Zakky\\Projects\\yuri-invent\\contexts\\AuthContext.tsx"
2026-01-14T04:37:09.691182Z  INFO tailwindcss_oxide::scanner: Reading "D:\\IT SA Zakky\\Projects\\yuri-invent\\messages\\en.json"
2026-01-14T04:37:09.691198Z  INFO tailwindcss_oxide::scanner: Reading "D:\\IT SA Zakky\\Projects\\yuri-invent\\components\\ui\\Tabs.tsx"
2026-01-14T04:37:09.690667Z  INFO tailwindcss_oxide::scanner: Reading "D:\\IT SA Zakky\\Projects\\yuri-invent\\components\\ui\\filters\\SortButton.tsx"
2026-01-14T04:37:09.691227Z  INFO tailwindcss_oxide::scanner: Reading "D:\\IT SA Zakky\\Projects\\yuri-invent\\components\\layout\\Sidebar.tsx"
2026-01-14T04:37:09.691238Z  INFO tailwindcss_oxide::scanner: Reading "D:\\IT SA Zakky\\Projects\\yuri-invent\\lib\\prisma.ts"
2026-01-14T04:37:09.690954Z  INFO tailwindcss_oxide::scanner: Reading "D:\\IT SA Zakky\\Projects\\yuri-invent\\components\\ui\\index.ts"
2026-01-14T04:37:09.691268Z  INFO tailwindcss_oxide::scanner: Reading "D:\\IT SA Zakky\\Projects\\yuri-invent\\lib\\utils.ts"
2026-01-14T04:37:09.691210Z  INFO tailwindcss_oxide::scanner: Reading "D:\\IT SA Zakky\\Projects\\yuri-invent\\components\\ui\\Table.tsx"
2026-01-14T04:37:09.691176Z  INFO tailwindcss_oxide::scanner: Reading "D:\\IT SA Zakky\\Projects\\yuri-invent\\app\\(dashboard)\\layout.tsx"
2026-01-14T04:37:09.691249Z  INFO tailwindcss_oxide::scanner: Reading "D:\\IT SA Zakky\\Projects\\yuri-invent\\messages\\id.json"
2026-01-14T04:37:09.691186Z  INFO tailwindcss_oxide::scanner: Reading "D:\\IT SA Zakky\\Projects\\yuri-invent\\lib\\permissions.ts"
2026-01-14T04:37:09.691251Z  INFO tailwindcss_oxide::scanner: Reading "D:\\IT SA Zakky\\Projects\\yuri-invent\\eslint.config.mjs"
2026-01-14T04:37:09.691393Z  INFO tailwindcss_oxide::scanner: Reading "D:\\IT SA Zakky\\Projects\\yuri-invent\\lib\\supabase.ts"
2026-01-14T04:37:09.691255Z  INFO tailwindcss_oxide::scanner: Reading "D:\\IT SA Zakky\\Projects\\yuri-invent\\middleware.ts"
2026-01-14T04:37:09.691515Z  INFO extract_candidates:read_all_files: tailwindcss_oxide::scanner: exit
2026-01-14T04:37:09.691531Z  INFO extract_candidates:parse_all_blobs: tailwindcss_oxide::scanner: enter
2026-01-14T04:37:09.691537Z  INFO extract_candidates:parse_all_blobs:extract: tailwindcss_oxide::scanner: enter
2026-01-14T04:37:09.695298Z  INFO extract_candidates:parse_all_blobs:extract: tailwindcss_oxide::scanner: exit
2026-01-14T04:37:09.695361Z  INFO extract_candidates:parse_all_blobs: tailwindcss_oxide::scanner: exit
2026-01-14T04:37:09.695373Z  INFO extract_candidates:read_all_files: tailwindcss_oxide::scanner: enter
2026-01-14T04:37:09.695379Z  INFO extract_candidates:read_all_files: tailwindcss_oxide::scanner: Reading 1 file(s)
2026-01-14T04:37:09.695558Z  INFO extract_candidates:read_all_files: tailwindcss_oxide::scanner: Reading "D:\\IT SA Zakky\\Projects\\yuri-invent\\app\\globals.css"
2026-01-14T04:37:09.695579Z  INFO extract_candidates:read_all_files: tailwindcss_oxide::scanner: exit
2026-01-14T04:37:09.695592Z  INFO extract_candidates:extract_css_variables: tailwindcss_oxide::scanner: enter
2026-01-14T04:37:09.695598Z  INFO extract_candidates:extract_css_variables:extract: tailwindcss_oxide::scanner: enter
2026-01-14T04:37:09.695770Z  INFO extract_candidates:extract_css_variables:extract: tailwindcss_oxide::scanner: exit
2026-01-14T04:37:09.695798Z  INFO extract_candidates:extract_css_variables: tailwindcss_oxide::scanner: exit
2026-01-14T04:37:09.696935Z  INFO extract_candidates: tailwindcss_oxide::scanner: exit
2026-01-14T04:37:09.698384Z  INFO get_files: tailwindcss_oxide::scanner: enter
2026-01-14T04:37:09.698419Z  INFO get_files:scan_sources: tailwindcss_oxide::scanner: enter
2026-01-14T04:37:09.700323Z  INFO get_files:scan_sources: tailwindcss_oxide::scanner: Discovering "D:\\IT SA Zakky\\Projects\\yuri-invent\\app"
2026-01-14T04:37:09.700534Z  INFO get_files:scan_sources: tailwindcss_oxide::scanner: Discovering "D:\\IT SA Zakky\\Projects\\yuri-invent\\app\\(auth)"
2026-01-14T04:37:09.700760Z  INFO get_files:scan_sources: tailwindcss_oxide::scanner: Discovering "D:\\IT SA Zakky\\Projects\\yuri-invent\\app\\(auth)\\sign-in"
2026-01-14T04:37:09.701029Z  INFO get_files:scan_sources: tailwindcss_oxide::scanner: Discovering "D:\\IT SA Zakky\\Projects\\yuri-invent\\app\\(dashboard)"
2026-01-14T04:37:09.701207Z  INFO get_files:scan_sources: tailwindcss_oxide::scanner: Discovering "D:\\IT SA Zakky\\Projects\\yuri-invent\\app\\(dashboard)\\dashboard"
2026-01-14T04:37:09.701503Z  INFO get_files:scan_sources: tailwindcss_oxide::scanner: Discovering "D:\\IT SA Zakky\\Projects\\yuri-invent\\app\\(dashboard)\\master"
2026-01-14T04:37:09.701695Z  INFO get_files:scan_sources: tailwindcss_oxide::scanner: Discovering "D:\\IT SA Zakky\\Projects\\yuri-invent\\app\\(dashboard)\\master\\category"
2026-01-14T04:37:09.701952Z  INFO get_files:scan_sources: tailwindcss_oxide::scanner: Discovering "D:\\IT SA Zakky\\Projects\\yuri-invent\\app\\(dashboard)\\master\\items"
2026-01-14T04:37:09.702205Z  INFO get_files:scan_sources: tailwindcss_oxide::scanner: Discovering "D:\\IT SA Zakky\\Projects\\yuri-invent\\app\\(dashboard)\\master\\vendor"
2026-01-14T04:37:09.702549Z  INFO get_files:scan_sources: tailwindcss_oxide::scanner: Discovering "D:\\IT SA Zakky\\Projects\\yuri-invent\\app\\(dashboard)\\master\\vendor\\[id]"
2026-01-14T04:37:09.702909Z  INFO get_files:scan_sources: tailwindcss_oxide::scanner: Discovering "D:\\IT SA Zakky\\Projects\\yuri-invent\\app\\api"
2026-01-14T04:37:09.703088Z  INFO get_files:scan_sources: tailwindcss_oxide::scanner: Discovering "D:\\IT SA Zakky\\Projects\\yuri-invent\\app\\api\\categories"
2026-01-14T04:37:09.703299Z  INFO get_files:scan_sources: tailwindcss_oxide::scanner: Discovering "D:\\IT SA Zakky\\Projects\\yuri-invent\\app\\api\\categories\\[id]"
2026-01-14T04:37:09.703496Z  INFO get_files:scan_sources: tailwindcss_oxide::scanner: Discovering "D:\\IT SA Zakky\\Projects\\yuri-invent\\app\\api\\items"
2026-01-14T04:37:09.703631Z  INFO get_files:scan_sources: tailwindcss_oxide::scanner: Discovering "D:\\IT SA Zakky\\Projects\\yuri-invent\\app\\api\\items\\[id]"
2026-01-14T04:37:09.703799Z  INFO get_files:scan_sources: tailwindcss_oxide::scanner: Discovering "D:\\IT SA Zakky\\Projects\\yuri-invent\\app\\api\\uoms"
2026-01-14T04:37:09.703929Z  INFO get_files:scan_sources: tailwindcss_oxide::scanner: Discovering "D:\\IT SA Zakky\\Projects\\yuri-invent\\app\\api\\uoms\\[id]"
2026-01-14T04:37:09.704083Z  INFO get_files:scan_sources: tailwindcss_oxide::scanner: Discovering "D:\\IT SA Zakky\\Projects\\yuri-invent\\app\\api\\upload"
2026-01-14T04:37:09.704224Z  INFO get_files:scan_sources: tailwindcss_oxide::scanner: Discovering "D:\\IT SA Zakky\\Projects\\yuri-invent\\app\\api\\vendors"
2026-01-14T04:37:09.704349Z  INFO get_files:scan_sources: tailwindcss_oxide::scanner: Discovering "D:\\IT SA Zakky\\Projects\\yuri-invent\\app\\api\\vendors\\[id]"
2026-01-14T04:37:09.704454Z  INFO get_files:scan_sources: tailwindcss_oxide::scanner: Discovering "D:\\IT SA Zakky\\Projects\\yuri-invent\\app\\api\\vendors\\[id]\\items"
2026-01-14T04:37:09.704581Z  INFO get_files:scan_sources: tailwindcss_oxide::scanner: Discovering "D:\\IT SA Zakky\\Projects\\yuri-invent\\app\\api\\vendors\\[id]\\items\\[itemId]"
2026-01-14T04:37:09.704810Z  INFO get_files:scan_sources: tailwindcss_oxide::scanner: Discovering "D:\\IT SA Zakky\\Projects\\yuri-invent\\app\\generated"
2026-01-14T04:37:09.705096Z  INFO get_files:scan_sources: tailwindcss_oxide::scanner: Discovering "D:\\IT SA Zakky\\Projects\\yuri-invent\\components"
2026-01-14T04:37:09.705195Z  INFO get_files:scan_sources: tailwindcss_oxide::scanner: Discovering "D:\\IT SA Zakky\\Projects\\yuri-invent\\components\\layout"
2026-01-14T04:37:09.705336Z  INFO get_files:scan_sources: tailwindcss_oxide::scanner: Discovering "D:\\IT SA Zakky\\Projects\\yuri-invent\\components\\ui"
2026-01-14T04:37:09.705572Z  INFO get_files:scan_sources: tailwindcss_oxide::scanner: Discovering "D:\\IT SA Zakky\\Projects\\yuri-invent\\components\\ui\\filters"
2026-01-14T04:37:09.706105Z  INFO get_files:scan_sources: tailwindcss_oxide::scanner: Discovering "D:\\IT SA Zakky\\Projects\\yuri-invent\\contexts"
2026-01-14T04:37:09.706290Z  INFO get_files:scan_sources: tailwindcss_oxide::scanner: Discovering "D:\\IT SA Zakky\\Projects\\yuri-invent\\i18n"
2026-01-14T04:37:09.706427Z  INFO get_files:scan_sources: tailwindcss_oxide::scanner: Discovering "D:\\IT SA Zakky\\Projects\\yuri-invent\\lib"
2026-01-14T04:37:09.706670Z  INFO get_files:scan_sources: tailwindcss_oxide::scanner: Discovering "D:\\IT SA Zakky\\Projects\\yuri-invent\\messages"
2026-01-14T04:37:09.707029Z  INFO get_files:scan_sources: tailwindcss_oxide::scanner: Discovering "D:\\IT SA Zakky\\Projects\\yuri-invent\\prisma"
2026-01-14T04:37:09.707133Z  INFO get_files:scan_sources: tailwindcss_oxide::scanner: Discovering "D:\\IT SA Zakky\\Projects\\yuri-invent\\prisma\\migrations"
2026-01-14T04:37:09.707242Z  INFO get_files:scan_sources: tailwindcss_oxide::scanner: Discovering "D:\\IT SA Zakky\\Projects\\yuri-invent\\prisma\\migrations\\20260114042538_add_rbac_tables"
2026-01-14T04:37:09.707580Z  INFO get_files:scan_sources: tailwindcss_oxide::scanner: Discovering "D:\\IT SA Zakky\\Projects\\yuri-invent\\public"
2026-01-14T04:37:09.707760Z  INFO get_files:scan_sources: tailwindcss_oxide::scanner: Discovering "D:\\IT SA Zakky\\Projects\\yuri-invent\\public\\uploads"
2026-01-14T04:37:09.707871Z  INFO get_files:scan_sources: tailwindcss_oxide::scanner: Discovering "D:\\IT SA Zakky\\Projects\\yuri-invent\\public\\uploads\\spk-documents"
2026-01-14T04:37:09.708123Z  INFO get_files:scan_sources: tailwindcss_oxide::scanner: Discovering "D:\\IT SA Zakky\\Projects\\yuri-invent\\scripts"
2026-01-14T04:37:09.708404Z  INFO get_files:scan_sources: tailwindcss_oxide::scanner: exit
2026-01-14T04:37:09.708563Z  INFO get_files: tailwindcss_oxide::scanner: exit
2026-01-14T04:37:09.709491Z  INFO get_globs: tailwindcss_oxide::scanner: enter
2026-01-14T04:37:09.709517Z  INFO get_globs:scan_sources: tailwindcss_oxide::scanner: enter
2026-01-14T04:37:09.711297Z  INFO get_globs:scan_sources: tailwindcss_oxide::scanner: Discovering "D:\\IT SA Zakky\\Projects\\yuri-invent\\app"
2026-01-14T04:37:09.711503Z  INFO get_globs:scan_sources: tailwindcss_oxide::scanner: Discovering "D:\\IT SA Zakky\\Projects\\yuri-invent\\app\\(auth)"
2026-01-14T04:37:09.711738Z  INFO get_globs:scan_sources: tailwindcss_oxide::scanner: Discovering "D:\\IT SA Zakky\\Projects\\yuri-invent\\app\\(auth)\\sign-in"
2026-01-14T04:37:09.712036Z  INFO get_globs:scan_sources: tailwindcss_oxide::scanner: Discovering "D:\\IT SA Zakky\\Projects\\yuri-invent\\app\\(dashboard)"
2026-01-14T04:37:09.712241Z  INFO get_globs:scan_sources: tailwindcss_oxide::scanner: Discovering "D:\\IT SA Zakky\\Projects\\yuri-invent\\app\\(dashboard)\\dashboard"
2026-01-14T04:37:09.712544Z  INFO get_globs:scan_sources: tailwindcss_oxide::scanner: Discovering "D:\\IT SA Zakky\\Projects\\yuri-invent\\app\\(dashboard)\\master"
2026-01-14T04:37:09.712734Z  INFO get_globs:scan_sources: tailwindcss_oxide::scanner: Discovering "D:\\IT SA Zakky\\Projects\\yuri-invent\\app\\(dashboard)\\master\\category"
2026-01-14T04:37:09.712960Z  INFO get_globs:scan_sources: tailwindcss_oxide::scanner: Discovering "D:\\IT SA Zakky\\Projects\\yuri-invent\\app\\(dashboard)\\master\\items"
2026-01-14T04:37:09.713248Z  INFO get_globs:scan_sources: tailwindcss_oxide::scanner: Discovering "D:\\IT SA Zakky\\Projects\\yuri-invent\\app\\(dashboard)\\master\\vendor"
2026-01-14T04:37:09.713499Z  INFO get_globs:scan_sources: tailwindcss_oxide::scanner: Discovering "D:\\IT SA Zakky\\Projects\\yuri-invent\\app\\(dashboard)\\master\\vendor\\[id]"
2026-01-14T04:37:09.714150Z  INFO get_globs:scan_sources: tailwindcss_oxide::scanner: Discovering "D:\\IT SA Zakky\\Projects\\yuri-invent\\app\\api"
2026-01-14T04:37:09.714372Z  INFO get_globs:scan_sources: tailwindcss_oxide::scanner: Discovering "D:\\IT SA Zakky\\Projects\\yuri-invent\\app\\api\\categories"
2026-01-14T04:37:09.714605Z  INFO get_globs:scan_sources: tailwindcss_oxide::scanner: Discovering "D:\\IT SA Zakky\\Projects\\yuri-invent\\app\\api\\categories\\[id]"
2026-01-14T04:37:09.714870Z  INFO get_globs:scan_sources: tailwindcss_oxide::scanner: Discovering "D:\\IT SA Zakky\\Projects\\yuri-invent\\app\\api\\items"
2026-01-14T04:37:09.715089Z  INFO get_globs:scan_sources: tailwindcss_oxide::scanner: Discovering "D:\\IT SA Zakky\\Projects\\yuri-invent\\app\\api\\items\\[id]"
2026-01-14T04:37:09.715370Z  INFO get_globs:scan_sources: tailwindcss_oxide::scanner: Discovering "D:\\IT SA Zakky\\Projects\\yuri-invent\\app\\api\\uoms"
2026-01-14T04:37:09.715600Z  INFO get_globs:scan_sources: tailwindcss_oxide::scanner: Discovering "D:\\IT SA Zakky\\Projects\\yuri-invent\\app\\api\\uoms\\[id]"
2026-01-14T04:37:09.715869Z  INFO get_globs:scan_sources: tailwindcss_oxide::scanner: Discovering "D:\\IT SA Zakky\\Projects\\yuri-invent\\app\\api\\upload"
2026-01-14T04:37:09.716103Z  INFO get_globs:scan_sources: tailwindcss_oxide::scanner: Discovering "D:\\IT SA Zakky\\Projects\\yuri-invent\\app\\api\\vendors"
2026-01-14T04:37:09.716316Z  INFO get_globs:scan_sources: tailwindcss_oxide::scanner: Discovering "D:\\IT SA Zakky\\Projects\\yuri-invent\\app\\api\\vendors\\[id]"
2026-01-14T04:37:09.716528Z  INFO get_globs:scan_sources: tailwindcss_oxide::scanner: Discovering "D:\\IT SA Zakky\\Projects\\yuri-invent\\app\\api\\vendors\\[id]\\items"
2026-01-14T04:37:09.716758Z  INFO get_globs:scan_sources: tailwindcss_oxide::scanner: Discovering "D:\\IT SA Zakky\\Projects\\yuri-invent\\app\\api\\vendors\\[id]\\items\\[itemId]"
2026-01-14T04:37:09.717086Z  INFO get_globs:scan_sources: tailwindcss_oxide::scanner: Discovering "D:\\IT SA Zakky\\Projects\\yuri-invent\\app\\generated"
2026-01-14T04:37:09.717424Z  INFO get_globs:scan_sources: tailwindcss_oxide::scanner: Discovering "D:\\IT SA Zakky\\Projects\\yuri-invent\\components"
2026-01-14T04:37:09.717535Z  INFO get_globs:scan_sources: tailwindcss_oxide::scanner: Discovering "D:\\IT SA Zakky\\Projects\\yuri-invent\\components\\layout"
2026-01-14T04:37:09.717696Z  INFO get_globs:scan_sources: tailwindcss_oxide::scanner: Discovering "D:\\IT SA Zakky\\Projects\\yuri-invent\\components\\ui"
2026-01-14T04:37:09.717943Z  INFO get_globs:scan_sources: tailwindcss_oxide::scanner: Discovering "D:\\IT SA Zakky\\Projects\\yuri-invent\\components\\ui\\filters"
2026-01-14T04:37:09.718595Z  INFO get_globs:scan_sources: tailwindcss_oxide::scanner: Discovering "D:\\IT SA Zakky\\Projects\\yuri-invent\\contexts"
2026-01-14T04:37:09.718874Z  INFO get_globs:scan_sources: tailwindcss_oxide::scanner: Discovering "D:\\IT SA Zakky\\Projects\\yuri-invent\\i18n"
2026-01-14T04:37:09.719176Z  INFO get_globs:scan_sources: tailwindcss_oxide::scanner: Discovering "D:\\IT SA Zakky\\Projects\\yuri-invent\\lib"
2026-01-14T04:37:09.719608Z  INFO get_globs:scan_sources: tailwindcss_oxide::scanner: Discovering "D:\\IT SA Zakky\\Projects\\yuri-invent\\messages"
2026-01-14T04:37:09.720237Z  INFO get_globs:scan_sources: tailwindcss_oxide::scanner: Discovering "D:\\IT SA Zakky\\Projects\\yuri-invent\\prisma"
2026-01-14T04:37:09.720429Z  INFO get_globs:scan_sources: tailwindcss_oxide::scanner: Discovering "D:\\IT SA Zakky\\Projects\\yuri-invent\\prisma\\migrations"
2026-01-14T04:37:09.720613Z  INFO get_globs:scan_sources: tailwindcss_oxide::scanner: Discovering "D:\\IT SA Zakky\\Projects\\yuri-invent\\prisma\\migrations\\20260114042538_add_rbac_tables"
2026-01-14T04:37:09.721114Z  INFO get_globs:scan_sources: tailwindcss_oxide::scanner: Discovering "D:\\IT SA Zakky\\Projects\\yuri-invent\\public"
2026-01-14T04:37:09.721416Z  INFO get_globs:scan_sources: tailwindcss_oxide::scanner: Discovering "D:\\IT SA Zakky\\Projects\\yuri-invent\\public\\uploads"
2026-01-14T04:37:09.721611Z  INFO get_globs:scan_sources: tailwindcss_oxide::scanner: Discovering "D:\\IT SA Zakky\\Projects\\yuri-invent\\public\\uploads\\spk-documents"
2026-01-14T04:37:09.722016Z  INFO get_globs:scan_sources: tailwindcss_oxide::scanner: Discovering "D:\\IT SA Zakky\\Projects\\yuri-invent\\scripts"
2026-01-14T04:37:09.722454Z  INFO get_globs:scan_sources: tailwindcss_oxide::scanner: exit
2026-01-14T04:37:09.735693Z  INFO get_globs: tailwindcss_oxide::scanner: exit
2026-01-14T04:37:40.409886Z  INFO scan_sources: tailwindcss_oxide::scanner: enter
2026-01-14T04:37:40.412677Z  INFO scan_sources: tailwindcss_oxide::scanner: Discovering "D:\\IT SA Zakky\\Projects\\yuri-invent\\app"
2026-01-14T04:37:40.412896Z  INFO scan_sources: tailwindcss_oxide::scanner: Discovering "D:\\IT SA Zakky\\Projects\\yuri-invent\\app\\(auth)"
2026-01-14T04:37:40.413155Z  INFO scan_sources: tailwindcss_oxide::scanner: Discovering "D:\\IT SA Zakky\\Projects\\yuri-invent\\app\\(auth)\\sign-in"
2026-01-14T04:37:40.413728Z  INFO scan_sources: tailwindcss_oxide::scanner: Discovering "D:\\IT SA Zakky\\Projects\\yuri-invent\\app\\(dashboard)"
2026-01-14T04:37:40.413955Z  INFO scan_sources: tailwindcss_oxide::scanner: Discovering "D:\\IT SA Zakky\\Projects\\yuri-invent\\app\\(dashboard)\\dashboard"
2026-01-14T04:37:40.414272Z  INFO scan_sources: tailwindcss_oxide::scanner: Discovering "D:\\IT SA Zakky\\Projects\\yuri-invent\\app\\(dashboard)\\master"
2026-01-14T04:37:40.414495Z  INFO scan_sources: tailwindcss_oxide::scanner: Discovering "D:\\IT SA Zakky\\Projects\\yuri-invent\\app\\(dashboard)\\master\\category"
2026-01-14T04:37:40.414785Z  INFO scan_sources: tailwindcss_oxide::scanner: Discovering "D:\\IT SA Zakky\\Projects\\yuri-invent\\app\\(dashboard)\\master\\items"
2026-01-14T04:37:40.415052Z  INFO scan_sources: tailwindcss_oxide::scanner: Discovering "D:\\IT SA Zakky\\Projects\\yuri-invent\\app\\(dashboard)\\master\\vendor"
2026-01-14T04:37:40.415290Z  INFO scan_sources: tailwindcss_oxide::scanner: Discovering "D:\\IT SA Zakky\\Projects\\yuri-invent\\app\\(dashboard)\\master\\vendor\\[id]"
2026-01-14T04:37:40.415595Z  INFO scan_sources: tailwindcss_oxide::scanner: Discovering "D:\\IT SA Zakky\\Projects\\yuri-invent\\app\\api"
2026-01-14T04:37:40.415807Z  INFO scan_sources: tailwindcss_oxide::scanner: Discovering "D:\\IT SA Zakky\\Projects\\yuri-invent\\app\\api\\categories"
2026-01-14T04:37:40.416025Z  INFO scan_sources: tailwindcss_oxide::scanner: Discovering "D:\\IT SA Zakky\\Projects\\yuri-invent\\app\\api\\categories\\[id]"
2026-01-14T04:37:40.416423Z  INFO scan_sources: tailwindcss_oxide::scanner: Discovering "D:\\IT SA Zakky\\Projects\\yuri-invent\\app\\api\\items"
2026-01-14T04:37:40.416728Z  INFO scan_sources: tailwindcss_oxide::scanner: Discovering "D:\\IT SA Zakky\\Projects\\yuri-invent\\app\\api\\items\\[id]"
2026-01-14T04:37:40.417053Z  INFO scan_sources: tailwindcss_oxide::scanner: Discovering "D:\\IT SA Zakky\\Projects\\yuri-invent\\app\\api\\uoms"
2026-01-14T04:37:40.417312Z  INFO scan_sources: tailwindcss_oxide::scanner: Discovering "D:\\IT SA Zakky\\Projects\\yuri-invent\\app\\api\\uoms\\[id]"
2026-01-14T04:37:40.417570Z  INFO scan_sources: tailwindcss_oxide::scanner: Discovering "D:\\IT SA Zakky\\Projects\\yuri-invent\\app\\api\\upload"
2026-01-14T04:37:40.417793Z  INFO scan_sources: tailwindcss_oxide::scanner: Discovering "D:\\IT SA Zakky\\Projects\\yuri-invent\\app\\api\\vendors"
2026-01-14T04:37:40.418009Z  INFO scan_sources: tailwindcss_oxide::scanner: Discovering "D:\\IT SA Zakky\\Projects\\yuri-invent\\app\\api\\vendors\\[id]"
2026-01-14T04:37:40.418185Z  INFO scan_sources: tailwindcss_oxide::scanner: Discovering "D:\\IT SA Zakky\\Projects\\yuri-invent\\app\\api\\vendors\\[id]\\items"
2026-01-14T04:37:40.418395Z  INFO scan_sources: tailwindcss_oxide::scanner: Discovering "D:\\IT SA Zakky\\Projects\\yuri-invent\\app\\api\\vendors\\[id]\\items\\[itemId]"
2026-01-14T04:37:40.418779Z  INFO scan_sources: tailwindcss_oxide::scanner: Discovering "D:\\IT SA Zakky\\Projects\\yuri-invent\\app\\generated"
2026-01-14T04:37:40.419268Z  INFO scan_sources: tailwindcss_oxide::scanner: Discovering "D:\\IT SA Zakky\\Projects\\yuri-invent\\components"
2026-01-14T04:37:40.419445Z  INFO scan_sources: tailwindcss_oxide::scanner: Discovering "D:\\IT SA Zakky\\Projects\\yuri-invent\\components\\layout"
2026-01-14T04:37:40.419682Z  INFO scan_sources: tailwindcss_oxide::scanner: Discovering "D:\\IT SA Zakky\\Projects\\yuri-invent\\components\\ui"
2026-01-14T04:37:40.420048Z  INFO scan_sources: tailwindcss_oxide::scanner: Discovering "D:\\IT SA Zakky\\Projects\\yuri-invent\\components\\ui\\filters"
2026-01-14T04:37:40.420928Z  INFO scan_sources: tailwindcss_oxide::scanner: Discovering "D:\\IT SA Zakky\\Projects\\yuri-invent\\contexts"
2026-01-14T04:37:40.421245Z  INFO scan_sources: tailwindcss_oxide::scanner: Discovering "D:\\IT SA Zakky\\Projects\\yuri-invent\\i18n"
2026-01-14T04:37:40.421477Z  INFO scan_sources: tailwindcss_oxide::scanner: Discovering "D:\\IT SA Zakky\\Projects\\yuri-invent\\lib"
2026-01-14T04:37:40.421622Z  INFO scan_sources: tailwindcss_oxide::scanner: Discovering "D:\\IT SA Zakky\\Projects\\yuri-invent\\lib\\auth.ts"
2026-01-14T04:37:40.421997Z  INFO scan_sources: tailwindcss_oxide::scanner: Discovering "D:\\IT SA Zakky\\Projects\\yuri-invent\\messages"
2026-01-14T04:37:40.422688Z  INFO scan_sources: tailwindcss_oxide::scanner: Discovering "D:\\IT SA Zakky\\Projects\\yuri-invent\\prisma"
2026-01-14T04:37:40.422860Z  INFO scan_sources: tailwindcss_oxide::scanner: Discovering "D:\\IT SA Zakky\\Projects\\yuri-invent\\prisma\\migrations"
2026-01-14T04:37:40.423026Z  INFO scan_sources: tailwindcss_oxide::scanner: Discovering "D:\\IT SA Zakky\\Projects\\yuri-invent\\prisma\\migrations\\20260114042538_add_rbac_tables"
2026-01-14T04:37:40.423588Z  INFO scan_sources: tailwindcss_oxide::scanner: Discovering "D:\\IT SA Zakky\\Projects\\yuri-invent\\public"
2026-01-14T04:37:40.423880Z  INFO scan_sources: tailwindcss_oxide::scanner: Discovering "D:\\IT SA Zakky\\Projects\\yuri-invent\\public\\uploads"
2026-01-14T04:37:40.424062Z  INFO scan_sources: tailwindcss_oxide::scanner: Discovering "D:\\IT SA Zakky\\Projects\\yuri-invent\\public\\uploads\\spk-documents"
2026-01-14T04:37:40.424470Z  INFO scan_sources: tailwindcss_oxide::scanner: Discovering "D:\\IT SA Zakky\\Projects\\yuri-invent\\scripts"
2026-01-14T04:37:40.424924Z  INFO scan_sources: tailwindcss_oxide::scanner: exit
2026-01-14T04:37:40.424938Z  INFO extract_candidates: tailwindcss_oxide::scanner: enter
2026-01-14T04:37:40.424946Z  INFO extract_candidates:read_all_files: tailwindcss_oxide::scanner: enter
2026-01-14T04:37:40.424951Z  INFO extract_candidates:read_all_files: tailwindcss_oxide::scanner: Reading 1 file(s)
2026-01-14T04:37:40.425031Z  INFO extract_candidates:read_all_files: tailwindcss_oxide::scanner: Reading "D:\\IT SA Zakky\\Projects\\yuri-invent\\lib\\auth.ts"
2026-01-14T04:37:40.425043Z  INFO extract_candidates:read_all_files: tailwindcss_oxide::scanner: exit
2026-01-14T04:37:40.425050Z  INFO extract_candidates:parse_all_blobs: tailwindcss_oxide::scanner: enter
2026-01-14T04:37:40.425055Z  INFO extract_candidates:parse_all_blobs:extract: tailwindcss_oxide::scanner: enter
2026-01-14T04:37:40.425548Z  INFO extract_candidates:parse_all_blobs:extract: tailwindcss_oxide::scanner: exit
2026-01-14T04:37:40.425567Z  INFO extract_candidates:parse_all_blobs: tailwindcss_oxide::scanner: exit
2026-01-14T04:37:40.425628Z  INFO extract_candidates: tailwindcss_oxide::scanner: exit
2026-01-14T04:37:40.426705Z  INFO get_files: tailwindcss_oxide::scanner: enter
2026-01-14T04:37:40.426724Z  INFO get_files:scan_sources: tailwindcss_oxide::scanner: enter
2026-01-14T04:37:40.428359Z  INFO get_files:scan_sources: tailwindcss_oxide::scanner: Discovering "D:\\IT SA Zakky\\Projects\\yuri-invent\\app"
2026-01-14T04:37:40.428558Z  INFO get_files:scan_sources: tailwindcss_oxide::scanner: Discovering "D:\\IT SA Zakky\\Projects\\yuri-invent\\app\\(auth)"
2026-01-14T04:37:40.428777Z  INFO get_files:scan_sources: tailwindcss_oxide::scanner: Discovering "D:\\IT SA Zakky\\Projects\\yuri-invent\\app\\(auth)\\sign-in"
2026-01-14T04:37:40.429044Z  INFO get_files:scan_sources: tailwindcss_oxide::scanner: Discovering "D:\\IT SA Zakky\\Projects\\yuri-invent\\app\\(dashboard)"
2026-01-14T04:37:40.429238Z  INFO get_files:scan_sources: tailwindcss_oxide::scanner: Discovering "D:\\IT SA Zakky\\Projects\\yuri-invent\\app\\(dashboard)\\dashboard"
2026-01-14T04:37:40.429513Z  INFO get_files:scan_sources: tailwindcss_oxide::scanner: Discovering "D:\\IT SA Zakky\\Projects\\yuri-invent\\app\\(dashboard)\\master"
2026-01-14T04:37:40.429688Z  INFO get_files:scan_sources: tailwindcss_oxide::scanner: Discovering "D:\\IT SA Zakky\\Projects\\yuri-invent\\app\\(dashboard)\\master\\category"
2026-01-14T04:37:40.429924Z  INFO get_files:scan_sources: tailwindcss_oxide::scanner: Discovering "D:\\IT SA Zakky\\Projects\\yuri-invent\\app\\(dashboard)\\master\\items"
2026-01-14T04:37:40.430149Z  INFO get_files:scan_sources: tailwindcss_oxide::scanner: Discovering "D:\\IT SA Zakky\\Projects\\yuri-invent\\app\\(dashboard)\\master\\vendor"
2026-01-14T04:37:40.430358Z  INFO get_files:scan_sources: tailwindcss_oxide::scanner: Discovering "D:\\IT SA Zakky\\Projects\\yuri-invent\\app\\(dashboard)\\master\\vendor\\[id]"
2026-01-14T04:37:40.430649Z  INFO get_files:scan_sources: tailwindcss_oxide::scanner: Discovering "D:\\IT SA Zakky\\Projects\\yuri-invent\\app\\api"
2026-01-14T04:37:40.430821Z  INFO get_files:scan_sources: tailwindcss_oxide::scanner: Discovering "D:\\IT SA Zakky\\Projects\\yuri-invent\\app\\api\\categories"
2026-01-14T04:37:40.431026Z  INFO get_files:scan_sources: tailwindcss_oxide::scanner: Discovering "D:\\IT SA Zakky\\Projects\\yuri-invent\\app\\api\\categories\\[id]"
2026-01-14T04:37:40.431298Z  INFO get_files:scan_sources: tailwindcss_oxide::scanner: Discovering "D:\\IT SA Zakky\\Projects\\yuri-invent\\app\\api\\items"
2026-01-14T04:37:40.431505Z  INFO get_files:scan_sources: tailwindcss_oxide::scanner: Discovering "D:\\IT SA Zakky\\Projects\\yuri-invent\\app\\api\\items\\[id]"
2026-01-14T04:37:40.431736Z  INFO get_files:scan_sources: tailwindcss_oxide::scanner: Discovering "D:\\IT SA Zakky\\Projects\\yuri-invent\\app\\api\\uoms"
2026-01-14T04:37:40.431935Z  INFO get_files:scan_sources: tailwindcss_oxide::scanner: Discovering "D:\\IT SA Zakky\\Projects\\yuri-invent\\app\\api\\uoms\\[id]"
2026-01-14T04:37:40.432172Z  INFO get_files:scan_sources: tailwindcss_oxide::scanner: Discovering "D:\\IT SA Zakky\\Projects\\yuri-invent\\app\\api\\upload"
2026-01-14T04:37:40.432378Z  INFO get_files:scan_sources: tailwindcss_oxide::scanner: Discovering "D:\\IT SA Zakky\\Projects\\yuri-invent\\app\\api\\vendors"
2026-01-14T04:37:40.432579Z  INFO get_files:scan_sources: tailwindcss_oxide::scanner: Discovering "D:\\IT SA Zakky\\Projects\\yuri-invent\\app\\api\\vendors\\[id]"
2026-01-14T04:37:40.432765Z  INFO get_files:scan_sources: tailwindcss_oxide::scanner: Discovering "D:\\IT SA Zakky\\Projects\\yuri-invent\\app\\api\\vendors\\[id]\\items"
2026-01-14T04:37:40.432976Z  INFO get_files:scan_sources: tailwindcss_oxide::scanner: Discovering "D:\\IT SA Zakky\\Projects\\yuri-invent\\app\\api\\vendors\\[id]\\items\\[itemId]"
2026-01-14T04:37:40.433360Z  INFO get_files:scan_sources: tailwindcss_oxide::scanner: Discovering "D:\\IT SA Zakky\\Projects\\yuri-invent\\app\\generated"
2026-01-14T04:37:40.433803Z  INFO get_files:scan_sources: tailwindcss_oxide::scanner: Discovering "D:\\IT SA Zakky\\Projects\\yuri-invent\\components"
2026-01-14T04:37:40.433964Z  INFO get_files:scan_sources: tailwindcss_oxide::scanner: Discovering "D:\\IT SA Zakky\\Projects\\yuri-invent\\components\\layout"
2026-01-14T04:37:40.434177Z  INFO get_files:scan_sources: tailwindcss_oxide::scanner: Discovering "D:\\IT SA Zakky\\Projects\\yuri-invent\\components\\ui"
2026-01-14T04:37:40.434515Z  INFO get_files:scan_sources: tailwindcss_oxide::scanner: Discovering "D:\\IT SA Zakky\\Projects\\yuri-invent\\components\\ui\\filters"
2026-01-14T04:37:40.435430Z  INFO get_files:scan_sources: tailwindcss_oxide::scanner: Discovering "D:\\IT SA Zakky\\Projects\\yuri-invent\\contexts"
2026-01-14T04:37:40.435784Z  INFO get_files:scan_sources: tailwindcss_oxide::scanner: Discovering "D:\\IT SA Zakky\\Projects\\yuri-invent\\i18n"
2026-01-14T04:37:40.436038Z  INFO get_files:scan_sources: tailwindcss_oxide::scanner: Discovering "D:\\IT SA Zakky\\Projects\\yuri-invent\\lib"
2026-01-14T04:37:40.436454Z  INFO get_files:scan_sources: tailwindcss_oxide::scanner: Discovering "D:\\IT SA Zakky\\Projects\\yuri-invent\\messages"
2026-01-14T04:37:40.437085Z  INFO get_files:scan_sources: tailwindcss_oxide::scanner: Discovering "D:\\IT SA Zakky\\Projects\\yuri-invent\\prisma"
2026-01-14T04:37:40.437301Z  INFO get_files:scan_sources: tailwindcss_oxide::scanner: Discovering "D:\\IT SA Zakky\\Projects\\yuri-invent\\prisma\\migrations"
2026-01-14T04:37:40.437485Z  INFO get_files:scan_sources: tailwindcss_oxide::scanner: Discovering "D:\\IT SA Zakky\\Projects\\yuri-invent\\prisma\\migrations\\20260114042538_add_rbac_tables"
2026-01-14T04:37:40.438003Z  INFO get_files:scan_sources: tailwindcss_oxide::scanner: Discovering "D:\\IT SA Zakky\\Projects\\yuri-invent\\public"
2026-01-14T04:37:40.438270Z  INFO get_files:scan_sources: tailwindcss_oxide::scanner: Discovering "D:\\IT SA Zakky\\Projects\\yuri-invent\\public\\uploads"
2026-01-14T04:37:40.438433Z  INFO get_files:scan_sources: tailwindcss_oxide::scanner: Discovering "D:\\IT SA Zakky\\Projects\\yuri-invent\\public\\uploads\\spk-documents"
2026-01-14T04:37:40.438816Z  INFO get_files:scan_sources: tailwindcss_oxide::scanner: Discovering "D:\\IT SA Zakky\\Projects\\yuri-invent\\scripts"
2026-01-14T04:37:40.440694Z  INFO get_files:scan_sources: tailwindcss_oxide::scanner: exit
2026-01-14T04:37:40.445029Z  INFO get_files: tailwindcss_oxide::scanner: exit
2026-01-14T04:37:40.445665Z  INFO get_globs: tailwindcss_oxide::scanner: enter
2026-01-14T04:37:40.445695Z  INFO get_globs: tailwindcss_oxide::scanner: exit
2026-01-14T04:38:04.091143Z  INFO scan_sources: tailwindcss_oxide::scanner: enter
2026-01-14T04:38:04.093148Z  INFO scan_sources: tailwindcss_oxide::scanner: Discovering "D:\\IT SA Zakky\\Projects\\yuri-invent\\app"
2026-01-14T04:38:04.093421Z  INFO scan_sources: tailwindcss_oxide::scanner: Discovering "D:\\IT SA Zakky\\Projects\\yuri-invent\\app\\(auth)"
2026-01-14T04:38:04.093671Z  INFO scan_sources: tailwindcss_oxide::scanner: Discovering "D:\\IT SA Zakky\\Projects\\yuri-invent\\app\\(auth)\\sign-in"
2026-01-14T04:38:04.093984Z  INFO scan_sources: tailwindcss_oxide::scanner: Discovering "D:\\IT SA Zakky\\Projects\\yuri-invent\\app\\(dashboard)"
2026-01-14T04:38:04.094180Z  INFO scan_sources: tailwindcss_oxide::scanner: Discovering "D:\\IT SA Zakky\\Projects\\yuri-invent\\app\\(dashboard)\\dashboard"
2026-01-14T04:38:04.094462Z  INFO scan_sources: tailwindcss_oxide::scanner: Discovering "D:\\IT SA Zakky\\Projects\\yuri-invent\\app\\(dashboard)\\master"
2026-01-14T04:38:04.094685Z  INFO scan_sources: tailwindcss_oxide::scanner: Discovering "D:\\IT SA Zakky\\Projects\\yuri-invent\\app\\(dashboard)\\master\\category"
2026-01-14T04:38:04.094966Z  INFO scan_sources: tailwindcss_oxide::scanner: Discovering "D:\\IT SA Zakky\\Projects\\yuri-invent\\app\\(dashboard)\\master\\items"
2026-01-14T04:38:04.095238Z  INFO scan_sources: tailwindcss_oxide::scanner: Discovering "D:\\IT SA Zakky\\Projects\\yuri-invent\\app\\(dashboard)\\master\\vendor"
2026-01-14T04:38:04.095476Z  INFO scan_sources: tailwindcss_oxide::scanner: Discovering "D:\\IT SA Zakky\\Projects\\yuri-invent\\app\\(dashboard)\\master\\vendor\\[id]"
2026-01-14T04:38:04.095800Z  INFO scan_sources: tailwindcss_oxide::scanner: Discovering "D:\\IT SA Zakky\\Projects\\yuri-invent\\app\\api"
2026-01-14T04:38:04.095978Z  INFO scan_sources: tailwindcss_oxide::scanner: Discovering "D:\\IT SA Zakky\\Projects\\yuri-invent\\app\\api\\categories"
2026-01-14T04:38:04.096202Z  INFO scan_sources: tailwindcss_oxide::scanner: Discovering "D:\\IT SA Zakky\\Projects\\yuri-invent\\app\\api\\categories\\[id]"
2026-01-14T04:38:04.096462Z  INFO scan_sources: tailwindcss_oxide::scanner: Discovering "D:\\IT SA Zakky\\Projects\\yuri-invent\\app\\api\\items"
2026-01-14T04:38:04.096673Z  INFO scan_sources: tailwindcss_oxide::scanner: Discovering "D:\\IT SA Zakky\\Projects\\yuri-invent\\app\\api\\items\\[id]"
2026-01-14T04:38:04.096928Z  INFO scan_sources: tailwindcss_oxide::scanner: Discovering "D:\\IT SA Zakky\\Projects\\yuri-invent\\app\\api\\uoms"
2026-01-14T04:38:04.097137Z  INFO scan_sources: tailwindcss_oxide::scanner: Discovering "D:\\IT SA Zakky\\Projects\\yuri-invent\\app\\api\\uoms\\[id]"
2026-01-14T04:38:04.097422Z  INFO scan_sources: tailwindcss_oxide::scanner: Discovering "D:\\IT SA Zakky\\Projects\\yuri-invent\\app\\api\\upload"
2026-01-14T04:38:04.097656Z  INFO scan_sources: tailwindcss_oxide::scanner: Discovering "D:\\IT SA Zakky\\Projects\\yuri-invent\\app\\api\\vendors"
2026-01-14T04:38:04.097874Z  INFO scan_sources: tailwindcss_oxide::scanner: Discovering "D:\\IT SA Zakky\\Projects\\yuri-invent\\app\\api\\vendors\\[id]"
2026-01-14T04:38:04.098050Z  INFO scan_sources: tailwindcss_oxide::scanner: Discovering "D:\\IT SA Zakky\\Projects\\yuri-invent\\app\\api\\vendors\\[id]\\items"
2026-01-14T04:38:04.098266Z  INFO scan_sources: tailwindcss_oxide::scanner: Discovering "D:\\IT SA Zakky\\Projects\\yuri-invent\\app\\api\\vendors\\[id]\\items\\[itemId]"
2026-01-14T04:38:04.098657Z  INFO scan_sources: tailwindcss_oxide::scanner: Discovering "D:\\IT SA Zakky\\Projects\\yuri-invent\\app\\generated"
2026-01-14T04:38:04.099129Z  INFO scan_sources: tailwindcss_oxide::scanner: Discovering "D:\\IT SA Zakky\\Projects\\yuri-invent\\components"
2026-01-14T04:38:04.099316Z  INFO scan_sources: tailwindcss_oxide::scanner: Discovering "D:\\IT SA Zakky\\Projects\\yuri-invent\\components\\layout"
2026-01-14T04:38:04.099580Z  INFO scan_sources: tailwindcss_oxide::scanner: Discovering "D:\\IT SA Zakky\\Projects\\yuri-invent\\components\\ui"
2026-01-14T04:38:04.099938Z  INFO scan_sources: tailwindcss_oxide::scanner: Discovering "D:\\IT SA Zakky\\Projects\\yuri-invent\\components\\ui\\filters"
2026-01-14T04:38:04.100785Z  INFO scan_sources: tailwindcss_oxide::scanner: Discovering "D:\\IT SA Zakky\\Projects\\yuri-invent\\contexts"
2026-01-14T04:38:04.101082Z  INFO scan_sources: tailwindcss_oxide::scanner: Discovering "D:\\IT SA Zakky\\Projects\\yuri-invent\\i18n"
2026-01-14T04:38:04.101330Z  INFO scan_sources: tailwindcss_oxide::scanner: Discovering "D:\\IT SA Zakky\\Projects\\yuri-invent\\lib"
2026-01-14T04:38:04.101476Z  INFO scan_sources: tailwindcss_oxide::scanner: Discovering "D:\\IT SA Zakky\\Projects\\yuri-invent\\lib\\auth.ts"
2026-01-14T04:38:04.101774Z  INFO scan_sources: tailwindcss_oxide::scanner: Discovering "D:\\IT SA Zakky\\Projects\\yuri-invent\\messages"
2026-01-14T04:38:04.102383Z  INFO scan_sources: tailwindcss_oxide::scanner: Discovering "D:\\IT SA Zakky\\Projects\\yuri-invent\\prisma"
2026-01-14T04:38:04.102570Z  INFO scan_sources: tailwindcss_oxide::scanner: Discovering "D:\\IT SA Zakky\\Projects\\yuri-invent\\prisma\\migrations"
2026-01-14T04:38:04.102753Z  INFO scan_sources: tailwindcss_oxide::scanner: Discovering "D:\\IT SA Zakky\\Projects\\yuri-invent\\prisma\\migrations\\20260114042538_add_rbac_tables"
2026-01-14T04:38:04.103284Z  INFO scan_sources: tailwindcss_oxide::scanner: Discovering "D:\\IT SA Zakky\\Projects\\yuri-invent\\public"
2026-01-14T04:38:04.103588Z  INFO scan_sources: tailwindcss_oxide::scanner: Discovering "D:\\IT SA Zakky\\Projects\\yuri-invent\\public\\uploads"
2026-01-14T04:38:04.103770Z  INFO scan_sources: tailwindcss_oxide::scanner: Discovering "D:\\IT SA Zakky\\Projects\\yuri-invent\\public\\uploads\\spk-documents"
2026-01-14T04:38:04.104189Z  INFO scan_sources: tailwindcss_oxide::scanner: Discovering "D:\\IT SA Zakky\\Projects\\yuri-invent\\scripts"
2026-01-14T04:38:04.104642Z  INFO scan_sources: tailwindcss_oxide::scanner: exit
2026-01-14T04:38:04.104660Z  INFO extract_candidates: tailwindcss_oxide::scanner: enter
2026-01-14T04:38:04.104667Z  INFO extract_candidates:read_all_files: tailwindcss_oxide::scanner: enter
2026-01-14T04:38:04.104672Z  INFO extract_candidates:read_all_files: tailwindcss_oxide::scanner: Reading 1 file(s)
2026-01-14T04:38:04.104769Z  INFO extract_candidates:read_all_files: tailwindcss_oxide::scanner: Reading "D:\\IT SA Zakky\\Projects\\yuri-invent\\lib\\auth.ts"
2026-01-14T04:38:04.104782Z  INFO extract_candidates:read_all_files: tailwindcss_oxide::scanner: exit
2026-01-14T04:38:04.104788Z  INFO extract_candidates:parse_all_blobs: tailwindcss_oxide::scanner: enter
2026-01-14T04:38:04.104794Z  INFO extract_candidates:parse_all_blobs:extract: tailwindcss_oxide::scanner: enter
2026-01-14T04:38:04.122663Z  INFO extract_candidates:parse_all_blobs:extract: tailwindcss_oxide::scanner: exit
2026-01-14T04:38:04.122709Z  INFO extract_candidates:parse_all_blobs: tailwindcss_oxide::scanner: exit
2026-01-14T04:38:04.137756Z  INFO extract_candidates: tailwindcss_oxide::scanner: exit
2026-01-14T04:38:04.139143Z  INFO get_files: tailwindcss_oxide::scanner: enter
2026-01-14T04:38:04.139180Z  INFO get_files:scan_sources: tailwindcss_oxide::scanner: enter
2026-01-14T04:38:04.141168Z  INFO get_files:scan_sources: tailwindcss_oxide::scanner: Discovering "D:\\IT SA Zakky\\Projects\\yuri-invent\\app"
2026-01-14T04:38:04.141382Z  INFO get_files:scan_sources: tailwindcss_oxide::scanner: Discovering "D:\\IT SA Zakky\\Projects\\yuri-invent\\app\\(auth)"
2026-01-14T04:38:04.141610Z  INFO get_files:scan_sources: tailwindcss_oxide::scanner: Discovering "D:\\IT SA Zakky\\Projects\\yuri-invent\\app\\(auth)\\sign-in"
2026-01-14T04:38:04.141917Z  INFO get_files:scan_sources: tailwindcss_oxide::scanner: Discovering "D:\\IT SA Zakky\\Projects\\yuri-invent\\app\\(dashboard)"
2026-01-14T04:38:04.142219Z  INFO get_files:scan_sources: tailwindcss_oxide::scanner: Discovering "D:\\IT SA Zakky\\Projects\\yuri-invent\\app\\(dashboard)\\dashboard"
2026-01-14T04:38:04.142553Z  INFO get_files:scan_sources: tailwindcss_oxide::scanner: Discovering "D:\\IT SA Zakky\\Projects\\yuri-invent\\app\\(dashboard)\\master"
2026-01-14T04:38:04.142755Z  INFO get_files:scan_sources: tailwindcss_oxide::scanner: Discovering "D:\\IT SA Zakky\\Projects\\yuri-invent\\app\\(dashboard)\\master\\category"
2026-01-14T04:38:04.143162Z  INFO get_files:scan_sources: tailwindcss_oxide::scanner: Discovering "D:\\IT SA Zakky\\Projects\\yuri-invent\\app\\(dashboard)\\master\\items"
2026-01-14T04:38:04.143468Z  INFO get_files:scan_sources: tailwindcss_oxide::scanner: Discovering "D:\\IT SA Zakky\\Projects\\yuri-invent\\app\\(dashboard)\\master\\vendor"
2026-01-14T04:38:04.143912Z  INFO get_files:scan_sources: tailwindcss_oxide::scanner: Discovering "D:\\IT SA Zakky\\Projects\\yuri-invent\\app\\(dashboard)\\master\\vendor\\[id]"
2026-01-14T04:38:04.144256Z  INFO get_files:scan_sources: tailwindcss_oxide::scanner: Discovering "D:\\IT SA Zakky\\Projects\\yuri-invent\\app\\api"
2026-01-14T04:38:04.144444Z  INFO get_files:scan_sources: tailwindcss_oxide::scanner: Discovering "D:\\IT SA Zakky\\Projects\\yuri-invent\\app\\api\\categories"
2026-01-14T04:38:04.144711Z  INFO get_files:scan_sources: tailwindcss_oxide::scanner: Discovering "D:\\IT SA Zakky\\Projects\\yuri-invent\\app\\api\\categories\\[id]"
2026-01-14T04:38:04.144996Z  INFO get_files:scan_sources: tailwindcss_oxide::scanner: Discovering "D:\\IT SA Zakky\\Projects\\yuri-invent\\app\\api\\items"
2026-01-14T04:38:04.145222Z  INFO get_files:scan_sources: tailwindcss_oxide::scanner: Discovering "D:\\IT SA Zakky\\Projects\\yuri-invent\\app\\api\\items\\[id]"
2026-01-14T04:38:04.145531Z  INFO get_files:scan_sources: tailwindcss_oxide::scanner: Discovering "D:\\IT SA Zakky\\Projects\\yuri-invent\\app\\api\\uoms"
2026-01-14T04:38:04.145754Z  INFO get_files:scan_sources: tailwindcss_oxide::scanner: Discovering "D:\\IT SA Zakky\\Projects\\yuri-invent\\app\\api\\uoms\\[id]"
2026-01-14T04:38:04.146030Z  INFO get_files:scan_sources: tailwindcss_oxide::scanner: Discovering "D:\\IT SA Zakky\\Projects\\yuri-invent\\app\\api\\upload"
2026-01-14T04:38:04.146288Z  INFO get_files:scan_sources: tailwindcss_oxide::scanner: Discovering "D:\\IT SA Zakky\\Projects\\yuri-invent\\app\\api\\vendors"
2026-01-14T04:38:04.146512Z  INFO get_files:scan_sources: tailwindcss_oxide::scanner: Discovering "D:\\IT SA Zakky\\Projects\\yuri-invent\\app\\api\\vendors\\[id]"
2026-01-14T04:38:04.146698Z  INFO get_files:scan_sources: tailwindcss_oxide::scanner: Discovering "D:\\IT SA Zakky\\Projects\\yuri-invent\\app\\api\\vendors\\[id]\\items"
2026-01-14T04:38:04.146936Z  INFO get_files:scan_sources: tailwindcss_oxide::scanner: Discovering "D:\\IT SA Zakky\\Projects\\yuri-invent\\app\\api\\vendors\\[id]\\items\\[itemId]"
2026-01-14T04:38:04.147352Z  INFO get_files:scan_sources: tailwindcss_oxide::scanner: Discovering "D:\\IT SA Zakky\\Projects\\yuri-invent\\app\\generated"
2026-01-14T04:38:04.147833Z  INFO get_files:scan_sources: tailwindcss_oxide::scanner: Discovering "D:\\IT SA Zakky\\Projects\\yuri-invent\\components"
2026-01-14T04:38:04.148005Z  INFO get_files:scan_sources: tailwindcss_oxide::scanner: Discovering "D:\\IT SA Zakky\\Projects\\yuri-invent\\components\\layout"
2026-01-14T04:38:04.148237Z  INFO get_files:scan_sources: tailwindcss_oxide::scanner: Discovering "D:\\IT SA Zakky\\Projects\\yuri-invent\\components\\ui"
2026-01-14T04:38:04.148599Z  INFO get_files:scan_sources: tailwindcss_oxide::scanner: Discovering "D:\\IT SA Zakky\\Projects\\yuri-invent\\components\\ui\\filters"
2026-01-14T04:38:04.149621Z  INFO get_files:scan_sources: tailwindcss_oxide::scanner: Discovering "D:\\IT SA Zakky\\Projects\\yuri-invent\\contexts"
2026-01-14T04:38:04.149953Z  INFO get_files:scan_sources: tailwindcss_oxide::scanner: Discovering "D:\\IT SA Zakky\\Projects\\yuri-invent\\i18n"
2026-01-14T04:38:04.150194Z  INFO get_files:scan_sources: tailwindcss_oxide::scanner: Discovering "D:\\IT SA Zakky\\Projects\\yuri-invent\\lib"
2026-01-14T04:38:04.150570Z  INFO get_files:scan_sources: tailwindcss_oxide::scanner: Discovering "D:\\IT SA Zakky\\Projects\\yuri-invent\\messages"
2026-01-14T04:38:04.151245Z  INFO get_files:scan_sources: tailwindcss_oxide::scanner: Discovering "D:\\IT SA Zakky\\Projects\\yuri-invent\\prisma"
2026-01-14T04:38:04.151446Z  INFO get_files:scan_sources: tailwindcss_oxide::scanner: Discovering "D:\\IT SA Zakky\\Projects\\yuri-invent\\prisma\\migrations"
2026-01-14T04:38:04.151646Z  INFO get_files:scan_sources: tailwindcss_oxide::scanner: Discovering "D:\\IT SA Zakky\\Projects\\yuri-invent\\prisma\\migrations\\20260114042538_add_rbac_tables"
2026-01-14T04:38:04.152257Z  INFO get_files:scan_sources: tailwindcss_oxide::scanner: Discovering "D:\\IT SA Zakky\\Projects\\yuri-invent\\public"
2026-01-14T04:38:04.152543Z  INFO get_files:scan_sources: tailwindcss_oxide::scanner: Discovering "D:\\IT SA Zakky\\Projects\\yuri-invent\\public\\uploads"
2026-01-14T04:38:04.152729Z  INFO get_files:scan_sources: tailwindcss_oxide::scanner: Discovering "D:\\IT SA Zakky\\Projects\\yuri-invent\\public\\uploads\\spk-documents"
2026-01-14T04:38:04.153202Z  INFO get_files:scan_sources: tailwindcss_oxide::scanner: Discovering "D:\\IT SA Zakky\\Projects\\yuri-invent\\scripts"
2026-01-14T04:38:04.153830Z  INFO get_files:scan_sources: tailwindcss_oxide::scanner: exit
2026-01-14T04:38:04.153951Z  INFO get_files: tailwindcss_oxide::scanner: exit
2026-01-14T04:38:04.154278Z  INFO get_globs: tailwindcss_oxide::scanner: enter
2026-01-14T04:38:04.154303Z  INFO get_globs: tailwindcss_oxide::scanner: exit
